TN:
SF:lib/core/config/app_config.dart
FNF:0
FNH:0
DA:5,0
DA:12,4
DA:15,2
DA:18,2
DA:21,4
DA:24,4
DA:27,4
LF:7
LH:6
end_of_record
TN:
SF:lib/core/constants/api_constants.dart
FNF:0
FNH:0
DA:2,0
DA:9,3
DA:11,3
DA:16,3
DA:25,9
DA:28,1
DA:29,2
DA:30,2
DA:31,3
LF:9
LH:8
end_of_record
TN:
SF:lib/core/constants/app_constants.dart
FNF:0
FNH:0
DA:2,0
LF:1
LH:0
end_of_record
TN:
SF:lib/core/errors/exceptions.dart
FNF:0
FNH:0
DA:5,7
DA:10,1
DA:11,3
DA:17,3
DA:19,1
DA:20,2
DA:26,79
DA:28,1
DA:29,2
DA:36,18
DA:41,1
DA:42,3
DA:57,3
DA:62,1
DA:63,2
LF:15
LH:15
end_of_record
TN:
SF:lib/core/errors/failures.dart
FNF:0
FNH:0
DA:6,3
DA:8,1
DA:9,2
DA:15,3
DA:20,1
DA:21,3
DA:25,2
DA:29,2
DA:33,2
DA:39,2
DA:44,1
DA:45,3
LF:12
LH:12
end_of_record
TN:
SF:lib/core/network/auth_interceptor.dart
FNF:0
FNH:0
DA:13,2
DA:15,4
DA:16,2
DA:17,2
DA:21,2
DA:29,1
DA:35,2
DA:36,2
DA:37,2
DA:40,2
DA:42,3
DA:46,1
DA:49,1
DA:51,3
DA:53,2
DA:56,1
DA:59,0
DA:60,0
DA:61,0
DA:65,0
DA:66,0
DA:69,0
DA:70,0
DA:74,0
DA:79,1
DA:82,1
DA:85,2
DA:87,1
DA:90,0
DA:91,0
DA:92,0
DA:93,0
LF:32
LH:20
end_of_record
TN:
SF:lib/core/network/dio_client.dart
FNF:0
FNH:0
DA:12,1
DA:13,2
DA:14,1
DA:15,1
DA:19,1
DA:26,4
DA:29,3
DA:30,1
DA:31,1
DA:32,1
DA:33,1
DA:40,2
DA:42,0
DA:47,0
DA:54,0
DA:60,0
DA:68,0
DA:74,0
DA:82,0
DA:88,0
DA:96,0
DA:102,0
LF:22
LH:12
end_of_record
TN:
SF:lib/core/router/app_router.dart
FNF:0
FNH:0
DA:39,0
DA:146,0
DA:147,0
LF:3
LH:0
end_of_record
TN:
SF:lib/core/theme/app_colors.dart
FNF:0
FNH:0
DA:4,0
LF:1
LH:0
end_of_record
TN:
SF:lib/core/theme/app_theme.dart
FNF:0
FNH:0
DA:5,0
DA:7,1
DA:8,1
DA:25,1
DA:28,1
DA:29,1
DA:32,1
DA:33,1
DA:37,1
DA:38,1
DA:42,1
DA:43,1
DA:46,1
DA:47,1
DA:52,1
DA:53,1
DA:57,1
DA:60,1
DA:61,1
DA:64,1
DA:65,1
DA:68,1
DA:69,1
DA:72,1
DA:73,1
DA:88,1
DA:89,1
DA:106,1
DA:109,1
DA:110,1
DA:113,1
DA:114,1
DA:118,1
DA:119,1
DA:123,1
DA:124,1
DA:127,1
DA:128,1
DA:133,1
DA:134,1
DA:138,1
DA:141,1
DA:142,1
DA:145,1
DA:146,1
DA:149,1
DA:150,1
DA:153,1
DA:154,1
LF:49
LH:48
end_of_record
TN:
SF:lib/core/utils/date_utils.dart
FNF:0
FNH:0
DA:4,0
DA:6,1
DA:7,1
DA:8,4
DA:9,4
DA:11,1
DA:12,2
DA:15,1
DA:16,1
DA:17,3
DA:20,3
DA:21,2
DA:24,2
DA:27,2
DA:28,2
DA:29,8
DA:30,8
DA:32,2
DA:33,4
DA:36,1
DA:37,1
DA:41,1
DA:42,1
DA:43,2
DA:46,3
DA:47,2
DA:50,2
DA:53,1
DA:54,2
DA:57,1
DA:58,3
DA:59,3
DA:60,3
LF:33
LH:32
end_of_record
TN:
SF:lib/core/utils/error_message_mapper.dart
FNF:0
FNH:0
DA:6,2
DA:7,2
DA:8,1
DA:11,2
DA:12,1
DA:15,2
DA:16,1
DA:19,2
DA:23,2
DA:24,1
DA:31,1
DA:32,1
DA:33,1
DA:35,1
DA:37,1
DA:39,1
DA:41,1
DA:42,2
DA:43,1
DA:48,1
DA:50,4
DA:51,1
DA:54,1
DA:58,1
DA:60,1
DA:62,1
DA:64,1
DA:66,1
DA:67,1
DA:68,1
LF:30
LH:30
end_of_record
TN:
SF:lib/core/utils/exception_to_failure_mapper.dart
FNF:0
FNH:0
DA:7,2
DA:8,2
DA:9,2
DA:10,2
DA:11,2
DA:15,1
DA:16,2
DA:19,1
DA:20,2
DA:23,1
DA:24,2
DA:27,1
DA:28,1
DA:29,1
DA:30,1
DA:35,1
DA:36,1
LF:17
LH:17
end_of_record
TN:
SF:lib/core/utils/validators.dart
FNF:0
FNH:0
DA:4,0
DA:6,3
DA:7,3
DA:11,3
DA:15,3
DA:22,3
DA:23,3
DA:27,6
DA:31,6
DA:38,2
DA:39,2
DA:43,2
DA:50,2
DA:51,2
DA:55,4
DA:59,4
DA:66,1
DA:67,1
DA:68,1
DA:74,3
DA:75,3
DA:77,3
DA:78,3
LF:23
LH:22
end_of_record
TN:
SF:lib/data/datasources/local/auth_local_datasource.dart
FNF:0
FNH:0
DA:23,1
DA:25,1
DA:30,2
DA:31,2
DA:35,2
DA:42,1
DA:44,2
DA:47,1
DA:49,2
DA:52,1
DA:54,2
DA:55,2
DA:56,2
DA:57,2
DA:58,2
DA:62,1
DA:64,2
DA:66,1
DA:70,1
DA:73,2
DA:78,1
DA:83,2
DA:94,1
DA:96,2
DA:102,1
DA:104,2
LF:26
LH:26
end_of_record
TN:
SF:lib/data/datasources/remote/auth_remote_datasource.dart
FNF:0
FNH:0
DA:21,1
DA:23,1
DA:26,2
DA:28,1
DA:30,2
DA:31,1
DA:32,1
DA:36,1
DA:39,2
DA:41,1
DA:43,2
DA:44,1
DA:45,1
DA:49,1
DA:52,2
DA:54,2
DA:56,2
DA:57,1
DA:58,1
DA:62,1
DA:65,2
DA:67,1
DA:69,1
DA:70,1
DA:74,1
DA:77,2
DA:78,2
DA:79,1
DA:80,1
DA:84,1
DA:85,1
DA:86,2
DA:87,2
DA:88,1
DA:90,1
DA:91,1
DA:97,1
DA:103,2
DA:104,2
LF:39
LH:39
end_of_record
TN:
SF:lib/data/datasources/remote/chat_remote_datasource.dart
FNF:0
FNH:0
DA:30,1
DA:32,1
DA:35,2
DA:37,1
DA:39,2
DA:40,4
DA:41,1
DA:42,1
DA:46,1
DA:49,2
DA:51,2
DA:53,2
DA:54,1
DA:55,1
DA:59,1
DA:65,2
DA:67,2
DA:69,2
DA:70,1
DA:71,1
DA:75,1
DA:78,2
DA:79,1
DA:80,1
DA:82,1
DA:83,1
DA:87,1
DA:90,2
DA:91,1
DA:92,1
DA:94,1
DA:95,1
DA:99,1
DA:107,1
DA:108,1
DA:109,1
DA:111,2
DA:112,1
DA:115,2
DA:116,1
DA:117,1
DA:121,1
DA:124,2
DA:126,1
DA:128,2
DA:129,1
DA:130,1
DA:134,1
DA:141,2
DA:142,1
DA:143,1
DA:145,2
DA:146,1
DA:147,1
DA:151,1
DA:154,2
DA:155,1
DA:156,1
DA:158,1
DA:159,1
DA:163,1
DA:164,1
DA:165,2
DA:166,1
DA:167,2
DA:168,2
LF:66
LH:66
end_of_record
TN:
SF:lib/data/datasources/remote/friend_remote_datasource.dart
FNF:0
FNH:0
DA:22,1
DA:24,1
DA:27,2
DA:29,1
DA:31,2
DA:32,4
DA:33,1
DA:34,1
DA:38,1
DA:41,2
DA:43,1
DA:46,1
DA:48,1
DA:49,1
DA:53,1
DA:56,2
DA:57,1
DA:58,1
DA:60,1
DA:61,1
DA:65,1
DA:68,2
DA:69,1
DA:70,1
DA:72,0
DA:73,0
DA:77,1
DA:80,2
DA:81,1
DA:82,1
DA:84,1
DA:85,1
DA:89,1
DA:92,2
DA:94,1
DA:96,1
DA:98,1
DA:100,2
DA:101,1
DA:103,0
DA:105,4
DA:106,0
DA:107,0
DA:111,1
DA:112,1
DA:113,2
DA:114,1
DA:115,1
DA:116,2
LF:49
LH:44
end_of_record
TN:
SF:lib/data/models/auth_models.dart
FNF:0
FNH:0
DA:12,5
DA:18,1
DA:19,1
DA:21,4
DA:29,4
DA:34,2
DA:35,2
DA:37,2
DA:45,5
DA:50,1
DA:51,1
DA:53,4
DA:63,4
DA:70,2
DA:71,2
DA:73,2
DA:75,2
DA:76,2
DA:77,2
DA:78,2
DA:79,2
DA:80,2
DA:89,3
DA:91,1
DA:92,1
DA:94,4
LF:26
LH:26
end_of_record
TN:
SF:lib/data/models/chat_room_model.dart
FNF:0
FNH:0
DA:20,3
DA:32,2
DA:33,2
DA:35,0
DA:37,2
DA:38,2
DA:39,2
DA:40,2
DA:41,4
DA:42,2
DA:43,9
DA:44,3
DA:45,2
DA:46,2
DA:47,2
DA:51,2
DA:52,2
DA:53,2
DA:68,2
DA:75,2
DA:76,2
DA:78,0
DA:80,1
DA:81,1
DA:82,1
DA:83,2
DA:84,1
DA:85,1
DA:95,3
DA:100,1
DA:101,1
DA:103,4
DA:111,3
DA:116,1
DA:117,1
DA:119,4
DA:126,1
DA:128,1
DA:129,1
DA:131,2
LF:40
LH:38
end_of_record
TN:
SF:lib/data/models/friend_model.dart
FNF:0
FNH:0
DA:13,3
DA:19,2
DA:20,2
DA:22,2
DA:24,2
DA:25,2
DA:26,2
DA:27,4
DA:28,2
DA:41,1
DA:49,1
DA:50,1
DA:52,2
DA:54,1
DA:55,1
DA:56,1
DA:57,2
DA:58,2
DA:59,2
DA:60,1
DA:64,1
DA:65,1
DA:66,1
DA:68,1
DA:81,3
DA:86,1
DA:87,1
DA:89,4
DA:96,1
DA:98,1
DA:99,1
DA:101,2
LF:32
LH:32
end_of_record
TN:
SF:lib/data/models/message_model.dart
FNF:0
FNH:0
DA:28,4
DA:50,3
DA:51,3
DA:53,0
DA:55,3
DA:56,3
DA:57,3
DA:58,3
DA:59,3
DA:60,3
DA:61,3
DA:62,3
DA:63,6
DA:64,3
DA:65,3
DA:66,3
DA:67,3
DA:68,3
DA:69,3
DA:70,4
DA:71,3
DA:72,3
DA:73,3
DA:74,3
DA:75,10
DA:79,3
DA:80,3
DA:81,3
DA:83,3
DA:99,2
DA:107,1
DA:108,1
DA:110,0
DA:112,1
DA:113,1
DA:114,1
DA:115,1
DA:116,1
DA:117,1
DA:118,1
DA:129,5
DA:135,1
DA:136,1
DA:138,4
DA:147,3
DA:153,2
DA:154,2
DA:156,2
LF:48
LH:46
end_of_record
TN:
SF:lib/data/models/user_model.dart
FNF:0
FNH:0
DA:18,8
DA:30,6
DA:31,6
DA:33,2
DA:35,5
DA:36,5
DA:37,5
DA:38,5
DA:39,5
DA:40,5
DA:41,10
DA:42,10
DA:43,10
DA:44,5
DA:45,5
DA:49,5
DA:50,1
DA:51,5
DA:53,5
DA:55,5
DA:62,5
DA:63,1
DA:64,5
DA:71,5
DA:72,1
DA:73,5
DA:75,5
LF:27
LH:27
end_of_record
TN:
SF:lib/data/repositories/auth_repository_impl.dart
FNF:0
FNH:0
DA:16,1
DA:18,1
DA:24,2
DA:25,1
DA:27,1
DA:30,1
DA:35,2
DA:36,1
DA:39,2
DA:40,1
DA:41,1
DA:44,2
DA:46,1
DA:49,1
DA:51,2
DA:60,2
DA:62,2
DA:63,1
DA:64,1
DA:67,1
DA:70,1
DA:74,1
DA:76,2
DA:79,2
DA:84,2
DA:87,1
DA:89,2
DA:93,1
DA:96,2
DA:97,3
DA:98,1
DA:106,1
DA:108,2
LF:33
LH:33
end_of_record
TN:
SF:lib/data/repositories/chat_repository_impl.dart
FNF:0
FNH:0
DA:14,1
DA:16,1
DA:17,2
DA:19,1
DA:24,1
DA:26,1
DA:27,2
DA:28,4
DA:31,1
DA:33,1
DA:34,2
DA:38,1
DA:41,1
DA:43,2
DA:47,1
DA:50,1
DA:52,1
DA:53,2
DA:56,1
DA:58,1
DA:59,2
DA:62,1
DA:68,1
DA:69,2
DA:76,5
DA:77,1
DA:78,1
DA:82,1
DA:84,1
DA:85,2
DA:86,1
DA:92,1
DA:95,1
DA:97,1
DA:98,2
DA:103,1
DA:106,1
DA:108,1
DA:109,2
LF:39
LH:39
end_of_record
TN:
SF:lib/data/repositories/friend_repository_impl.dart
FNF:0
FNH:0
DA:13,1
DA:15,1
DA:16,2
DA:18,1
DA:23,1
DA:25,1
DA:26,2
DA:27,4
DA:30,1
DA:32,1
DA:33,2
DA:36,1
DA:38,1
DA:39,2
DA:42,1
DA:44,1
DA:45,2
DA:48,1
DA:50,1
DA:51,2
DA:54,1
DA:56,2
DA:57,4
LF:23
LH:23
end_of_record
TN:
SF:lib/domain/entities/auth_token.dart
FNF:0
FNH:0
DA:9,7
DA:16,1
DA:17,5
LF:3
LH:3
end_of_record
TN:
SF:lib/domain/entities/chat_room.dart
FNF:0
FNH:0
DA:18,6
DA:30,2
DA:31,6
DA:32,2
DA:34,8
DA:35,8
DA:37,6
DA:40,1
DA:51,1
DA:52,1
DA:53,0
DA:54,1
DA:55,1
DA:56,1
DA:57,1
DA:58,1
DA:59,1
DA:60,1
DA:64,2
DA:65,2
DA:66,2
DA:67,2
DA:68,2
DA:69,2
DA:70,2
DA:71,2
DA:72,2
DA:73,2
DA:74,2
DA:84,4
DA:91,2
DA:92,10
LF:32
LH:31
end_of_record
TN:
SF:lib/domain/entities/friend.dart
FNF:0
FNH:0
DA:9,6
DA:15,2
DA:16,8
DA:28,2
DA:36,1
DA:37,6
LF:6
LH:6
end_of_record
TN:
SF:lib/domain/entities/message.dart
FNF:0
FNH:0
DA:26,9
DA:48,5
DA:50,2
DA:51,2
DA:54,2
DA:57,2
DA:78,2
DA:79,2
DA:80,2
DA:81,2
DA:82,2
DA:83,2
DA:84,1
DA:85,2
DA:86,2
DA:87,2
DA:88,2
DA:89,2
DA:90,2
DA:91,2
DA:92,2
DA:93,2
DA:94,1
DA:95,2
DA:96,2
DA:97,2
DA:101,2
DA:102,2
DA:103,2
DA:104,2
DA:105,2
DA:106,2
DA:107,2
DA:108,2
DA:109,2
DA:110,2
DA:111,2
DA:112,2
DA:113,2
DA:114,2
DA:115,2
DA:116,2
DA:117,2
DA:118,2
DA:119,2
DA:120,2
DA:121,2
DA:132,2
DA:140,0
DA:141,0
LF:50
LH:48
end_of_record
TN:
SF:lib/domain/entities/user.dart
FNF:0
FNH:0
DA:20,18
DA:32,1
DA:43,1
DA:44,1
DA:45,1
DA:46,0
DA:47,1
DA:48,1
DA:49,1
DA:50,1
DA:51,1
DA:52,1
DA:56,4
DA:57,4
DA:58,4
DA:59,4
DA:60,4
DA:61,4
DA:62,4
DA:63,4
DA:64,4
DA:65,4
DA:66,4
LF:23
LH:22
end_of_record
TN:
SF:lib/presentation/blocs/auth/auth_bloc.dart
FNF:0
FNH:0
DA:13,2
DA:14,2
DA:15,2
DA:16,2
DA:17,2
DA:20,1
DA:24,1
DA:27,2
DA:29,2
DA:31,2
DA:33,1
DA:36,1
DA:40,1
DA:41,2
DA:45,1
DA:49,1
DA:52,2
DA:53,1
DA:54,1
DA:57,2
DA:59,2
DA:63,2
DA:64,1
DA:66,1
DA:67,3
DA:69,2
DA:72,1
DA:73,2
DA:77,1
DA:81,1
DA:84,2
DA:85,1
DA:86,1
DA:87,1
DA:91,2
DA:92,1
DA:93,1
DA:96,2
DA:98,2
DA:102,2
DA:103,1
DA:105,1
DA:106,1
DA:108,2
DA:111,1
DA:112,2
DA:116,1
DA:120,1
DA:123,2
DA:124,1
DA:126,1
DA:127,2
LF:52
LH:52
end_of_record
TN:
SF:lib/presentation/blocs/auth/auth_event.dart
FNF:0
FNH:0
DA:4,21
DA:6,1
DA:7,1
DA:11,10
DA:18,4
DA:23,2
DA:24,6
DA:32,4
DA:38,2
DA:39,8
DA:43,9
LF:11
LH:11
end_of_record
TN:
SF:lib/presentation/blocs/auth/auth_state.dart
FNF:0
FNH:0
DA:17,20
DA:23,15
DA:25,13
DA:27,3
DA:28,3
DA:30,11
DA:32,3
DA:33,1
DA:35,1
DA:40,1
DA:41,0
DA:42,1
DA:43,1
DA:47,2
DA:48,8
LF:15
LH:14
end_of_record
TN:
SF:lib/presentation/blocs/chat/chat_list_bloc.dart
FNF:0
FNH:0
DA:11,2
DA:12,2
DA:13,2
DA:14,2
DA:15,2
DA:18,1
DA:22,3
DA:25,2
DA:26,3
DA:31,3
DA:33,1
DA:38,1
DA:43,2
DA:44,3
DA:49,0
DA:51,0
DA:56,1
DA:61,3
DA:62,1
DA:64,3
DA:66,1
DA:71,1
DA:76,4
DA:77,1
DA:79,0
DA:81,0
LF:26
LH:22
end_of_record
TN:
SF:lib/presentation/blocs/chat/chat_list_event.dart
FNF:0
FNH:0
DA:4,20
DA:6,1
DA:7,1
DA:11,11
DA:15,19
DA:21,2
DA:23,1
DA:24,2
DA:31,2
DA:33,1
DA:34,3
LF:11
LH:11
end_of_record
TN:
SF:lib/presentation/blocs/chat/chat_list_state.dart
FNF:0
FNH:0
DA:11,15
DA:17,2
DA:22,2
DA:23,0
DA:24,2
DA:25,2
DA:29,1
DA:30,4
LF:8
LH:7
end_of_record
TN:
SF:lib/presentation/blocs/chat/chat_room_bloc.dart
FNF:0
FNH:0
DA:12,2
DA:13,2
DA:14,2
DA:15,2
DA:16,2
DA:17,2
DA:18,2
DA:21,1
DA:25,3
DA:27,1
DA:28,1
DA:32,2
DA:33,1
DA:37,3
DA:39,3
DA:46,3
DA:48,1
DA:53,1
DA:57,1
DA:60,1
DA:64,6
DA:69,2
DA:70,2
DA:72,2
DA:75,3
DA:76,4
DA:81,0
DA:85,1
DA:89,2
DA:91,3
DA:94,2
DA:95,2
DA:96,1
DA:99,3
DA:101,3
DA:104,3
DA:106,1
DA:111,1
DA:115,5
DA:118,8
DA:120,3
DA:121,4
DA:125,1
DA:130,3
DA:132,4
DA:133,3
DA:134,1
DA:137,1
DA:139,3
DA:141,0
LF:50
LH:48
end_of_record
TN:
SF:lib/presentation/blocs/chat/chat_room_event.dart
FNF:0
FNH:0
DA:5,12
DA:7,2
DA:8,2
DA:14,3
DA:16,2
DA:17,4
DA:21,10
DA:25,10
DA:31,3
DA:33,2
DA:34,4
DA:40,2
DA:42,1
DA:43,2
DA:49,2
DA:51,1
DA:52,2
LF:17
LH:17
end_of_record
TN:
SF:lib/presentation/blocs/chat/chat_room_state.dart
FNF:0
FNH:0
DA:15,14
DA:25,3
DA:34,3
DA:35,2
DA:36,2
DA:37,3
DA:38,3
DA:39,3
DA:40,3
DA:41,3
DA:45,2
DA:46,2
DA:47,2
DA:48,2
DA:49,2
DA:50,2
DA:51,2
DA:52,2
DA:53,2
LF:19
LH:19
end_of_record
TN:
SF:lib/presentation/blocs/friend/friend_bloc.dart
FNF:0
FNH:0
DA:11,2
DA:12,2
DA:13,2
DA:14,2
DA:15,2
DA:16,2
DA:17,2
DA:20,1
DA:24,3
DA:27,2
DA:28,3
DA:33,3
DA:35,1
DA:40,1
DA:45,3
DA:47,4
DA:51,1
DA:56,3
DA:57,1
DA:59,0
DA:63,1
DA:68,3
DA:70,0
DA:74,1
DA:79,3
DA:80,2
DA:81,6
DA:82,1
DA:83,3
DA:85,0
DA:89,1
DA:93,2
DA:94,4
DA:98,3
DA:101,3
DA:102,3
DA:107,3
DA:109,1
LF:38
LH:35
end_of_record
TN:
SF:lib/presentation/blocs/friend/friend_event.dart
FNF:0
FNH:0
DA:4,18
DA:6,1
DA:7,1
DA:11,18
DA:17,2
DA:19,1
DA:20,2
DA:26,2
DA:28,1
DA:29,2
DA:35,2
DA:37,1
DA:38,2
DA:44,2
DA:46,1
DA:47,2
DA:53,2
DA:55,1
DA:56,2
LF:19
LH:19
end_of_record
TN:
SF:lib/presentation/blocs/friend/friend_state.dart
FNF:0
FNH:0
DA:14,14
DA:22,2
DA:29,2
DA:30,2
DA:31,2
DA:32,2
DA:33,2
DA:34,2
DA:38,2
DA:39,2
DA:40,2
DA:41,2
DA:42,2
DA:43,2
DA:44,2
LF:15
LH:15
end_of_record
TN:
SF:lib/presentation/pages/auth/login_page.dart
FNF:0
FNH:0
DA:12,8
DA:14,1
DA:15,1
DA:25,1
DA:27,1
DA:28,3
DA:31,1
DA:33,3
DA:34,2
DA:35,2
DA:36,1
DA:39,1
DA:40,3
DA:41,2
DA:42,2
DA:43,1
DA:48,1
DA:49,3
DA:50,3
DA:51,1
DA:52,3
DA:53,2
DA:59,1
DA:61,1
DA:62,1
DA:63,1
DA:64,3
DA:65,2
DA:66,0
DA:67,0
DA:68,2
DA:69,2
DA:70,1
DA:71,2
DA:77,1
DA:78,1
DA:79,1
DA:80,1
DA:82,1
DA:84,1
DA:85,1
DA:86,1
DA:89,1
DA:96,1
DA:98,4
DA:105,1
DA:106,1
DA:116,1
DA:117,1
DA:118,1
DA:121,1
DA:122,1
DA:123,1
DA:127,1
DA:128,2
DA:129,2
DA:134,1
DA:137,0
DA:139,1
DA:140,1
DA:142,1
DA:143,1
DA:144,1
DA:147,1
DA:150,1
DA:152,1
DA:154,1
DA:160,1
DA:161,1
DA:163,1
DA:164,2
DA:166,1
DA:167,2
DA:179,1
DA:180,1
DA:181,0
LF:76
LH:72
end_of_record
TN:
SF:lib/presentation/pages/auth/signup_page.dart
FNF:0
FNH:0
DA:12,8
DA:14,1
DA:15,1
DA:28,1
DA:30,1
DA:31,3
DA:32,3
DA:35,1
DA:37,3
DA:38,3
DA:39,2
DA:40,2
DA:41,2
DA:42,2
DA:43,1
DA:46,1
DA:47,3
DA:48,3
DA:49,2
DA:50,2
DA:51,1
DA:56,1
DA:57,3
DA:58,3
DA:59,1
DA:60,3
DA:61,2
DA:62,3
DA:68,1
DA:70,1
DA:71,1
DA:73,1
DA:75,0
DA:78,1
DA:79,1
DA:80,2
DA:82,0
DA:83,2
DA:84,2
DA:85,1
DA:86,2
DA:92,1
DA:93,1
DA:94,1
DA:95,1
DA:97,1
DA:99,1
DA:100,1
DA:101,1
DA:103,1
DA:104,1
DA:105,1
DA:115,1
DA:116,1
DA:125,1
DA:126,1
DA:127,1
DA:130,1
DA:131,1
DA:132,1
DA:136,1
DA:137,2
DA:138,2
DA:143,1
DA:148,1
DA:149,1
DA:150,1
DA:153,1
DA:154,1
DA:155,1
DA:159,0
DA:160,0
DA:161,0
DA:162,0
DA:167,1
DA:169,2
DA:171,2
DA:173,0
DA:175,1
DA:176,1
DA:178,1
DA:179,1
DA:180,1
DA:183,1
DA:186,1
DA:188,1
DA:190,1
DA:196,1
DA:197,1
DA:199,1
DA:200,2
DA:202,1
DA:203,2
LF:93
LH:86
end_of_record
TN:
SF:lib/presentation/pages/chat/chat_list_page.dart
FNF:0
FNH:0
DA:12,8
DA:14,1
DA:15,1
DA:19,1
DA:21,1
DA:22,3
DA:25,1
DA:27,1
DA:28,1
DA:30,1
DA:31,1
DA:33,0
DA:39,1
DA:40,1
DA:41,2
DA:42,2
DA:46,2
DA:47,1
DA:48,1
DA:50,1
DA:51,1
DA:53,1
DA:56,1
DA:57,1
DA:59,1
DA:60,1
DA:69,2
DA:75,1
DA:76,0
DA:78,0
DA:79,0
DA:81,1
DA:82,2
DA:83,0
DA:84,1
DA:85,2
DA:86,1
DA:99,1
DA:101,1
DA:103,1
DA:104,0
DA:105,1
DA:107,3
DA:109,1
DA:110,3
DA:111,4
DA:119,1
DA:120,1
DA:121,1
DA:122,1
DA:123,2
DA:129,2
DA:130,1
DA:131,4
DA:132,4
DA:138,1
DA:139,1
DA:140,1
DA:141,1
DA:142,3
DA:145,1
DA:148,3
DA:149,1
DA:151,1
DA:153,1
DA:155,1
DA:156,6
LF:67
LH:61
end_of_record
TN:
SF:lib/presentation/pages/chat/chat_room_page.dart
FNF:0
FNH:0
DA:14,0
DA:16,0
DA:17,0
DA:24,0
DA:26,0
DA:27,0
DA:29,0
DA:32,0
DA:34,0
DA:35,0
DA:36,0
DA:37,0
DA:38,0
DA:40,0
DA:43,0
DA:44,0
DA:45,0
DA:46,0
DA:50,0
DA:51,0
DA:52,0
DA:54,0
DA:55,0
DA:58,0
DA:60,0
DA:62,0
DA:63,0
DA:65,0
DA:66,0
DA:68,0
DA:74,0
DA:75,0
DA:76,0
DA:77,0
DA:78,0
DA:79,0
DA:83,0
DA:89,0
DA:90,0
DA:93,0
DA:94,0
DA:95,0
DA:96,0
DA:98,0
DA:99,0
DA:100,0
DA:101,0
DA:104,0
DA:105,0
DA:106,0
DA:107,0
DA:115,0
DA:116,0
DA:117,0
DA:128,0
DA:130,0
DA:132,0
DA:134,0
DA:135,0
DA:137,0
DA:139,0
DA:141,0
DA:142,0
DA:143,0
DA:155,0
DA:160,0
DA:162,0
DA:164,0
DA:166,0
DA:168,0
DA:169,0
DA:170,0
DA:173,0
DA:174,0
DA:175,0
DA:186,0
DA:187,0
DA:188,0
DA:189,0
DA:193,0
DA:194,0
DA:195,0
DA:197,0
DA:198,0
DA:201,0
DA:204,0
DA:205,0
DA:208,0
DA:209,0
DA:210,0
DA:211,0
DA:216,0
DA:217,0
DA:218,0
DA:219,0
DA:220,0
DA:234,0
DA:239,0
DA:241,0
DA:243,0
DA:244,0
DA:245,0
DA:246,0
DA:247,0
DA:253,0
DA:254,0
DA:255,0
DA:256,0
DA:258,0
DA:262,0
DA:263,0
DA:264,0
DA:265,0
DA:269,0
DA:270,0
DA:281,0
DA:285,0
DA:286,0
DA:287,0
DA:288,0
DA:298,0
LF:121
LH:0
end_of_record
TN:
SF:lib/presentation/pages/error/error_page.dart
FNF:0
FNH:0
DA:8,8
DA:13,1
DA:15,1
DA:16,1
DA:19,1
DA:20,1
DA:22,1
DA:24,1
DA:31,1
DA:32,1
DA:33,3
DA:37,1
DA:38,0
LF:13
LH:12
end_of_record
TN:
SF:lib/presentation/pages/friends/friend_list_page.dart
FNF:0
FNH:0
DA:10,8
DA:12,1
DA:13,1
DA:17,1
DA:19,1
DA:20,3
DA:23,1
DA:25,1
DA:26,1
DA:28,1
DA:29,1
DA:31,2
DA:35,1
DA:36,1
DA:37,4
DA:41,2
DA:42,1
DA:43,1
DA:45,1
DA:46,1
DA:48,1
DA:51,1
DA:52,1
DA:54,1
DA:55,1
DA:64,2
DA:70,1
DA:71,2
DA:72,0
DA:73,1
DA:74,2
DA:75,1
DA:83,1
DA:84,1
DA:86,1
DA:89,1
DA:90,1
DA:91,1
DA:92,1
DA:97,1
DA:98,1
DA:99,1
DA:100,3
DA:102,1
DA:103,1
DA:104,1
DA:106,1
DA:108,1
DA:111,1
DA:112,1
DA:115,0
DA:117,0
DA:118,0
DA:122,1
DA:123,1
DA:124,1
DA:125,1
DA:131,2
DA:137,1
DA:139,2
DA:140,1
DA:141,2
DA:142,1
DA:143,1
DA:145,1
DA:146,2
DA:147,3
DA:152,2
DA:153,2
DA:154,1
DA:156,0
DA:158,0
DA:159,0
DA:160,0
DA:161,0
DA:188,1
DA:190,1
DA:192,1
DA:193,1
DA:194,1
DA:195,1
DA:197,3
DA:198,0
DA:200,3
DA:201,1
DA:202,4
DA:203,5
DA:212,1
DA:215,1
DA:218,1
DA:219,4
DA:221,1
DA:227,1
DA:228,3
DA:231,1
DA:232,4
DA:233,1
DA:238,1
DA:239,2
DA:261,1
DA:262,1
DA:264,1
DA:265,1
DA:272,1
DA:273,1
DA:274,1
DA:276,1
DA:283,1
DA:284,1
DA:285,1
DA:287,1
DA:294,1
DA:295,1
DA:297,2
DA:299,5
DA:300,1
DA:301,1
DA:302,0
DA:305,1
DA:306,0
DA:307,0
DA:308,0
DA:310,1
LF:123
LH:109
end_of_record
TN:
SF:lib/presentation/pages/main/main_page.dart
FNF:0
FNH:0
DA:8,1
DA:10,1
DA:11,1
DA:24,0
DA:25,0
DA:26,0
DA:27,0
DA:29,0
DA:33,1
DA:35,1
DA:36,3
DA:37,1
DA:38,4
DA:39,0
DA:40,0
DA:45,1
DA:47,4
DA:50,1
DA:51,1
DA:52,1
DA:53,1
DA:54,1
DA:55,1
DA:89,3
DA:95,1
DA:96,2
DA:97,1
DA:98,1
DA:99,1
LF:29
LH:22
end_of_record
TN:
SF:lib/presentation/pages/profile/profile_page.dart
FNF:0
FNH:0
DA:8,8
DA:10,1
DA:12,1
DA:13,1
DA:15,1
DA:16,1
DA:18,0
DA:24,1
DA:25,1
DA:26,1
DA:32,1
DA:34,1
DA:35,1
DA:36,1
DA:37,1
DA:38,1
DA:39,1
DA:42,1
DA:43,0
DA:45,1
DA:46,1
DA:47,2
DA:48,3
DA:58,1
DA:61,1
DA:63,1
DA:66,1
DA:79,1
DA:80,1
DA:81,4
DA:86,1
DA:87,1
DA:88,4
DA:93,1
DA:94,1
DA:95,1
DA:98,2
DA:101,1
DA:104,2
DA:105,2
DA:108,1
DA:111,2
DA:123,1
DA:124,1
DA:125,1
DA:127,1
DA:129,1
DA:136,1
DA:137,1
DA:138,1
DA:140,1
DA:147,1
DA:148,1
DA:149,1
DA:151,1
DA:158,1
DA:160,4
DA:167,1
DA:169,1
DA:171,1
DA:172,1
DA:174,2
DA:186,1
DA:193,1
DA:195,1
DA:197,1
DA:198,1
DA:199,2
DA:201,1
DA:202,1
DA:203,1
DA:206,1
DA:207,1
DA:208,1
DA:210,1
LF:75
LH:73
end_of_record
TN:
SF:lib/presentation/pages/settings/settings_page.dart
FNF:0
FNH:0
DA:10,8
DA:12,1
DA:14,1
DA:15,1
DA:18,1
DA:19,1
DA:20,1
DA:22,1
DA:23,1
DA:26,0
DA:32,1
DA:34,1
DA:35,1
DA:39,0
DA:43,1
DA:46,1
DA:47,3
DA:48,0
DA:55,1
DA:57,1
DA:58,1
DA:61,0
DA:65,1
DA:68,0
DA:74,1
DA:76,1
DA:77,1
DA:82,1
DA:85,0
DA:89,1
DA:92,0
DA:99,1
DA:101,1
DA:102,2
DA:103,1
DA:116,1
DA:117,1
DA:119,2
DA:122,1
DA:123,1
DA:124,0
DA:127,1
DA:128,0
DA:129,0
DA:130,0
DA:131,0
DA:133,1
DA:146,1
DA:151,1
DA:153,1
DA:155,1
DA:156,1
DA:158,1
DA:159,1
DA:160,4
DA:166,1
DA:179,1
DA:187,1
DA:189,1
DA:190,2
DA:191,2
DA:192,3
DA:193,2
DA:194,1
LF:64
LH:52
end_of_record
TN:
SF:lib/presentation/pages/splash/splash_page.dart
FNF:0
FNH:0
DA:11,8
DA:13,1
DA:14,1
DA:18,1
DA:20,1
DA:21,3
DA:24,1
DA:26,1
DA:27,0
DA:28,0
DA:29,0
DA:30,0
DA:31,0
DA:32,0
DA:35,1
DA:37,1
DA:38,1
DA:40,1
DA:47,1
DA:49,4
LF:20
LH:14
end_of_record
