SF:lib/core/utils/validators.dart
DA:4,0
DA:6,1
DA:7,1
DA:11,1
DA:15,1
DA:22,1
DA:23,1
DA:27,2
DA:31,2
DA:38,1
DA:39,1
DA:43,1
DA:50,1
DA:51,1
DA:55,2
DA:59,2
DA:66,1
DA:67,1
DA:68,1
LF:19
LH:18
end_of_record
SF:lib/core/constants/app_constants.dart
DA:2,0
LF:1
LH:0
end_of_record
SF:lib/core/constants/api_constants.dart
DA:2,0
LF:1
LH:0
end_of_record
SF:lib/core/errors/exceptions.dart
DA:5,1
DA:10,1
DA:11,3
DA:17,1
DA:19,1
DA:20,2
DA:26,38
DA:28,1
DA:29,2
DA:36,1
DA:41,1
DA:42,3
DA:57,1
DA:62,1
DA:63,2
LF:15
LH:15
end_of_record
SF:lib/core/network/auth_interceptor.dart
DA:10,0
DA:12,0
DA:18,0
DA:19,0
DA:20,0
DA:23,0
DA:25,0
DA:29,0
DA:32,0
DA:34,0
DA:36,0
DA:39,0
DA:42,0
DA:43,0
DA:44,0
DA:48,0
DA:49,0
DA:51,0
DA:52,0
DA:53,0
DA:57,0
DA:62,0
DA:65,0
DA:67,0
DA:68,0
DA:70,0
DA:73,0
DA:74,0
DA:75,0
DA:76,0
DA:77,0
LF:31
LH:0
end_of_record
SF:lib/data/datasources/local/auth_local_datasource.dart
DA:23,0
DA:25,0
DA:30,0
DA:31,0
DA:35,0
DA:42,0
DA:44,0
DA:47,0
DA:49,0
DA:52,0
DA:54,0
DA:55,0
DA:56,0
DA:57,0
DA:58,0
DA:62,0
DA:64,0
DA:66,0
DA:70,0
DA:72,0
DA:73,0
DA:76,0
DA:78,0
DA:84,0
DA:86,0
LF:25
LH:0
end_of_record
SF:lib/core/network/dio_client.dart
DA:11,0
DA:12,0
DA:13,0
DA:18,0
DA:25,0
DA:26,0
DA:27,0
DA:35,0
DA:37,0
DA:42,0
DA:49,0
DA:55,0
DA:63,0
DA:69,0
DA:77,0
DA:83,0
DA:91,0
DA:97,0
LF:18
LH:0
end_of_record
SF:lib/data/datasources/remote/auth_remote_datasource.dart
DA:21,0
DA:23,0
DA:26,0
DA:28,0
DA:30,0
DA:31,0
DA:32,0
DA:36,0
DA:39,0
DA:41,0
DA:43,0
DA:44,0
DA:45,0
DA:49,0
DA:52,0
DA:54,0
DA:56,0
DA:57,0
DA:58,0
DA:62,0
DA:65,0
DA:67,0
DA:69,0
DA:70,0
DA:74,0
DA:77,0
DA:78,0
DA:79,0
DA:80,0
DA:84,0
DA:85,0
DA:86,0
DA:87,0
DA:89,0
DA:90,0
DA:96,0
DA:102,0
DA:103,0
LF:38
LH:0
end_of_record
SF:lib/data/models/auth_models.dart
DA:12,4
DA:18,1
DA:19,1
DA:21,2
DA:29,3
DA:34,1
DA:35,1
DA:37,2
DA:45,4
DA:50,1
DA:51,1
DA:53,2
DA:63,3
DA:70,1
DA:71,1
DA:73,2
DA:75,2
DA:76,2
DA:77,2
DA:78,2
DA:79,2
DA:80,2
DA:89,2
DA:91,1
DA:92,1
DA:94,2
LF:26
LH:26
end_of_record
SF:lib/data/models/auth_models.g.dart
DA:9,1
DA:10,1
DA:11,1
DA:12,1
DA:13,1
DA:16,1
DA:17,1
DA:18,1
DA:19,1
DA:20,1
DA:23,1
DA:24,1
DA:25,2
DA:26,1
DA:29,1
DA:30,3
DA:32,2
DA:33,1
DA:34,1
DA:37,1
DA:38,3
DA:40,1
DA:41,1
DA:42,1
DA:43,1
DA:44,1
DA:45,2
DA:48,1
DA:49,1
DA:50,1
DA:51,1
DA:52,1
DA:53,1
DA:56,1
DA:57,2
DA:59,1
DA:61,2
LF:37
LH:37
end_of_record
SF:lib/data/models/user_model.dart
DA:18,5
DA:30,1
DA:31,1
DA:33,2
DA:35,5
DA:36,5
DA:37,5
DA:38,5
DA:39,5
DA:40,5
DA:41,10
DA:42,10
DA:43,10
DA:44,5
DA:45,5
DA:49,5
DA:50,1
DA:51,5
DA:53,5
DA:55,5
DA:62,5
DA:63,1
DA:64,5
DA:71,5
DA:72,1
DA:73,5
DA:75,5
LF:27
LH:27
end_of_record
SF:lib/data/models/user_model.g.dart
DA:9,2
DA:10,2
DA:11,1
DA:12,1
DA:13,1
DA:14,1
DA:15,1
DA:16,1
DA:17,1
DA:19,0
DA:20,2
DA:23,2
DA:24,1
DA:25,1
DA:26,1
DA:27,1
DA:28,1
DA:29,1
DA:30,1
DA:31,1
DA:32,2
LF:21
LH:20
end_of_record
SF:lib/domain/entities/auth_token.dart
DA:9,7
DA:16,1
DA:17,5
LF:3
LH:3
end_of_record
SF:lib/domain/entities/user.dart
DA:20,13
DA:32,1
DA:43,1
DA:44,1
DA:45,1
DA:46,0
DA:47,1
DA:48,1
DA:49,1
DA:50,1
DA:51,1
DA:52,1
DA:56,4
DA:57,4
DA:58,4
DA:59,4
DA:60,4
DA:61,4
DA:62,4
DA:63,4
DA:64,4
DA:65,4
DA:66,4
LF:23
LH:22
end_of_record
SF:lib/data/repositories/auth_repository_impl.dart
DA:14,1
DA:16,1
DA:22,2
DA:23,1
DA:25,1
DA:28,1
DA:33,2
DA:34,1
DA:37,2
DA:38,1
DA:39,1
DA:42,2
DA:44,1
DA:47,0
DA:49,0
DA:51,0
DA:54,0
DA:56,0
DA:57,0
DA:58,0
DA:61,0
DA:64,1
DA:66,2
DA:69,2
DA:74,2
DA:77,1
DA:79,2
DA:83,1
DA:86,2
DA:87,3
DA:88,1
DA:94,1
DA:96,2
LF:33
LH:25
end_of_record
SF:lib/data/datasources/remote/friend_remote_datasource.dart
DA:22,0
DA:24,0
DA:27,0
DA:29,0
DA:31,0
DA:32,0
DA:33,0
DA:34,0
DA:38,0
DA:41,0
DA:43,0
DA:46,0
DA:48,0
DA:49,0
DA:53,0
DA:56,0
DA:57,0
DA:58,0
DA:60,0
DA:61,0
DA:65,0
DA:68,0
DA:69,0
DA:70,0
DA:72,0
DA:73,0
DA:77,0
DA:80,0
DA:81,0
DA:82,0
DA:84,0
DA:85,0
DA:89,0
DA:92,0
DA:94,0
DA:96,0
DA:97,0
DA:98,0
DA:99,0
DA:103,0
DA:104,0
DA:105,0
DA:106,0
DA:107,0
LF:44
LH:0
end_of_record
SF:lib/data/models/friend_model.dart
DA:13,2
DA:19,0
DA:20,0
DA:22,2
DA:24,2
DA:25,2
DA:26,2
DA:27,4
DA:28,2
DA:41,1
DA:49,0
DA:50,0
DA:52,2
DA:54,1
DA:55,1
DA:56,1
DA:57,2
DA:58,2
DA:59,2
DA:60,1
DA:64,1
DA:65,1
DA:66,1
DA:68,1
DA:81,1
DA:86,0
DA:87,0
DA:89,2
DA:96,1
DA:98,0
DA:99,0
DA:101,2
LF:32
LH:24
end_of_record
SF:lib/data/models/friend_model.g.dart
DA:9,0
DA:10,0
DA:11,0
DA:12,0
DA:15,1
DA:16,1
DA:17,1
DA:18,1
DA:19,2
DA:22,0
DA:23,0
DA:24,0
DA:25,0
DA:26,0
DA:27,0
DA:28,0
DA:31,1
DA:32,1
DA:33,1
DA:34,1
DA:35,1
DA:36,1
DA:37,2
DA:40,0
DA:42,0
DA:43,0
DA:44,0
DA:47,1
DA:49,1
DA:50,1
DA:51,1
DA:54,0
DA:55,0
DA:56,0
DA:57,0
DA:58,0
DA:61,1
DA:62,2
LF:38
LH:18
end_of_record
SF:lib/data/repositories/friend_repository_impl.dart
DA:13,1
DA:15,1
DA:16,2
DA:18,1
DA:23,1
DA:25,1
DA:26,2
DA:27,4
DA:30,1
DA:32,1
DA:33,2
DA:36,1
DA:38,1
DA:39,2
DA:42,1
DA:44,1
DA:45,2
DA:48,1
DA:50,1
DA:51,2
DA:54,1
DA:56,2
DA:57,4
LF:23
LH:23
end_of_record
SF:lib/domain/entities/friend.dart
DA:9,5
DA:15,2
DA:16,8
DA:28,2
DA:36,1
DA:37,6
LF:6
LH:6
end_of_record
SF:lib/data/datasources/remote/chat_remote_datasource.dart
DA:30,0
DA:32,0
DA:35,0
DA:37,0
DA:39,0
DA:40,0
DA:41,0
DA:42,0
DA:46,0
DA:49,0
DA:51,0
DA:53,0
DA:54,0
DA:55,0
DA:59,0
DA:65,0
DA:67,0
DA:69,0
DA:70,0
DA:71,0
DA:75,0
DA:78,0
DA:79,0
DA:80,0
DA:82,0
DA:83,0
DA:87,0
DA:90,0
DA:91,0
DA:92,0
DA:94,0
DA:95,0
DA:99,0
DA:107,0
DA:108,0
DA:109,0
DA:111,0
DA:112,0
DA:115,0
DA:116,0
DA:117,0
DA:121,0
DA:124,0
DA:126,0
DA:128,0
DA:129,0
DA:130,0
DA:134,0
DA:141,0
DA:142,0
DA:143,0
DA:145,0
DA:146,0
DA:147,0
DA:151,0
DA:154,0
DA:155,0
DA:156,0
DA:158,0
DA:159,0
DA:163,0
DA:164,0
DA:165,0
DA:166,0
DA:167,0
LF:65
LH:0
end_of_record
SF:lib/data/models/chat_room_model.dart
DA:20,2
DA:32,0
DA:33,0
DA:35,0
DA:37,2
DA:38,2
DA:39,2
DA:40,2
DA:41,4
DA:42,2
DA:43,9
DA:44,3
DA:45,2
DA:46,2
DA:47,2
DA:51,2
DA:52,2
DA:53,2
DA:68,1
DA:75,0
DA:76,0
DA:78,0
DA:80,1
DA:81,1
DA:82,1
DA:83,2
DA:84,1
DA:85,1
DA:95,1
DA:100,0
DA:101,0
DA:103,2
DA:111,1
DA:116,0
DA:117,0
DA:119,2
DA:126,1
DA:128,0
DA:129,0
DA:131,2
LF:40
LH:28
end_of_record
SF:lib/data/models/chat_room_model.g.dart
DA:9,0
DA:10,0
DA:11,0
DA:12,0
DA:13,0
DA:14,0
DA:15,0
DA:16,0
DA:17,0
DA:18,0
DA:20,0
DA:21,0
DA:22,0
DA:23,0
DA:25,0
DA:28,0
DA:29,0
DA:30,0
DA:31,0
DA:32,0
DA:33,0
DA:34,0
DA:35,0
DA:36,0
DA:37,0
DA:38,0
DA:41,0
DA:42,0
DA:43,0
DA:44,0
DA:45,0
DA:46,0
DA:49,0
DA:51,0
DA:52,0
DA:53,0
DA:54,0
DA:55,0
DA:58,0
DA:60,0
DA:61,0
DA:62,0
DA:65,1
DA:67,1
DA:68,1
DA:69,1
DA:72,0
DA:74,0
DA:75,0
DA:76,0
DA:77,0
DA:78,0
DA:81,1
DA:83,3
DA:85,0
DA:86,0
DA:87,0
DA:88,0
DA:89,0
DA:92,1
DA:93,2
LF:61
LH:8
end_of_record
SF:lib/data/models/message_model.dart
DA:28,3
DA:50,0
DA:51,0
DA:53,0
DA:55,3
DA:56,3
DA:57,3
DA:58,3
DA:59,3
DA:60,3
DA:61,3
DA:62,3
DA:63,6
DA:64,3
DA:65,3
DA:66,3
DA:67,3
DA:68,3
DA:69,3
DA:70,4
DA:71,3
DA:72,3
DA:73,3
DA:74,3
DA:75,10
DA:79,3
DA:80,3
DA:81,3
DA:83,3
DA:99,1
DA:107,0
DA:108,0
DA:110,0
DA:112,1
DA:113,1
DA:114,1
DA:115,1
DA:116,1
DA:117,1
DA:118,1
DA:129,3
DA:135,0
DA:136,0
DA:138,2
DA:147,2
DA:153,0
DA:154,0
DA:156,2
LF:48
LH:38
end_of_record
SF:lib/data/models/message_model.g.dart
DA:9,0
DA:10,0
DA:11,0
DA:12,0
DA:13,0
DA:14,0
DA:15,0
DA:16,0
DA:17,0
DA:18,0
DA:19,0
DA:20,0
DA:21,0
DA:22,0
DA:23,0
DA:25,0
DA:26,0
DA:27,0
DA:28,0
DA:29,0
DA:31,0
DA:32,0
DA:33,0
DA:34,0
DA:37,0
DA:38,0
DA:39,0
DA:40,0
DA:41,0
DA:42,0
DA:43,0
DA:44,0
DA:45,0
DA:46,0
DA:47,0
DA:48,0
DA:49,0
DA:50,0
DA:51,0
DA:52,0
DA:53,0
DA:54,0
DA:55,0
DA:56,0
DA:57,0
DA:60,0
DA:62,0
DA:63,0
DA:64,0
DA:65,0
DA:66,0
DA:67,0
DA:70,0
DA:72,0
DA:73,0
DA:74,0
DA:75,0
DA:76,0
DA:77,0
DA:80,0
DA:81,0
DA:82,0
DA:83,0
DA:84,0
DA:87,1
DA:88,1
DA:89,1
DA:90,1
DA:91,1
DA:94,0
DA:96,0
DA:97,0
DA:98,0
DA:99,0
DA:100,0
DA:101,0
DA:104,1
DA:106,1
DA:107,1
DA:108,1
DA:109,1
LF:81
LH:10
end_of_record
SF:lib/data/repositories/chat_repository_impl.dart
DA:14,1
DA:16,1
DA:17,2
DA:19,1
DA:24,1
DA:26,1
DA:27,2
DA:28,4
DA:31,1
DA:33,1
DA:34,2
DA:38,1
DA:41,1
DA:43,2
DA:47,1
DA:50,1
DA:52,1
DA:53,2
DA:56,1
DA:58,1
DA:59,2
DA:62,1
DA:68,1
DA:69,2
DA:76,5
DA:77,1
DA:78,1
DA:82,1
DA:84,1
DA:85,2
DA:86,1
DA:92,1
DA:95,1
DA:97,1
DA:98,2
DA:103,1
DA:106,1
DA:108,1
DA:109,2
LF:39
LH:39
end_of_record
SF:lib/domain/entities/chat_room.dart
DA:18,5
DA:30,1
DA:31,3
DA:32,1
DA:34,4
DA:35,4
DA:37,6
DA:40,1
DA:51,1
DA:52,1
DA:53,0
DA:54,1
DA:55,1
DA:56,1
DA:57,1
DA:58,1
DA:59,1
DA:60,1
DA:64,2
DA:65,2
DA:66,2
DA:67,2
DA:68,2
DA:69,2
DA:70,2
DA:71,2
DA:72,2
DA:73,2
DA:74,2
DA:84,3
DA:91,2
DA:92,10
LF:32
LH:31
end_of_record
SF:lib/domain/entities/message.dart
DA:26,7
DA:48,5
DA:50,1
DA:51,1
DA:54,1
DA:57,2
DA:78,2
DA:79,2
DA:80,2
DA:81,2
DA:82,2
DA:83,2
DA:84,1
DA:85,2
DA:86,2
DA:87,2
DA:88,2
DA:89,2
DA:90,2
DA:91,2
DA:92,2
DA:93,2
DA:94,1
DA:95,2
DA:96,2
DA:97,2
DA:101,2
DA:102,2
DA:103,2
DA:104,2
DA:105,2
DA:106,2
DA:107,2
DA:108,2
DA:109,2
DA:110,2
DA:111,2
DA:112,2
DA:113,2
DA:114,2
DA:115,2
DA:116,2
DA:117,2
DA:118,2
DA:119,2
DA:120,2
DA:121,2
DA:132,2
DA:140,0
DA:141,0
LF:50
LH:48
end_of_record
SF:lib/presentation/blocs/chat/chat_list_event.dart
DA:4,3
DA:6,1
DA:7,1
DA:11,2
DA:15,3
DA:21,2
DA:23,1
DA:24,2
DA:31,2
DA:33,1
DA:34,3
LF:11
LH:11
end_of_record
SF:lib/presentation/blocs/chat/chat_list_state.dart
DA:11,5
DA:17,2
DA:22,2
DA:23,0
DA:24,2
DA:25,2
DA:29,1
DA:30,4
LF:8
LH:7
end_of_record
SF:lib/presentation/blocs/chat/chat_room_event.dart
DA:5,4
DA:7,1
DA:8,1
DA:14,2
DA:16,1
DA:17,2
DA:21,2
DA:25,2
DA:31,2
DA:33,1
DA:34,2
DA:40,2
DA:42,1
DA:43,2
DA:49,2
DA:51,1
DA:52,2
LF:17
LH:17
end_of_record
SF:lib/presentation/blocs/chat/chat_room_state.dart
DA:15,5
DA:25,2
DA:34,2
DA:35,1
DA:36,1
DA:37,2
DA:38,2
DA:39,2
DA:40,2
DA:41,2
DA:45,1
DA:46,1
DA:47,1
DA:48,1
DA:49,1
DA:50,1
DA:51,1
DA:52,1
DA:53,1
LF:19
LH:19
end_of_record
SF:lib/presentation/blocs/auth/auth_bloc.dart
DA:11,2
DA:12,2
DA:13,2
DA:14,2
DA:15,2
DA:18,1
DA:22,1
DA:25,2
DA:27,2
DA:29,2
DA:31,1
DA:34,1
DA:37,0
DA:41,1
DA:45,1
DA:48,2
DA:49,1
DA:50,1
DA:53,2
DA:55,2
DA:57,1
DA:60,3
DA:64,1
DA:68,1
DA:71,2
DA:72,1
DA:73,1
DA:74,1
DA:78,2
DA:79,1
DA:80,1
DA:83,2
DA:85,2
DA:87,0
DA:90,3
DA:94,1
DA:98,1
DA:101,2
DA:102,1
DA:104,3
LF:40
LH:38
end_of_record
SF:lib/presentation/blocs/auth/auth_event.dart
DA:4,2
DA:6,1
DA:7,1
DA:11,2
DA:18,2
DA:23,1
DA:24,3
DA:32,2
DA:38,1
DA:39,4
DA:43,2
LF:11
LH:11
end_of_record
SF:lib/presentation/blocs/auth/auth_state.dart
DA:17,6
DA:23,3
DA:25,3
DA:27,1
DA:28,1
DA:30,3
DA:32,4
DA:33,1
DA:35,1
DA:40,1
DA:41,0
DA:42,1
DA:43,1
DA:47,2
DA:48,8
LF:15
LH:14
end_of_record
SF:lib/presentation/blocs/friend/friend_event.dart
DA:4,3
DA:6,0
DA:7,0
DA:11,3
DA:17,2
DA:19,1
DA:20,2
DA:26,2
DA:28,0
DA:29,0
DA:35,2
DA:37,0
DA:38,0
DA:44,2
DA:46,0
DA:47,0
DA:53,2
DA:55,1
DA:56,2
LF:19
LH:11
end_of_record
SF:lib/presentation/blocs/friend/friend_state.dart
DA:14,5
DA:22,2
DA:29,2
DA:30,1
DA:31,2
DA:32,2
DA:33,2
DA:34,2
DA:38,2
DA:39,2
DA:40,2
DA:41,2
DA:42,2
DA:43,2
DA:44,2
LF:15
LH:15
end_of_record
SF:lib/presentation/blocs/chat/chat_room_bloc.dart
DA:12,2
DA:13,2
DA:14,2
DA:15,2
DA:16,2
DA:17,2
DA:18,2
DA:21,1
DA:25,3
DA:27,1
DA:28,1
DA:32,2
DA:33,1
DA:37,3
DA:39,3
DA:46,3
DA:48,1
DA:53,1
DA:57,1
DA:60,1
DA:64,6
DA:69,2
DA:70,2
DA:72,2
DA:75,3
DA:76,4
DA:81,0
DA:85,1
DA:89,2
DA:91,3
DA:94,2
DA:95,2
DA:96,1
DA:99,3
DA:101,3
DA:104,3
DA:106,1
DA:111,1
DA:115,5
DA:118,8
DA:120,3
DA:121,4
DA:125,1
DA:130,3
DA:132,4
DA:133,3
DA:134,1
DA:137,1
DA:139,3
DA:141,0
LF:50
LH:48
end_of_record
SF:lib/presentation/blocs/chat/chat_list_bloc.dart
DA:11,2
DA:12,2
DA:13,2
DA:14,2
DA:15,2
DA:18,1
DA:22,3
DA:25,2
DA:26,3
DA:31,3
DA:33,1
DA:38,1
DA:43,2
DA:44,3
DA:49,0
DA:51,0
DA:56,1
DA:61,3
DA:62,1
DA:64,3
DA:66,1
DA:71,1
DA:76,4
DA:77,1
DA:79,0
DA:81,0
LF:26
LH:22
end_of_record
SF:lib/presentation/blocs/friend/friend_bloc.dart
DA:11,2
DA:12,2
DA:13,2
DA:14,2
DA:15,2
DA:16,2
DA:17,2
DA:20,1
DA:24,3
DA:27,2
DA:28,3
DA:33,3
DA:35,1
DA:40,1
DA:45,3
DA:47,4
DA:51,1
DA:56,3
DA:57,1
DA:59,0
DA:63,1
DA:68,3
DA:70,0
DA:74,1
DA:79,3
DA:80,2
DA:81,6
DA:82,1
DA:83,3
DA:85,0
DA:89,1
DA:93,2
DA:94,4
DA:98,3
DA:101,3
DA:102,3
DA:107,3
DA:109,1
LF:38
LH:35
end_of_record
SF:lib/core/theme/app_theme.dart
DA:5,0
DA:7,1
DA:8,1
DA:25,1
DA:28,1
DA:29,1
DA:32,1
DA:33,1
DA:37,1
DA:38,1
DA:42,1
DA:43,1
DA:46,1
DA:47,1
DA:52,1
DA:53,1
DA:57,1
DA:60,1
DA:61,1
DA:64,1
DA:65,1
DA:68,1
DA:69,1
DA:72,1
DA:73,1
DA:88,1
DA:89,1
DA:106,1
DA:109,1
DA:110,1
DA:113,1
DA:114,1
DA:118,1
DA:119,1
DA:123,1
DA:124,1
DA:127,1
DA:128,1
DA:133,1
DA:134,1
DA:138,1
DA:141,1
DA:142,1
DA:145,1
DA:146,1
DA:149,1
DA:150,1
DA:153,1
DA:154,1
LF:49
LH:48
end_of_record
SF:lib/core/theme/app_colors.dart
DA:4,0
LF:1
LH:0
end_of_record
