SF:lib/core/errors/exceptions.dart
DA:5,11
DA:10,1
DA:11,3
DA:17,2
DA:19,1
DA:20,2
DA:26,137
DA:28,1
DA:29,2
DA:36,142
DA:41,1
DA:42,3
DA:58,7
DA:63,1
DA:64,2
DA:72,1
DA:77,0
DA:78,0
DA:85,0
DA:89,0
DA:90,0
LF:21
LH:16
end_of_record
SF:lib/data/datasources/base_remote_datasource.dart
DA:17,7
DA:19,7
DA:20,14
DA:21,14
DA:25,7
DA:26,7
DA:28,7
DA:32,12
DA:36,7
DA:38,7
DA:39,5
DA:40,0
DA:42,5
DA:44,7
DA:45,5
DA:47,5
DA:50,7
DA:52,6
DA:53,0
DA:58,3
DA:63,7
DA:64,4
DA:69,7
DA:70,1
DA:75,7
DA:76,2
DA:79,7
DA:87,5
DA:89,5
DA:91,5
DA:93,5
DA:101,6
DA:103,6
DA:106,5
DA:109,5
DA:112,4
DA:115,2
DA:129,7
DA:134,7
DA:136,7
DA:137,12
DA:141,6
DA:142,12
DA:152,7
DA:157,14
DA:158,0
DA:172,4
DA:178,1
DA:182,4
DA:187,4
DA:189,4
DA:190,4
DA:191,4
DA:198,2
DA:199,1
DA:200,1
DA:201,1
DA:209,1
LF:58
LH:55
end_of_record
SF:lib/presentation/pages/profile/widgets/profile_dialogs.dart
DA:6,1
DA:14,1
DA:17,2
DA:18,1
DA:19,2
DA:22,1
DA:23,1
DA:25,1
DA:27,1
DA:30,1
DA:31,1
DA:32,1
DA:44,1
DA:45,1
DA:47,1
DA:48,1
DA:55,1
DA:56,1
DA:57,1
DA:60,1
DA:61,1
DA:63,1
DA:64,1
DA:71,1
DA:72,1
DA:73,1
DA:76,1
DA:77,1
DA:79,1
DA:80,1
DA:87,1
DA:88,1
DA:89,1
DA:92,1
DA:94,1
DA:95,1
DA:97,1
DA:98,1
DA:108,0
DA:109,0
DA:110,0
DA:114,1
DA:123,1
DA:127,1
DA:130,2
DA:131,1
DA:132,2
DA:135,1
DA:136,1
DA:138,1
DA:140,1
DA:143,1
DA:144,1
DA:145,1
DA:149,1
DA:150,1
DA:152,1
DA:153,1
DA:160,1
DA:161,1
DA:162,1
DA:174,1
DA:179,1
DA:182,2
DA:183,1
DA:184,2
DA:187,1
DA:188,1
DA:190,1
DA:192,1
DA:195,1
DA:196,1
DA:197,1
DA:206,1
DA:207,1
DA:209,1
DA:210,1
DA:216,0
DA:217,0
DA:218,0
DA:221,1
DA:222,1
DA:224,1
DA:225,1
DA:231,0
DA:232,0
DA:233,0
DA:245,1
DA:249,1
DA:252,2
DA:253,1
DA:254,2
DA:257,1
DA:258,1
DA:260,1
DA:262,1
DA:265,1
DA:266,1
DA:267,1
DA:271,1
DA:272,1
DA:274,1
DA:275,1
DA:282,0
DA:283,0
DA:284,0
DA:296,1
DA:297,1
DA:299,2
DA:302,1
DA:303,1
DA:304,2
DA:307,1
DA:308,2
DA:309,1
LF:115
LH:103
end_of_record
SF:lib/core/theme/app_colors.dart
DA:5,44
DA:7,1
DA:8,1
DA:9,4
DA:10,4
DA:11,10
DA:12,10
DA:13,11
DA:14,11
DA:15,9
DA:16,9
DA:17,2
DA:18,2
DA:19,2
DA:20,2
DA:24,0
LF:16
LH:15
end_of_record
SF:lib/domain/entities/profile_history.dart
DA:18,8
DA:29,2
DA:39,2
DA:40,2
DA:41,2
DA:42,2
DA:43,2
DA:44,2
DA:45,1
DA:46,2
DA:47,2
DA:51,2
DA:52,2
DA:53,2
DA:54,2
DA:55,2
DA:56,2
DA:57,2
DA:58,2
DA:59,2
DA:60,2
LF:21
LH:21
end_of_record
SF:lib/presentation/pages/profile/widgets/history_item_options_sheet.dart
DA:14,1
DA:23,1
DA:25,1
DA:30,1
DA:31,1
DA:33,1
DA:35,1
DA:38,1
DA:39,1
DA:40,1
DA:46,1
DA:48,1
DA:49,3
DA:50,1
DA:59,3
DA:60,1
DA:63,1
DA:64,1
DA:65,2
DA:70,1
DA:71,1
DA:72,2
DA:73,2
DA:74,1
DA:75,1
DA:76,2
DA:81,1
DA:82,1
DA:86,1
DA:87,1
DA:88,1
DA:92,1
DA:99,1
DA:100,1
DA:102,2
DA:104,1
DA:105,2
DA:109,1
DA:110,1
DA:111,2
DA:114,1
DA:115,1
DA:116,1
DA:117,2
DA:119,1
DA:127,1
DA:128,4
DA:138,1
DA:145,1
DA:147,1
DA:149,1
DA:150,2
DA:151,1
DA:152,1
DA:153,1
DA:155,1
LF:56
LH:56
end_of_record
SF:lib/core/config/app_config.dart
DA:5,0
DA:12,4
DA:15,6
DA:18,2
DA:21,4
DA:24,4
DA:27,4
LF:7
LH:6
end_of_record
SF:lib/core/config/security_config.dart
DA:6,0
DA:13,2
DA:15,2
DA:46,0
DA:47,0
DA:51,0
DA:55,0
DA:56,0
LF:8
LH:2
end_of_record
SF:lib/core/constants/api_constants.dart
DA:2,0
DA:9,6
DA:11,6
DA:15,6
DA:24,9
DA:27,3
DA:28,6
DA:29,6
DA:30,9
DA:48,2
DA:51,2
DA:52,2
DA:53,2
DA:61,2
DA:66,2
DA:67,2
DA:70,2
DA:71,2
DA:75,2
LF:19
LH:18
end_of_record
SF:lib/core/constants/app_constants.dart
DA:2,0
LF:1
LH:0
end_of_record
SF:lib/core/network/auth_interceptor.dart
DA:21,2
DA:26,4
DA:27,2
DA:28,2
DA:32,2
DA:41,0
DA:42,0
DA:45,0
DA:46,0
DA:49,1
DA:55,2
DA:56,2
DA:57,2
DA:58,2
DA:59,2
DA:60,2
DA:61,2
DA:62,2
DA:65,2
DA:67,3
DA:71,1
DA:74,1
DA:77,1
DA:78,1
DA:83,3
DA:84,3
DA:85,3
DA:86,3
DA:87,3
DA:88,3
DA:89,3
DA:90,3
DA:94,3
DA:95,0
DA:96,0
DA:98,0
DA:99,0
DA:100,0
DA:105,3
DA:107,2
DA:110,1
DA:113,0
DA:114,0
DA:115,0
DA:119,0
DA:120,0
DA:123,0
DA:124,0
DA:128,0
DA:132,1
DA:136,1
DA:140,1
DA:141,2
DA:142,1
DA:143,1
DA:146,1
DA:149,2
DA:151,1
DA:154,0
DA:155,0
DA:156,0
DA:157,0
DA:167,1
DA:168,1
DA:172,1
DA:173,2
LF:66
LH:45
end_of_record
SF:lib/data/datasources/local/auth_local_datasource.dart
DA:25,1
DA:27,1
DA:32,1
DA:33,1
DA:38,1
DA:40,2
DA:41,0
DA:43,0
DA:44,0
DA:46,0
DA:47,0
DA:48,0
DA:51,0
DA:53,0
DA:54,0
DA:62,1
DA:64,2
DA:67,1
DA:69,2
DA:72,1
DA:74,2
DA:75,2
DA:76,2
DA:77,2
DA:78,2
DA:82,1
DA:84,2
DA:86,1
DA:90,1
DA:93,2
DA:98,1
DA:103,2
DA:114,1
DA:116,2
DA:122,1
DA:124,2
LF:36
LH:27
end_of_record
SF:lib/presentation/blocs/auth/auth_bloc.dart
DA:25,2
DA:31,2
DA:32,4
DA:33,4
DA:34,4
DA:35,4
DA:36,4
DA:37,4
DA:38,4
DA:41,1
DA:45,1
DA:48,2
DA:50,2
DA:53,3
DA:55,1
DA:57,3
DA:58,2
DA:60,1
DA:63,1
DA:66,1
DA:67,4
DA:71,1
DA:75,1
DA:78,2
DA:79,1
DA:80,1
DA:83,2
DA:85,3
DA:87,1
DA:90,3
DA:91,2
DA:95,2
DA:96,1
DA:98,1
DA:99,3
DA:102,3
DA:103,2
DA:107,3
DA:108,4
DA:109,3
DA:111,1
DA:112,2
DA:116,1
DA:120,1
DA:123,2
DA:124,1
DA:125,1
DA:126,1
DA:130,3
DA:133,3
DA:134,4
DA:135,3
DA:137,1
DA:138,2
DA:142,1
DA:146,1
DA:150,2
DA:152,1
DA:154,2
DA:156,2
DA:157,2
DA:158,1
DA:160,1
DA:161,2
DA:165,2
DA:169,4
DA:172,2
DA:175,4
DA:176,2
DA:177,2
DA:178,2
DA:179,2
DA:183,4
DA:185,4
DA:189,1
DA:190,1
DA:191,1
DA:192,2
DA:193,2
DA:194,2
DA:195,1
DA:196,1
DA:197,1
DA:199,2
DA:202,1
DA:204,2
DA:206,2
DA:210,1
DA:214,2
DA:217,1
DA:221,3
DA:224,2
DA:225,1
DA:230,2
DA:232,2
DA:235,1
DA:236,1
DA:237,1
DA:238,1
DA:240,1
DA:241,1
DA:242,1
DA:244,2
DA:247,1
DA:248,2
DA:249,2
DA:253,1
DA:257,2
DA:260,1
DA:261,3
DA:262,2
DA:263,2
DA:266,2
DA:270,1
DA:272,2
DA:277,0
DA:280,0
DA:285,0
DA:286,0
DA:287,0
DA:290,0
DA:291,0
DA:297,0
DA:303,1
DA:305,2
DA:310,0
DA:311,0
DA:315,0
LF:128
LH:117
end_of_record
SF:lib/presentation/blocs/auth/auth_event.dart
DA:5,684
DA:7,1
DA:8,1
DA:12,137
DA:19,4
DA:24,2
DA:25,6
DA:33,4
DA:39,2
DA:40,8
DA:44,405
DA:53,4
DA:60,0
DA:61,0
DA:67,1
DA:69,0
DA:70,0
DA:81,139
DA:88,1
DA:89,5
LF:20
LH:16
end_of_record
SF:lib/core/network/websocket_service.dart
DA:68,2
DA:72,2
DA:73,2
DA:74,2
DA:75,2
DA:79,2
DA:82,2
DA:83,6
DA:84,6
DA:85,6
DA:93,2
DA:94,4
DA:97,2
DA:98,4
DA:101,6
DA:108,6
DA:111,6
DA:114,3
DA:117,1
DA:118,2
DA:121,3
DA:124,1
DA:125,2
DA:128,1
DA:129,2
DA:132,1
DA:133,2
DA:136,1
DA:137,2
DA:140,1
DA:141,2
DA:144,3
DA:148,3
DA:155,2
DA:157,4
DA:158,4
DA:160,4
DA:170,2
DA:171,2
DA:176,6
DA:178,0
DA:180,0
DA:183,2
DA:186,2
DA:190,2
DA:191,6
DA:192,2
DA:194,2
DA:195,2
DA:203,1
DA:204,2
DA:212,2
DA:213,2
DA:214,4
DA:215,4
DA:223,2
DA:224,4
DA:226,4
DA:227,0
DA:232,2
DA:233,4
DA:237,1
DA:238,2
DA:240,2
DA:241,1
DA:242,1
DA:243,1
DA:244,1
DA:245,1
DA:250,1
DA:251,2
DA:261,2
DA:265,4
DA:266,4
DA:275,2
DA:283,4
DA:284,4
DA:295,2
DA:299,4
DA:300,4
DA:307,2
DA:311,4
DA:312,4
DA:319,1
DA:323,2
DA:324,2
DA:331,1
DA:334,2
DA:335,2
DA:341,1
DA:344,2
DA:345,2
DA:354,0
DA:355,0
DA:356,0
DA:359,0
DA:360,0
DA:361,0
DA:363,0
DA:368,0
DA:370,0
DA:371,0
DA:372,0
DA:373,0
DA:374,0
DA:375,0
DA:381,0
DA:383,0
DA:388,1
DA:393,2
DA:400,0
DA:401,0
DA:403,0
DA:409,0
DA:411,0
DA:412,0
DA:413,0
DA:414,0
DA:415,0
DA:416,0
DA:417,0
DA:418,0
DA:419,0
DA:420,0
DA:421,0
DA:422,0
DA:423,0
DA:424,0
DA:426,0
DA:428,0
DA:429,0
DA:430,0
DA:432,0
DA:434,0
DA:435,0
DA:436,0
DA:438,0
DA:440,0
DA:441,0
DA:443,0
DA:448,0
DA:449,0
DA:454,0
DA:455,0
DA:457,0
DA:463,0
DA:464,0
DA:466,0
DA:468,0
DA:471,0
DA:472,0
DA:477,0
DA:478,0
DA:480,0
DA:486,0
DA:487,0
DA:489,0
DA:491,0
DA:494,0
DA:495,0
DA:500,0
DA:501,0
DA:503,0
DA:509,0
DA:510,0
DA:512,0
DA:514,0
DA:517,0
DA:518,0
DA:523,0
DA:524,0
DA:526,0
DA:532,0
DA:533,0
DA:535,0
DA:537,0
DA:540,0
DA:541,0
DA:546,0
DA:547,0
DA:550,0
DA:551,0
DA:553,0
DA:555,0
DA:558,0
DA:559,0
DA:570,0
DA:573,0
DA:576,0
DA:581,0
DA:582,0
DA:585,0
DA:591,0
DA:593,0
DA:596,0
DA:597,0
DA:598,0
DA:599,0
DA:602,0
DA:607,0
DA:611,0
DA:620,2
DA:622,2
DA:623,2
DA:624,4
DA:625,4
DA:626,4
DA:627,4
DA:628,4
DA:629,4
DA:630,4
DA:631,4
DA:632,4
DA:633,4
DA:634,4
DA:635,4
DA:636,4
LF:217
LH:107
end_of_record
SF:lib/core/network/certificate_pinning_interceptor.dart
DA:18,2
DA:19,2
DA:20,0
DA:24,0
DA:25,0
DA:26,0
DA:28,0
DA:32,0
DA:33,0
DA:37,0
DA:39,0
DA:47,0
DA:50,0
DA:51,0
DA:52,0
DA:56,0
DA:57,0
DA:58,0
DA:59,0
DA:66,0
DA:68,0
DA:73,0
DA:79,0
DA:83,0
DA:84,0
DA:85,0
DA:88,0
DA:90,0
DA:91,0
DA:93,0
DA:97,0
DA:98,0
DA:104,0
DA:108,0
DA:111,0
DA:112,0
LF:36
LH:2
end_of_record
SF:lib/core/network/dio_client.dart
DA:15,1
DA:19,2
DA:20,1
DA:21,1
DA:25,1
DA:33,1
DA:34,0
DA:37,4
DA:40,3
DA:41,1
DA:42,1
DA:43,1
DA:44,1
DA:51,2
DA:53,0
DA:58,0
DA:65,0
DA:71,0
DA:79,0
DA:85,0
DA:93,0
DA:99,0
DA:107,0
DA:113,0
LF:24
LH:13
end_of_record
SF:lib/core/network/event_dedupe_cache.dart
DA:14,2
DA:21,1
DA:22,1
DA:24,2
DA:27,1
DA:29,2
DA:30,3
DA:32,2
DA:33,2
DA:37,2
DA:38,1
DA:42,1
DA:43,2
DA:44,1
DA:45,3
DA:46,4
DA:47,2
DA:53,2
DA:54,2
DA:58,1
DA:59,4
DA:60,0
LF:22
LH:21
end_of_record
SF:lib/core/network/websocket/websocket_config.dart
DA:10,0
DA:13,4
DA:43,0
DA:44,0
DA:45,0
DA:46,0
DA:47,0
LF:7
LH:1
end_of_record
SF:lib/core/network/websocket/websocket_connection_manager.dart
DA:50,3
DA:53,9
DA:56,6
DA:64,3
DA:65,6
DA:66,0
DA:67,0
DA:70,6
DA:77,3
DA:78,6
DA:82,6
DA:84,1
DA:85,3
DA:86,1
DA:88,0
DA:90,0
DA:93,4
DA:102,3
DA:103,6
DA:104,3
DA:106,6
DA:109,6
DA:111,3
DA:117,2
DA:119,2
DA:121,1
DA:122,1
DA:126,2
DA:128,6
DA:132,2
DA:134,4
DA:135,2
DA:137,2
DA:138,2
DA:140,2
DA:141,2
DA:143,2
DA:144,2
DA:145,2
DA:146,2
DA:147,2
DA:148,6
DA:149,0
DA:155,4
DA:161,3
DA:163,6
DA:165,3
DA:166,5
DA:167,3
DA:168,3
DA:170,5
DA:171,3
DA:172,3
DA:178,2
DA:179,2
DA:183,0
DA:184,0
DA:185,0
DA:186,0
DA:187,0
DA:188,0
DA:191,0
DA:193,0
DA:195,0
DA:196,0
DA:197,0
DA:198,0
DA:201,0
DA:203,0
DA:205,0
DA:206,0
DA:207,0
DA:208,0
DA:212,0
DA:214,0
DA:217,0
DA:218,0
DA:219,0
DA:220,0
DA:221,0
DA:223,0
DA:224,0
DA:227,0
DA:229,0
DA:231,0
DA:234,2
DA:236,6
DA:238,2
DA:239,3
DA:240,2
DA:243,2
DA:244,2
DA:246,4
DA:248,0
DA:250,0
DA:254,2
DA:258,2
DA:259,2
DA:260,8
DA:261,4
DA:262,4
DA:265,8
DA:268,4
DA:269,0
DA:271,0
DA:273,0
DA:274,0
DA:279,0
DA:280,0
DA:282,0
DA:285,0
DA:288,0
DA:291,0
DA:293,0
DA:296,3
DA:297,3
DA:298,6
DA:302,3
DA:303,3
DA:304,6
LF:120
LH:72
end_of_record
SF:lib/core/network/websocket/websocket_event_parser.dart
DA:9,3
DA:14,2
DA:19,2
DA:24,2
DA:29,2
DA:34,1
DA:39,1
DA:44,2
DA:49,2
DA:58,271
DA:69,3
DA:73,3
DA:74,3
DA:79,3
DA:80,6
DA:82,4
DA:86,3
DA:87,4
DA:90,6
DA:91,4
DA:94,6
DA:95,4
DA:98,3
DA:99,2
DA:102,3
DA:103,2
DA:106,3
DA:107,4
DA:110,2
DA:114,2
DA:115,2
DA:116,2
DA:120,2
DA:121,2
DA:122,2
DA:126,1
DA:127,1
DA:128,1
DA:132,1
DA:133,1
DA:134,1
LF:41
LH:41
end_of_record
SF:lib/core/network/websocket/websocket_events.dart
DA:46,4
DA:70,2
DA:71,2
DA:72,2
DA:73,2
DA:74,2
DA:75,2
DA:76,2
DA:77,2
DA:78,2
DA:79,2
DA:80,2
DA:81,4
DA:82,2
DA:83,2
DA:84,2
DA:85,4
DA:86,2
DA:87,2
DA:88,2
DA:89,2
DA:90,2
DA:91,2
DA:92,2
DA:96,2
DA:97,2
DA:98,4
DA:99,6
DA:100,2
DA:101,2
DA:102,2
DA:103,2
DA:104,2
DA:105,2
DA:106,5
DA:107,2
DA:108,4
DA:109,2
DA:111,0
DA:126,3
DA:137,2
DA:138,2
DA:139,2
DA:140,2
DA:141,2
DA:142,2
DA:143,2
DA:144,2
DA:145,2
DA:146,2
DA:160,4
DA:169,2
DA:170,2
DA:171,2
DA:172,2
DA:173,3
DA:174,3
DA:175,2
DA:176,2
DA:177,2
DA:196,4
DA:209,2
DA:210,2
DA:211,2
DA:212,2
DA:213,2
DA:214,2
DA:215,2
DA:216,2
DA:217,2
DA:218,2
DA:220,2
DA:221,2
DA:222,2
DA:236,3
DA:245,2
DA:246,2
DA:247,2
DA:248,2
DA:249,3
DA:250,2
DA:251,2
DA:252,2
DA:265,1
DA:273,1
DA:274,1
DA:275,1
DA:276,1
DA:277,1
DA:278,1
DA:279,1
DA:280,0
DA:296,2
DA:306,1
DA:307,1
DA:308,1
DA:309,1
DA:310,2
DA:311,2
DA:312,2
DA:313,1
DA:314,1
DA:315,3
DA:316,0
DA:333,3
DA:345,2
DA:346,2
DA:347,2
DA:348,2
DA:349,2
DA:350,4
DA:351,4
DA:352,2
DA:353,2
DA:354,2
DA:355,2
DA:369,2
DA:378,1
DA:379,1
DA:380,1
DA:381,1
DA:382,2
DA:383,2
DA:384,2
DA:385,1
DA:386,3
DA:387,0
DA:398,1
DA:404,1
DA:405,1
DA:406,1
DA:407,1
DA:408,1
DA:409,3
DA:410,0
DA:425,1
DA:435,1
DA:436,1
DA:437,1
DA:438,1
DA:439,1
DA:440,1
DA:441,1
DA:442,1
DA:443,1
DA:444,0
LF:146
LH:140
end_of_record
SF:lib/core/network/websocket/websocket_message_sender.dart
DA:21,2
DA:26,0
DA:28,4
DA:33,0
DA:35,0
DA:46,2
DA:55,0
DA:57,4
DA:62,0
DA:64,0
DA:79,2
DA:84,0
DA:86,4
DA:91,0
DA:93,0
DA:104,2
DA:109,0
DA:111,4
DA:116,0
DA:118,0
DA:129,1
DA:134,0
DA:136,2
DA:141,0
DA:143,0
DA:154,1
DA:158,0
DA:162,0
DA:164,0
DA:174,1
DA:178,0
DA:182,0
DA:184,0
LF:33
LH:12
end_of_record
SF:lib/core/network/websocket/websocket_subscription_manager.dart
DA:36,0
DA:39,0
DA:44,2
DA:50,6
DA:53,4
DA:55,0
DA:60,0
DA:62,6
DA:64,4
DA:68,0
DA:75,0
DA:80,0
DA:82,0
DA:86,0
DA:91,0
DA:92,0
DA:95,0
DA:99,0
DA:100,0
DA:102,0
DA:103,0
DA:108,2
DA:110,6
DA:112,4
DA:113,4
DA:114,0
DA:120,1
DA:130,3
DA:133,2
DA:135,0
DA:141,1
DA:143,0
DA:145,3
DA:147,1
DA:151,0
DA:162,0
DA:173,0
DA:174,0
DA:179,0
DA:180,0
DA:185,0
DA:186,0
DA:191,0
DA:192,0
DA:198,0
DA:204,0
DA:207,0
DA:211,0
DA:212,0
DA:214,0
DA:219,1
DA:221,2
DA:223,1
DA:224,1
DA:227,1
DA:228,1
DA:229,1
DA:230,1
DA:231,1
DA:232,1
DA:233,1
DA:234,1
DA:235,1
DA:236,1
DA:237,1
DA:244,1
DA:246,5
DA:248,4
DA:249,2
DA:250,1
DA:251,1
DA:252,1
DA:253,1
DA:254,1
DA:262,0
DA:273,0
DA:274,0
DA:275,0
DA:278,0
DA:279,0
DA:280,0
DA:283,0
DA:286,0
DA:291,0
DA:292,0
DA:293,0
DA:307,2
DA:308,4
DA:309,4
DA:310,2
DA:311,2
DA:312,2
DA:313,2
DA:314,2
DA:318,0
DA:319,0
DA:320,0
DA:322,0
DA:323,0
DA:324,0
DA:325,0
LF:101
LH:47
end_of_record
SF:lib/core/router/app_router.dart
DA:87,6
DA:88,4
DA:89,2
DA:90,2
DA:97,0
DA:480,0
DA:481,0
DA:482,0
DA:483,0
DA:484,0
DA:489,0
DA:491,0
DA:492,0
LF:13
LH:4
end_of_record
SF:lib/di/injection.dart
DA:14,33
DA:20,0
DA:27,0
DA:31,0
DA:32,0
DA:33,0
DA:37,0
DA:40,0
DA:45,0
DA:53,0
DA:64,0
DA:65,0
DA:67,0
DA:69,0
DA:74,0
DA:75,0
LF:16
LH:1
end_of_record
SF:lib/presentation/blocs/auth/auth_state.dart
DA:19,155
DA:26,141
DA:28,138
DA:30,12
DA:31,11
DA:33,135
DA:35,2
DA:36,1
DA:38,4
DA:39,1
DA:41,1
DA:47,1
DA:48,0
DA:49,1
DA:50,1
DA:51,1
DA:55,3
DA:56,15
LF:18
LH:17
end_of_record
SF:lib/core/utils/debug_logger.dart
DA:4,51
DA:6,17
DA:8,68
LF:3
LH:3
end_of_record
SF:lib/presentation/blocs/chat/chat_list_bloc.dart
DA:28,2
DA:32,2
DA:33,4
DA:34,4
DA:35,4
DA:36,4
DA:37,4
DA:38,4
DA:39,4
DA:40,4
DA:41,4
DA:42,4
DA:43,4
DA:44,4
DA:48,2
DA:52,6
DA:55,4
DA:57,2
DA:58,6
DA:63,3
DA:65,1
DA:70,1
DA:74,1
DA:75,1
DA:79,1
DA:81,2
DA:83,1
DA:84,3
DA:89,3
DA:91,1
DA:94,1
DA:99,2
DA:100,2
DA:101,4
DA:102,4
DA:103,4
DA:104,2
DA:109,1
DA:110,1
DA:111,3
DA:112,1
DA:113,1
DA:118,1
DA:123,3
DA:124,1
DA:126,3
DA:128,1
DA:133,1
DA:138,4
DA:139,1
DA:141,3
DA:143,1
DA:148,2
DA:152,8
DA:154,4
DA:156,14
DA:158,2
DA:159,3
DA:160,1
DA:164,8
DA:165,6
DA:167,6
DA:169,3
DA:170,8
DA:172,2
DA:173,3
DA:174,4
DA:175,3
DA:180,2
DA:182,4
DA:183,3
DA:184,4
DA:185,2
DA:188,6
DA:191,2
DA:195,6
DA:197,4
DA:198,3
DA:199,3
DA:200,3
DA:202,4
DA:203,1
DA:205,2
DA:206,1
DA:207,3
DA:209,2
DA:210,3
DA:213,6
DA:216,6
DA:217,6
DA:219,8
DA:220,1
DA:221,4
DA:222,2
DA:223,1
DA:224,1
DA:225,1
DA:226,1
DA:227,1
DA:228,1
DA:229,1
DA:232,0
DA:233,0
DA:238,8
DA:239,0
DA:240,0
DA:242,0
DA:243,0
DA:248,8
DA:249,0
DA:250,0
DA:251,0
DA:252,0
DA:253,0
DA:254,0
DA:257,0
DA:258,0
DA:264,1
DA:268,1
DA:269,2
DA:270,1
DA:271,2
DA:272,1
DA:273,2
DA:274,1
DA:277,1
DA:281,1
DA:282,2
DA:283,1
DA:284,2
DA:285,1
DA:286,2
DA:287,1
DA:288,1
DA:289,1
DA:290,1
DA:291,1
DA:292,1
DA:295,1
DA:299,3
DA:301,4
DA:302,3
DA:303,3
DA:304,1
DA:307,1
DA:309,3
DA:312,1
DA:316,3
DA:317,2
DA:320,1
DA:324,3
DA:325,1
DA:328,1
DA:332,4
DA:334,4
DA:335,3
DA:336,1
DA:337,1
DA:338,1
DA:342,1
DA:344,3
DA:347,2
DA:349,4
DA:350,4
DA:351,4
DA:352,3
DA:353,2
DA:356,1
DA:359,2
DA:360,3
DA:364,1
DA:367,1
DA:368,0
DA:369,0
DA:370,0
DA:371,0
DA:376,4
DA:377,2
DA:378,1
DA:379,1
DA:380,1
DA:381,1
DA:382,1
DA:388,1
DA:389,1
DA:391,0
LF:186
LH:167
end_of_record
SF:lib/presentation/blocs/chat/chat_room_bloc.dart
DA:60,2
DA:68,2
DA:70,6
DA:71,6
DA:72,6
DA:73,4
DA:74,2
DA:75,2
DA:76,2
DA:80,4
DA:81,4
DA:82,4
DA:83,4
DA:84,4
DA:85,4
DA:86,4
DA:87,4
DA:88,4
DA:89,4
DA:90,4
DA:91,4
DA:92,4
DA:93,4
DA:94,4
DA:95,4
DA:96,4
DA:97,4
DA:98,4
DA:99,4
DA:100,4
DA:101,4
DA:102,4
DA:103,4
DA:104,4
DA:105,4
DA:106,4
DA:107,4
DA:108,4
DA:109,4
DA:110,4
DA:113,2
DA:117,6
DA:119,2
DA:120,2
DA:124,4
DA:126,4
DA:131,4
DA:132,4
DA:134,0
DA:140,4
DA:141,2
DA:143,0
DA:147,6
DA:148,6
DA:150,6
DA:152,2
DA:154,2
DA:161,6
DA:162,2
DA:163,0
DA:166,0
DA:179,6
DA:180,2
DA:181,2
DA:182,2
DA:183,2
DA:184,2
DA:186,2
DA:189,6
DA:190,10
DA:192,4
DA:195,2
DA:196,8
DA:197,0
DA:198,0
DA:199,0
DA:203,6
DA:205,4
DA:206,4
DA:207,4
DA:216,2
DA:219,2
DA:221,2
DA:222,0
DA:223,0
DA:224,0
DA:225,0
DA:226,0
DA:227,0
DA:229,8
DA:231,2
DA:232,10
DA:235,2
DA:238,3
DA:239,0
DA:240,0
DA:241,0
DA:243,3
DA:245,1
DA:251,2
DA:252,4
DA:253,4
DA:254,4
DA:258,0
DA:259,0
DA:263,0
DA:266,0
DA:270,4
DA:273,2
DA:274,2
DA:275,2
DA:276,2
DA:277,2
DA:278,2
DA:279,2
DA:284,2
DA:285,10
DA:287,2
DA:288,12
DA:290,4
DA:291,2
DA:292,8
DA:294,4
DA:295,0
DA:296,0
DA:298,0
DA:299,0
DA:301,4
DA:302,0
DA:303,0
DA:305,0
DA:306,0
DA:310,5
DA:314,2
DA:315,8
DA:317,4
DA:318,4
DA:319,2
DA:320,2
DA:321,2
DA:326,1
DA:327,2
DA:328,4
DA:330,2
DA:331,1
DA:332,1
DA:333,1
DA:338,1
DA:339,3
DA:341,2
DA:342,3
DA:346,1
DA:347,3
DA:349,2
DA:350,2
DA:351,1
DA:352,1
DA:357,1
DA:358,3
DA:360,2
DA:361,2
DA:362,1
DA:363,1
DA:364,1
DA:365,1
DA:366,1
DA:371,1
DA:372,6
DA:374,2
DA:375,1
DA:376,1
DA:377,1
DA:378,2
DA:379,1
DA:383,1
DA:387,4
DA:389,2
DA:390,4
DA:392,2
DA:393,1
DA:396,6
DA:397,6
DA:399,2
DA:400,1
DA:402,2
DA:403,0
DA:405,2
DA:406,1
DA:407,1
DA:410,2
DA:411,2
DA:412,1
DA:414,1
DA:417,2
DA:418,2
DA:419,4
DA:420,0
DA:424,2
DA:425,4
DA:426,2
DA:429,0
DA:430,0
DA:431,0
DA:434,1
DA:438,2
DA:439,1
DA:440,0
DA:441,0
DA:445,1
DA:449,2
DA:450,4
DA:452,4
DA:454,2
DA:456,2
DA:458,2
DA:459,3
DA:460,2
DA:463,2
DA:468,4
DA:469,0
DA:470,0
DA:474,1
DA:478,5
DA:481,1
DA:482,1
DA:483,1
DA:486,6
DA:490,6
DA:495,2
DA:496,1
DA:497,1
DA:498,1
DA:503,2
DA:504,0
DA:506,2
DA:507,1
DA:509,0
DA:513,2
DA:517,10
DA:519,2
DA:520,1
DA:524,8
DA:526,4
DA:527,0
DA:529,4
DA:532,2
DA:535,1
DA:536,2
DA:541,1
DA:543,3
DA:545,0
DA:549,1
DA:550,4
DA:552,0
DA:553,0
DA:555,0
DA:563,2
DA:566,0
DA:570,12
DA:571,8
DA:574,4
DA:575,6
DA:576,4
DA:579,4
DA:585,1
DA:589,4
DA:592,1
DA:596,3
DA:599,1
DA:603,3
DA:605,4
DA:606,3
DA:608,3
DA:611,2
DA:616,1
DA:621,4
DA:622,1
DA:623,2
DA:625,1
DA:626,0
DA:627,0
DA:630,0
DA:636,2
DA:638,2
DA:639,3
DA:640,2
DA:641,4
DA:642,5
DA:643,1
DA:645,4
DA:646,8
DA:647,8
DA:649,4
DA:650,4
DA:651,2
DA:654,1
DA:659,2
DA:660,0
DA:665,6
DA:666,2
DA:667,2
DA:668,2
DA:669,2
DA:673,6
DA:678,3
DA:681,4
DA:682,3
DA:684,2
DA:685,2
DA:689,3
DA:690,1
DA:696,1
DA:700,4
DA:702,1
DA:703,2
DA:705,1
DA:706,3
DA:707,2
DA:708,2
DA:709,1
DA:710,1
DA:713,1
DA:717,4
DA:718,2
DA:721,5
DA:725,1
DA:727,1
DA:728,1
DA:732,1
DA:734,2
DA:735,1
DA:736,2
DA:744,1
DA:750,2
DA:754,2
DA:755,1
DA:756,2
DA:758,2
DA:759,1
DA:760,2
DA:763,1
DA:770,1
DA:774,1
DA:775,3
DA:778,2
DA:779,1
DA:782,5
DA:784,4
DA:785,2
DA:786,1
DA:789,3
DA:790,2
DA:791,1
DA:796,2
DA:800,20
DA:802,10
DA:803,6
DA:808,10
DA:809,4
DA:814,12
DA:815,4
DA:819,8
DA:820,6
DA:825,10
DA:826,4
DA:827,4
DA:828,2
DA:831,0
DA:833,0
DA:834,0
DA:835,0
DA:843,6
DA:845,8
DA:846,10
DA:848,6
DA:849,4
DA:852,10
DA:854,4
DA:855,2
DA:856,5
DA:857,2
DA:861,1
DA:862,1
DA:863,2
DA:864,3
DA:865,6
DA:866,3
DA:867,0
DA:868,0
DA:869,0
DA:870,0
DA:879,1
DA:884,6
DA:885,4
DA:889,3
DA:890,3
DA:892,5
DA:894,4
DA:898,1
DA:902,3
DA:903,3
DA:904,5
DA:907,1
DA:911,3
DA:912,2
DA:913,1
DA:914,3
DA:916,5
DA:919,1
DA:923,3
DA:924,2
DA:925,1
DA:926,2
DA:927,1
DA:928,1
DA:929,1
DA:930,1
DA:933,5
DA:936,2
DA:940,10
DA:942,4
DA:944,8
DA:947,8
DA:948,6
DA:949,2
DA:954,2
DA:956,8
DA:958,4
DA:961,2
DA:962,6
DA:963,6
DA:969,1
DA:970,3
DA:971,3
DA:977,3
DA:981,8
DA:985,9
DA:986,14
DA:994,1
DA:999,4
DA:1002,8
DA:1004,4
DA:1006,1
DA:1007,1
DA:1008,3
DA:1012,6
DA:1018,1
DA:1023,2
DA:1025,3
DA:1028,4
DA:1030,1
DA:1031,3
DA:1033,4
DA:1034,0
DA:1035,0
DA:1036,0
DA:1037,0
DA:1043,2
DA:1044,3
DA:1047,3
DA:1050,1
DA:1054,4
DA:1056,2
DA:1058,2
DA:1059,2
DA:1060,2
DA:1061,0
DA:1062,0
DA:1067,1
DA:1071,4
DA:1072,2
DA:1074,2
DA:1075,2
DA:1076,2
DA:1080,1
DA:1085,6
DA:1086,4
DA:1090,2
DA:1091,1
DA:1092,1
DA:1095,2
DA:1096,1
DA:1097,3
DA:1100,5
DA:1102,4
DA:1106,1
DA:1110,2
DA:1114,2
DA:1115,3
DA:1117,4
DA:1121,1
DA:1125,2
DA:1128,3
DA:1131,2
DA:1133,1
DA:1135,3
DA:1140,3
DA:1142,3
DA:1145,1
DA:1147,2
DA:1151,1
DA:1155,3
DA:1157,3
DA:1158,1
DA:1159,1
DA:1160,1
DA:1164,1
DA:1168,2
DA:1170,3
DA:1173,2
DA:1174,2
DA:1175,1
DA:1176,1
DA:1177,3
DA:1181,3
DA:1186,2
DA:1187,2
DA:1188,1
DA:1189,1
DA:1190,1
DA:1193,2
DA:1194,3
DA:1203,1
DA:1207,3
DA:1208,2
DA:1210,3
DA:1213,3
DA:1214,5
DA:1217,1
DA:1218,1
DA:1219,2
DA:1220,1
DA:1221,2
DA:1226,1
DA:1230,3
DA:1231,3
DA:1232,5
DA:1240,1
DA:1244,4
DA:1247,6
DA:1248,4
DA:1252,2
DA:1254,1
DA:1256,1
DA:1258,1
DA:1260,3
DA:1261,5
DA:1264,2
DA:1265,1
DA:1266,1
DA:1271,1
DA:1275,4
DA:1278,6
DA:1279,4
DA:1283,2
DA:1285,4
DA:1286,5
DA:1289,2
DA:1290,1
DA:1291,1
DA:1296,1
DA:1300,6
DA:1303,6
DA:1304,4
DA:1307,1
DA:1308,1
DA:1309,1
DA:1310,1
DA:1311,1
DA:1312,1
DA:1313,1
DA:1315,3
DA:1317,5
DA:1320,5
LF:574
LH:511
end_of_record
SF:lib/presentation/blocs/chat/message_search/message_search_bloc.dart
DA:18,2
DA:19,1
DA:20,1
DA:21,1
DA:22,1
DA:23,1
DA:25,2
DA:26,2
DA:29,1
DA:33,2
DA:36,1
DA:37,1
DA:42,2
DA:43,3
DA:45,1
DA:46,1
DA:52,3
DA:54,1
DA:59,3
DA:61,2
DA:63,1
DA:67,3
DA:69,3
DA:74,2
DA:76,3
DA:78,1
DA:83,1
DA:87,1
DA:90,1
DA:94,3
DA:95,1
LF:31
LH:31
end_of_record
SF:lib/presentation/blocs/friend/friend_bloc.dart
DA:21,4
DA:22,4
DA:23,4
DA:24,4
DA:25,4
DA:26,4
DA:27,4
DA:28,4
DA:29,4
DA:30,4
DA:31,4
DA:32,4
DA:33,4
DA:34,4
DA:35,4
DA:36,4
DA:37,4
DA:38,4
DA:39,4
DA:42,1
DA:46,1
DA:47,1
DA:48,4
DA:49,0
DA:50,0
DA:51,0
DA:52,0
DA:53,0
DA:57,1
DA:58,4
DA:59,0
DA:60,0
DA:61,0
DA:62,0
DA:63,0
DA:64,0
DA:69,1
DA:73,2
DA:74,1
DA:75,2
DA:76,1
DA:79,1
DA:83,4
DA:85,4
DA:86,4
DA:87,4
DA:88,1
DA:89,2
DA:90,1
DA:91,1
DA:96,1
DA:98,3
DA:101,1
DA:105,4
DA:107,4
DA:108,4
DA:109,4
DA:110,1
DA:111,2
DA:112,1
DA:113,1
DA:114,1
DA:119,1
DA:121,3
DA:124,2
DA:126,3
DA:127,3
DA:128,2
DA:131,1
DA:135,3
DA:138,2
DA:140,4
DA:141,3
DA:146,3
DA:148,1
DA:153,1
DA:157,3
DA:159,3
DA:160,2
DA:161,3
DA:166,4
DA:170,1
DA:174,3
DA:176,3
DA:177,2
DA:179,4
DA:180,2
DA:181,3
DA:188,4
DA:192,1
DA:196,3
DA:198,3
DA:199,2
DA:200,3
DA:205,4
DA:209,1
DA:214,3
DA:215,2
DA:216,6
DA:217,1
DA:218,3
DA:223,4
DA:227,1
DA:231,2
DA:233,1
DA:234,3
DA:235,1
DA:244,3
DA:252,2
DA:253,3
DA:259,3
DA:261,1
DA:262,1
DA:267,1
DA:271,3
DA:273,2
DA:274,3
DA:279,4
DA:283,1
DA:287,3
DA:289,2
DA:290,3
DA:295,4
DA:299,2
DA:304,4
DA:305,4
DA:306,12
DA:307,2
DA:308,6
DA:311,6
DA:314,6
DA:316,2
DA:321,2
DA:325,6
DA:327,6
DA:328,4
DA:329,6
DA:334,8
DA:338,2
DA:342,6
DA:347,4
DA:348,6
DA:354,6
DA:356,2
DA:361,2
DA:366,4
DA:367,4
DA:368,12
DA:369,2
DA:370,6
DA:373,6
DA:376,6
DA:378,2
DA:383,2
DA:387,6
DA:389,6
DA:390,4
DA:391,6
DA:396,8
DA:400,2
DA:404,6
DA:409,4
DA:410,6
DA:416,6
DA:418,2
LF:165
LH:154
end_of_record
SF:lib/presentation/blocs/auth/email_verification_bloc.dart
DA:14,1
DA:15,1
DA:16,2
DA:17,2
DA:20,1
DA:24,1
DA:27,3
DA:28,1
DA:30,1
DA:31,2
DA:35,1
DA:39,1
LF:12
LH:12
end_of_record
SF:lib/presentation/blocs/auth/find_email_bloc.dart
DA:8,0
DA:9,0
DA:16,2
DA:18,1
DA:19,3
DA:33,137
DA:40,1
DA:46,1
DA:47,0
DA:48,1
DA:49,1
DA:50,1
DA:54,1
DA:55,5
DA:62,2
DA:63,2
DA:64,2
DA:67,1
DA:71,3
DA:74,2
DA:75,1
DA:76,1
DA:79,1
DA:80,1
DA:81,1
DA:84,3
DA:90,3
DA:96,3
DA:98,1
DA:103,1
DA:104,1
LF:31
LH:28
end_of_record
SF:lib/presentation/blocs/auth/forgot_password_bloc.dart
DA:8,0
DA:9,0
DA:14,2
DA:16,1
DA:17,2
DA:23,2
DA:25,0
DA:26,0
DA:33,1
DA:39,0
DA:40,0
DA:57,137
DA:65,1
DA:72,1
DA:73,1
DA:74,0
DA:75,1
DA:76,1
DA:81,1
DA:82,6
DA:89,2
DA:90,2
DA:91,2
DA:92,2
DA:93,2
DA:96,1
DA:100,3
DA:102,3
DA:103,3
DA:106,1
DA:109,3
DA:111,1
DA:116,1
DA:120,3
DA:122,2
DA:123,1
DA:124,1
DA:127,3
DA:130,1
DA:133,3
DA:139,3
DA:141,1
DA:146,1
DA:150,3
DA:152,2
DA:153,1
DA:154,1
DA:155,1
DA:157,3
DA:162,3
DA:164,1
DA:169,1
DA:170,1
LF:53
LH:46
end_of_record
SF:lib/presentation/pages/auth/email_verification_page.dart
DA:14,1
DA:16,1
DA:18,1
DA:19,1
DA:20,1
DA:22,0
DA:26,1
DA:27,0
DA:28,0
DA:29,0
DA:35,0
DA:36,0
DA:37,0
DA:38,0
DA:44,1
DA:45,1
DA:46,1
DA:47,1
DA:49,1
DA:51,1
DA:53,1
DA:60,1
DA:62,1
DA:63,1
DA:64,1
DA:65,1
DA:71,1
DA:72,2
DA:73,3
DA:77,1
DA:80,4
DA:81,1
DA:82,1
DA:83,1
DA:88,1
DA:91,1
DA:92,2
DA:95,1
DA:96,2
DA:97,2
DA:100,2
DA:112,1
DA:115,1
DA:116,0
LF:44
LH:35
end_of_record
SF:lib/presentation/pages/auth/find_email_page.dart
DA:9,135
DA:11,1
DA:12,1
DA:20,1
DA:22,2
DA:23,2
DA:24,1
DA:27,1
DA:28,3
DA:29,3
DA:30,1
DA:31,3
DA:32,3
DA:38,1
DA:40,1
DA:41,1
DA:43,1
DA:45,0
DA:48,1
DA:49,1
DA:50,2
DA:51,0
DA:52,0
DA:54,2
DA:55,2
DA:56,1
DA:57,2
DA:61,2
DA:62,2
DA:63,1
DA:64,2
DA:70,1
DA:71,1
DA:72,1
DA:73,1
DA:75,1
DA:77,1
DA:78,1
DA:79,1
DA:81,1
DA:88,1
DA:90,3
DA:94,1
DA:95,1
DA:101,1
DA:102,2
DA:109,1
DA:110,1
DA:118,1
DA:119,2
DA:124,0
DA:127,1
DA:129,1
DA:130,2
DA:132,1
DA:133,2
LF:56
LH:52
end_of_record
SF:lib/presentation/pages/auth/find_email_result_page.dart
DA:9,1
DA:11,1
DA:13,1
DA:14,1
DA:16,1
DA:18,0
DA:21,1
DA:22,1
DA:23,1
DA:25,1
DA:27,1
DA:30,1
DA:37,1
DA:39,4
DA:45,1
DA:47,1
DA:48,1
DA:49,1
DA:51,1
DA:52,1
DA:53,4
DA:61,1
DA:63,1
DA:64,0
DA:69,1
DA:71,1
DA:72,0
LF:27
LH:24
end_of_record
SF:lib/presentation/pages/auth/forgot_password_page.dart
DA:11,135
DA:13,1
DA:14,1
DA:28,1
DA:30,2
DA:31,2
DA:32,2
DA:33,2
DA:34,1
DA:37,1
DA:38,3
DA:39,3
DA:40,4
DA:45,1
DA:46,3
DA:47,3
DA:48,1
DA:49,3
DA:50,3
DA:56,0
DA:57,0
DA:58,0
DA:59,0
DA:60,0
DA:61,0
DA:62,0
DA:63,0
DA:69,1
DA:71,1
DA:72,1
DA:74,1
DA:76,0
DA:79,1
DA:80,1
DA:81,2
DA:82,1
DA:83,2
DA:84,1
DA:85,2
DA:90,2
DA:91,2
DA:97,1
DA:100,1
DA:101,1
DA:102,1
DA:103,1
DA:105,1
DA:107,1
DA:117,1
DA:118,1
DA:119,1
DA:120,1
DA:121,1
DA:122,1
DA:123,1
DA:124,1
DA:125,1
DA:130,1
DA:131,1
DA:132,1
DA:133,1
DA:135,1
DA:138,1
DA:140,4
DA:144,1
DA:145,1
DA:153,0
DA:156,1
DA:158,1
DA:159,2
DA:161,1
DA:162,2
DA:175,1
DA:176,1
DA:177,1
DA:178,1
DA:180,1
DA:183,1
DA:184,2
DA:185,4
DA:189,1
DA:190,1
DA:199,2
DA:200,1
DA:201,2
DA:204,2
DA:209,0
DA:212,1
DA:214,1
DA:215,2
DA:217,1
DA:218,2
DA:227,1
DA:228,2
DA:230,0
DA:231,0
DA:232,0
DA:233,0
DA:244,1
DA:245,1
DA:246,1
DA:247,1
DA:249,1
DA:252,1
DA:254,4
DA:258,1
DA:259,1
DA:260,1
DA:263,1
DA:264,1
DA:265,1
DA:267,0
DA:270,1
DA:275,1
DA:276,1
DA:277,1
DA:280,1
DA:281,1
DA:282,1
DA:284,0
DA:287,1
DA:289,0
DA:290,0
DA:293,1
DA:295,1
DA:296,2
DA:298,1
DA:299,2
LF:128
LH:109
end_of_record
SF:lib/presentation/pages/auth/login_page.dart
DA:12,135
DA:14,1
DA:15,1
DA:25,1
DA:27,1
DA:28,3
DA:31,1
DA:33,3
DA:34,2
DA:35,2
DA:36,1
DA:39,1
DA:40,3
DA:41,2
DA:42,2
DA:43,1
DA:48,1
DA:49,3
DA:50,3
DA:51,1
DA:52,3
DA:53,2
DA:59,1
DA:61,1
DA:62,1
DA:63,1
DA:64,2
DA:65,0
DA:66,2
DA:67,1
DA:68,2
DA:70,0
DA:71,0
DA:74,2
DA:75,1
DA:76,2
DA:83,1
DA:84,1
DA:85,1
DA:86,1
DA:88,1
DA:90,1
DA:91,1
DA:92,1
DA:95,1
DA:102,1
DA:104,4
DA:111,1
DA:112,1
DA:122,1
DA:123,1
DA:124,1
DA:127,1
DA:128,1
DA:129,1
DA:133,1
DA:134,2
DA:135,2
DA:140,1
DA:143,0
DA:145,1
DA:146,1
DA:148,1
DA:149,1
DA:150,1
DA:153,1
DA:156,1
DA:158,1
DA:160,1
DA:166,1
DA:167,1
DA:169,1
DA:170,2
DA:172,1
DA:173,2
DA:185,1
DA:186,1
DA:187,0
DA:190,1
DA:191,1
DA:193,1
DA:194,1
DA:195,0
DA:199,1
DA:200,0
LF:85
LH:78
end_of_record
SF:lib/presentation/pages/auth/signup_page.dart
DA:12,135
DA:14,1
DA:15,1
DA:28,1
DA:30,1
DA:31,3
DA:32,3
DA:35,1
DA:37,3
DA:38,3
DA:39,2
DA:40,2
DA:41,2
DA:42,2
DA:43,1
DA:46,1
DA:47,3
DA:48,3
DA:49,2
DA:50,2
DA:51,1
DA:56,1
DA:57,3
DA:58,3
DA:59,1
DA:60,3
DA:61,2
DA:62,3
DA:68,1
DA:70,1
DA:71,1
DA:73,1
DA:75,0
DA:78,1
DA:79,1
DA:80,2
DA:82,0
DA:83,0
DA:85,2
DA:87,0
DA:88,2
DA:89,2
DA:90,1
DA:91,2
DA:97,1
DA:98,1
DA:99,1
DA:100,1
DA:102,1
DA:104,1
DA:105,1
DA:106,1
DA:108,1
DA:109,1
DA:110,1
DA:120,1
DA:121,1
DA:130,1
DA:131,1
DA:132,1
DA:135,1
DA:136,1
DA:137,1
DA:141,1
DA:142,2
DA:143,2
DA:148,1
DA:153,1
DA:154,1
DA:155,1
DA:158,1
DA:159,1
DA:160,1
DA:164,0
DA:165,0
DA:166,0
DA:167,0
DA:172,1
DA:174,2
DA:176,2
DA:178,0
DA:180,1
DA:181,1
DA:183,1
DA:184,1
DA:185,1
DA:188,1
DA:191,1
DA:193,1
DA:195,1
DA:201,1
DA:202,1
DA:204,1
DA:205,2
DA:207,1
DA:208,2
LF:96
LH:87
end_of_record
SF:lib/presentation/pages/chat/chat_list_page.dart
DA:15,135
DA:17,1
DA:18,1
DA:27,1
DA:29,1
DA:32,2
DA:33,3
DA:34,3
DA:35,1
DA:39,3
DA:40,2
DA:41,4
DA:46,1
DA:50,2
DA:51,1
DA:54,1
DA:55,2
DA:56,2
DA:57,1
DA:58,2
DA:59,1
DA:65,1
DA:66,3
DA:67,2
DA:68,1
DA:72,1
DA:73,3
DA:74,1
DA:78,1
DA:79,2
DA:81,2
DA:82,2
DA:83,2
DA:84,1
DA:88,1
DA:89,1
DA:97,1
DA:98,1
DA:100,1
DA:102,1
DA:104,0
DA:113,1
DA:114,1
DA:115,1
DA:117,1
DA:119,1
DA:120,1
DA:122,1
DA:124,1
DA:125,2
DA:131,1
DA:133,2
DA:136,1
DA:137,2
DA:138,1
DA:140,1
DA:141,2
DA:150,1
DA:152,1
DA:153,1
DA:155,1
DA:156,1
DA:157,3
DA:158,1
DA:159,1
DA:160,1
DA:161,2
DA:162,1
DA:163,2
DA:164,1
DA:173,1
DA:174,3
DA:175,1
DA:176,1
DA:177,2
DA:178,2
DA:182,2
DA:183,1
DA:184,1
DA:186,1
DA:187,1
DA:189,2
DA:192,1
DA:193,1
DA:195,1
DA:196,1
DA:205,2
DA:212,2
DA:215,2
DA:216,1
DA:217,1
DA:219,1
DA:220,1
DA:223,1
DA:226,1
DA:227,2
DA:228,1
DA:229,1
DA:238,1
DA:239,1
DA:241,1
DA:242,1
DA:244,1
DA:245,1
DA:246,2
DA:249,1
DA:251,1
DA:252,1
DA:253,1
DA:254,1
DA:269,1
DA:271,1
DA:273,3
DA:274,0
DA:277,3
DA:278,0
DA:283,1
DA:285,3
DA:286,1
DA:287,3
DA:296,3
DA:303,1
DA:305,1
DA:306,0
DA:307,1
DA:309,1
DA:310,1
DA:312,1
DA:313,1
DA:314,1
DA:317,2
DA:318,3
DA:321,5
DA:322,1
DA:325,1
DA:328,1
DA:331,1
DA:342,1
DA:343,1
DA:345,1
DA:346,1
DA:347,1
DA:348,1
DA:349,1
DA:350,1
DA:353,1
DA:355,3
DA:358,1
DA:362,2
DA:363,1
DA:365,1
DA:366,3
DA:367,1
DA:369,1
DA:370,3
DA:379,1
DA:380,1
DA:381,1
DA:382,1
DA:383,2
DA:386,1
DA:388,3
DA:389,1
DA:390,1
DA:391,3
DA:397,4
DA:399,1
DA:404,1
DA:406,1
DA:408,1
DA:409,3
DA:411,3
LF:172
LH:168
end_of_record
SF:lib/presentation/pages/chat/chat_room_page.dart
DA:34,1
DA:40,1
DA:41,1
DA:67,1
DA:69,1
DA:70,2
DA:71,3
DA:72,3
DA:80,2
DA:83,2
DA:86,2
DA:89,2
DA:91,1
DA:92,1
DA:93,1
DA:94,1
DA:97,1
DA:98,3
DA:99,2
DA:100,2
DA:106,5
DA:108,3
DA:110,4
DA:111,5
DA:112,2
DA:114,1
DA:115,1
DA:118,3
DA:122,2
DA:124,1
DA:126,3
DA:127,2
DA:132,2
DA:134,5
DA:136,2
DA:141,5
DA:143,3
DA:144,1
DA:146,1
DA:147,2
DA:148,2
DA:149,1
DA:150,4
DA:153,2
DA:154,2
DA:155,2
DA:156,3
DA:157,2
DA:158,1
DA:159,0
DA:160,0
DA:161,0
DA:162,0
DA:163,0
DA:166,1
DA:167,3
DA:168,4
DA:169,2
DA:173,2
DA:174,2
DA:175,2
DA:176,2
DA:178,1
DA:179,3
DA:180,4
DA:181,2
DA:188,1
DA:189,2
DA:190,0
DA:194,1
DA:195,2
DA:199,2
DA:200,2
DA:201,2
DA:202,0
DA:206,1
DA:207,0
DA:211,4
DA:214,0
DA:215,0
DA:216,0
DA:217,0
DA:218,0
DA:222,1
DA:223,1
DA:224,1
DA:227,2
DA:228,2
DA:230,2
DA:231,2
DA:235,1
DA:237,2
DA:238,1
DA:240,2
DA:243,1
DA:244,2
DA:245,1
DA:249,1
DA:250,1
DA:254,2
DA:255,3
DA:256,2
DA:257,2
DA:259,2
DA:260,2
DA:264,1
DA:265,1
DA:267,2
DA:268,1
DA:269,2
DA:270,1
DA:273,2
DA:274,2
DA:275,5
DA:278,1
DA:279,1
DA:280,1
DA:282,2
DA:283,2
DA:284,0
DA:285,0
DA:287,0
DA:288,0
DA:295,1
DA:297,2
DA:298,2
DA:299,2
DA:300,1
DA:301,2
DA:302,2
DA:303,2
DA:304,2
DA:308,2
DA:311,2
DA:312,2
DA:314,2
DA:315,2
DA:319,2
DA:321,1
DA:324,0
DA:325,0
DA:326,0
DA:327,0
DA:331,0
DA:332,0
DA:333,0
DA:334,0
DA:336,0
DA:343,1
DA:345,2
DA:346,0
DA:352,1
DA:353,3
DA:354,1
DA:356,4
DA:357,2
DA:358,2
DA:361,3
DA:362,1
DA:366,0
DA:367,0
DA:370,1
DA:371,2
DA:373,0
DA:379,0
DA:383,1
DA:384,1
DA:385,1
DA:388,0
DA:391,0
DA:392,0
DA:393,0
DA:394,0
DA:396,0
DA:398,0
DA:400,0
DA:404,0
DA:405,0
DA:414,1
DA:415,1
DA:418,2
DA:419,1
DA:420,1
DA:423,1
DA:424,1
DA:426,1
DA:428,1
DA:431,1
DA:432,1
DA:433,1
DA:437,1
DA:440,1
DA:441,1
DA:442,1
DA:445,1
DA:448,0
DA:449,0
DA:451,0
DA:452,0
DA:453,0
DA:458,1
DA:461,1
DA:462,1
DA:463,1
DA:474,1
DA:475,1
DA:477,2
DA:480,1
DA:481,1
DA:482,2
DA:485,1
DA:486,1
DA:487,1
DA:488,2
DA:490,1
DA:498,1
DA:499,2
DA:500,2
DA:501,1
DA:502,3
DA:507,0
DA:508,0
DA:509,0
DA:513,1
DA:515,1
DA:516,1
DA:517,1
DA:519,0
DA:520,0
DA:521,0
DA:524,0
DA:527,1
DA:528,1
DA:529,3
DA:530,3
DA:531,3
DA:532,1
DA:533,1
DA:534,1
DA:543,1
DA:544,2
DA:545,1
DA:547,1
DA:549,1
DA:551,2
DA:553,1
DA:554,1
DA:556,1
DA:563,1
DA:564,1
DA:566,1
DA:567,1
DA:568,2
DA:572,0
DA:576,0
DA:578,0
DA:579,0
DA:580,0
DA:582,0
DA:583,0
DA:585,0
DA:587,0
DA:588,0
DA:595,1
DA:596,1
DA:597,3
DA:599,1
DA:600,3
DA:601,4
DA:606,1
DA:607,1
DA:608,2
DA:610,1
DA:611,2
DA:612,2
DA:614,1
DA:618,1
DA:619,1
DA:620,2
DA:622,1
DA:623,1
DA:624,2
DA:625,1
DA:626,3
DA:630,2
DA:631,2
DA:633,1
DA:634,2
DA:635,1
DA:636,3
DA:644,1
DA:645,1
DA:646,1
DA:647,3
DA:648,1
DA:650,1
DA:651,1
DA:652,2
DA:653,1
DA:654,2
DA:662,1
DA:663,1
DA:664,2
DA:666,1
DA:667,1
DA:668,2
DA:678,1
DA:679,1
DA:680,2
DA:681,1
DA:682,1
DA:684,1
DA:685,2
DA:686,1
DA:687,1
DA:689,1
DA:690,1
DA:691,1
DA:692,1
DA:694,1
DA:696,0
DA:697,0
DA:698,0
DA:701,1
DA:702,1
DA:703,1
DA:705,2
DA:708,1
DA:709,1
DA:710,3
DA:711,1
DA:712,1
DA:713,1
DA:714,1
DA:715,1
DA:716,1
DA:717,2
DA:719,1
DA:720,0
DA:721,0
DA:728,1
DA:731,1
DA:732,1
DA:733,1
DA:734,0
DA:735,0
DA:736,0
DA:737,0
LF:348
LH:276
end_of_record
SF:lib/presentation/pages/chat/direct_chat_page.dart
DA:15,1
DA:21,1
DA:22,1
DA:29,0
DA:30,0
DA:31,0
DA:34,1
DA:36,1
DA:37,1
DA:40,1
DA:42,2
DA:43,0
DA:45,0
DA:47,0
DA:50,1
DA:51,2
DA:52,1
DA:53,3
DA:59,1
DA:61,1
DA:62,1
DA:63,1
DA:64,2
DA:66,1
DA:68,0
DA:71,1
DA:72,1
DA:73,0
DA:75,0
DA:78,0
DA:79,0
DA:80,0
DA:84,1
DA:86,1
DA:89,1
DA:90,1
DA:95,1
DA:96,0
DA:97,0
DA:98,0
DA:99,0
DA:101,0
LF:42
LH:25
end_of_record
SF:lib/presentation/pages/friends/friend_list_page.dart
DA:18,135
DA:20,1
DA:21,1
DA:28,1
DA:30,1
DA:31,3
DA:34,1
DA:36,1
DA:38,3
DA:40,3
DA:43,1
DA:45,1
DA:47,2
DA:48,1
DA:51,1
DA:53,1
DA:54,1
DA:55,1
DA:56,1
DA:57,4
DA:58,1
DA:59,1
DA:60,2
DA:61,1
DA:62,3
DA:69,1
DA:70,1
DA:71,3
DA:72,1
DA:73,1
DA:74,2
DA:75,3
DA:80,1
DA:81,1
DA:89,1
DA:90,1
DA:93,2
DA:95,1
DA:98,0
DA:100,0
DA:102,0
DA:103,0
DA:111,1
DA:112,1
DA:113,4
DA:117,2
DA:118,1
DA:119,1
DA:121,1
DA:122,1
DA:124,2
DA:127,1
DA:128,1
DA:130,1
DA:131,1
DA:140,1
DA:141,1
DA:142,2
DA:144,1
DA:145,1
DA:147,1
DA:148,1
DA:149,1
DA:150,1
DA:153,1
DA:159,1
DA:160,1
DA:162,1
DA:169,1
DA:170,1
DA:172,1
DA:173,3
DA:174,1
DA:177,1
DA:184,2
DA:185,1
DA:186,1
DA:187,1
DA:189,1
DA:190,1
DA:193,2
DA:196,1
DA:198,4
DA:199,1
DA:203,1
DA:205,4
DA:206,2
DA:210,1
DA:211,2
DA:214,1
DA:228,1
DA:229,1
DA:230,4
DA:231,2
DA:243,1
DA:244,1
DA:247,1
DA:248,1
DA:249,1
DA:250,1
DA:251,1
DA:252,0
DA:256,2
DA:257,1
DA:265,1
DA:267,1
DA:269,1
DA:270,0
DA:271,1
DA:273,1
DA:274,1
DA:275,1
DA:278,2
DA:279,0
DA:281,2
DA:282,1
DA:283,3
DA:284,4
DA:295,1
DA:296,1
DA:298,1
DA:299,1
DA:300,2
DA:301,1
DA:304,1
DA:307,6
DA:309,1
DA:310,2
DA:311,1
DA:313,1
DA:332,1
DA:334,1
DA:336,1
DA:337,4
DA:338,1
DA:341,1
DA:342,1
DA:343,0
DA:349,1
DA:350,0
DA:356,1
DA:357,0
DA:365,1
DA:366,0
DA:367,1
DA:369,1
DA:370,1
DA:371,1
DA:372,1
DA:373,1
DA:376,3
DA:377,0
DA:379,3
DA:380,1
DA:381,4
DA:382,5
DA:393,5
DA:394,1
DA:397,1
DA:400,1
DA:403,2
DA:410,1
DA:411,1
DA:413,1
DA:414,1
DA:415,3
DA:416,1
DA:419,1
DA:422,3
DA:423,5
DA:425,1
DA:426,3
DA:427,1
DA:428,1
DA:445,0
DA:446,0
DA:449,0
DA:450,0
DA:452,0
DA:454,0
DA:455,0
DA:456,0
DA:457,0
DA:460,0
DA:461,0
DA:462,0
DA:463,0
DA:464,0
DA:471,0
DA:479,0
DA:480,0
DA:482,0
DA:484,0
DA:485,0
DA:486,0
DA:487,0
DA:490,0
DA:491,0
DA:492,0
DA:493,0
DA:494,0
DA:501,0
DA:509,0
DA:510,0
DA:512,0
DA:514,0
DA:515,0
DA:516,0
DA:517,0
DA:520,0
DA:521,0
DA:522,0
DA:523,0
DA:525,0
DA:538,1
DA:543,1
DA:544,1
DA:551,1
DA:553,1
DA:554,2
DA:555,3
DA:558,1
DA:560,1
DA:561,2
DA:562,1
DA:565,1
DA:567,1
DA:572,1
DA:573,1
DA:574,1
DA:575,3
DA:577,1
DA:579,1
DA:580,1
DA:582,1
DA:583,1
DA:584,1
DA:585,1
DA:586,1
DA:592,1
DA:593,1
DA:598,1
DA:600,1
DA:601,2
DA:603,1
DA:605,1
DA:607,3
DA:608,0
DA:609,0
DA:611,0
DA:613,0
DA:614,0
DA:616,0
DA:617,0
DA:622,1
DA:623,1
DA:624,1
DA:627,1
DA:628,1
DA:629,1
DA:630,1
DA:634,1
DA:635,1
DA:646,0
DA:647,0
DA:648,0
DA:649,0
DA:650,0
DA:652,0
DA:653,0
DA:656,0
DA:658,0
DA:659,0
DA:660,0
DA:662,0
DA:663,0
DA:667,1
DA:668,1
DA:669,1
DA:670,2
DA:671,1
DA:672,1
DA:674,1
DA:675,1
DA:678,1
DA:681,1
DA:683,1
DA:684,1
DA:689,1
DA:690,1
DA:691,1
DA:692,1
DA:698,1
DA:699,1
DA:700,1
DA:702,1
DA:703,3
DA:713,1
DA:719,1
DA:720,1
DA:721,1
DA:723,1
DA:724,1
DA:727,1
DA:730,1
DA:732,1
DA:733,1
DA:742,2
DA:743,1
DA:744,1
DA:746,1
DA:747,1
DA:750,1
DA:753,1
DA:755,1
DA:756,1
DA:760,2
DA:762,1
DA:763,2
DA:764,1
DA:765,1
DA:775,1
DA:778,2
DA:779,1
DA:780,2
DA:781,1
DA:786,1
DA:787,1
DA:788,1
DA:791,1
DA:792,0
DA:794,1
DA:795,1
DA:796,2
DA:797,3
DA:808,1
DA:809,1
DA:811,1
DA:812,1
DA:813,1
DA:814,1
DA:817,1
DA:821,1
DA:822,1
DA:823,1
DA:824,1
DA:831,1
DA:832,1
DA:834,1
DA:835,3
DA:836,1
DA:837,2
DA:838,1
DA:842,1
DA:843,1
DA:850,1
LF:356
LH:283
end_of_record
SF:lib/presentation/pages/friends/friend_settings_page.dart
DA:7,135
DA:9,1
DA:11,1
DA:12,1
DA:13,1
DA:15,0
DA:16,0
DA:17,0
DA:19,0
DA:33,1
DA:34,1
DA:35,1
DA:37,1
DA:38,1
DA:42,2
DA:44,1
DA:48,2
DA:52,1
DA:54,1
DA:55,1
DA:59,2
DA:61,1
DA:65,2
DA:79,1
DA:84,1
DA:86,1
DA:88,1
DA:89,1
DA:91,1
DA:92,1
DA:93,4
DA:99,1
DA:111,1
DA:118,1
DA:120,1
DA:121,1
DA:124,1
DA:125,1
DA:126,1
DA:128,1
DA:129,1
DA:134,1
DA:135,1
DA:136,1
DA:138,1
DA:141,1
DA:142,1
DA:143,1
DA:144,1
DA:146,1
DA:150,1
DA:152,1
DA:154,1
LF:53
LH:49
end_of_record
SF:lib/presentation/pages/friends/received_requests_page.dart
DA:14,135
DA:16,1
DA:18,1
DA:19,4
DA:26,134
DA:28,1
DA:30,1
DA:31,1
DA:32,4
DA:33,1
DA:34,1
DA:35,2
DA:36,1
DA:37,3
DA:43,1
DA:44,1
DA:45,1
DA:47,0
DA:48,0
DA:49,0
DA:51,0
DA:65,1
DA:66,1
DA:67,4
DA:71,3
DA:72,1
DA:73,1
DA:75,1
DA:76,1
DA:79,1
DA:82,1
DA:84,2
DA:87,1
DA:88,1
DA:89,2
DA:98,2
DA:99,1
DA:100,1
DA:102,1
DA:103,1
DA:106,2
DA:109,1
DA:111,4
DA:112,1
DA:116,1
DA:118,4
DA:119,2
DA:128,1
DA:129,1
DA:130,2
DA:132,1
DA:134,2
DA:135,2
DA:138,1
DA:140,1
DA:141,2
DA:142,1
DA:156,1
DA:158,1
DA:160,1
DA:162,1
DA:163,1
DA:164,1
DA:167,3
DA:168,0
DA:170,3
DA:171,1
DA:172,4
DA:173,5
DA:184,1
DA:185,1
DA:187,1
DA:188,1
DA:189,3
DA:190,1
DA:193,1
DA:197,1
DA:198,3
DA:199,1
DA:200,1
DA:207,1
DA:209,1
DA:210,1
DA:211,1
DA:212,5
DA:214,1
DA:216,1
DA:225,1
DA:226,1
DA:227,5
DA:229,1
LF:91
LH:86
end_of_record
SF:lib/presentation/pages/friends/sent_requests_page.dart
DA:14,135
DA:16,1
DA:18,1
DA:19,4
DA:26,134
DA:28,1
DA:30,1
DA:31,1
DA:32,4
DA:33,1
DA:34,1
DA:35,2
DA:36,1
DA:37,3
DA:43,1
DA:44,1
DA:45,1
DA:47,0
DA:48,0
DA:49,0
DA:51,0
DA:65,1
DA:66,1
DA:67,4
DA:71,3
DA:72,1
DA:73,1
DA:75,1
DA:76,1
DA:79,1
DA:82,1
DA:84,2
DA:87,1
DA:88,1
DA:89,2
DA:98,2
DA:99,1
DA:100,1
DA:102,1
DA:103,1
DA:106,2
DA:109,1
DA:111,4
DA:112,1
DA:116,1
DA:118,4
DA:119,2
DA:128,1
DA:129,1
DA:130,2
DA:132,1
DA:134,2
DA:135,2
DA:138,1
DA:140,1
DA:141,2
DA:142,1
DA:156,1
DA:158,1
DA:160,1
DA:162,1
DA:163,1
DA:164,1
DA:167,3
DA:168,0
DA:170,3
DA:171,1
DA:172,4
DA:173,5
DA:184,1
DA:185,1
DA:187,1
DA:188,1
DA:189,3
DA:190,1
DA:193,1
DA:197,1
DA:198,3
DA:199,1
DA:200,1
DA:207,1
DA:209,1
DA:210,2
DA:211,1
DA:213,1
DA:215,1
DA:216,1
LF:87
LH:82
end_of_record
SF:lib/presentation/pages/friends/hidden_friends_page.dart
DA:14,135
DA:16,1
DA:18,1
DA:19,4
DA:26,134
DA:28,1
DA:30,1
DA:31,1
DA:32,4
DA:33,1
DA:34,1
DA:35,2
DA:36,1
DA:37,3
DA:43,1
DA:44,1
DA:45,1
DA:47,0
DA:48,0
DA:49,0
DA:51,0
DA:65,1
DA:66,1
DA:67,3
DA:71,3
DA:72,1
DA:73,1
DA:75,1
DA:76,1
DA:79,1
DA:82,1
DA:84,2
DA:87,1
DA:88,1
DA:89,2
DA:98,2
DA:99,1
DA:100,1
DA:102,1
DA:103,1
DA:106,2
DA:109,1
DA:111,4
DA:112,1
DA:116,1
DA:118,4
DA:119,2
DA:128,1
DA:129,1
DA:130,2
DA:132,1
DA:134,2
DA:135,2
DA:138,1
DA:140,1
DA:141,2
DA:142,1
DA:156,1
DA:158,1
DA:160,1
DA:162,1
DA:163,1
DA:164,1
DA:167,3
DA:168,0
DA:170,3
DA:171,1
DA:172,4
DA:173,5
DA:184,1
DA:185,1
DA:187,1
DA:188,1
DA:189,3
DA:190,1
DA:193,1
DA:197,1
DA:198,3
DA:199,1
DA:200,1
DA:207,1
DA:208,1
DA:209,6
DA:210,2
DA:211,1
DA:212,5
DA:215,1
DA:216,1
DA:223,1
LF:89
LH:84
end_of_record
SF:lib/presentation/pages/friends/blocked_users_page.dart
DA:14,135
DA:16,1
DA:18,1
DA:19,4
DA:26,134
DA:28,1
DA:30,1
DA:31,0
DA:32,0
DA:33,0
DA:34,0
DA:35,0
DA:36,0
DA:37,0
DA:43,1
DA:44,1
DA:45,1
DA:47,0
DA:48,0
DA:49,0
DA:51,0
DA:65,1
DA:66,1
DA:67,3
DA:71,3
DA:72,1
DA:73,1
DA:75,1
DA:76,1
DA:79,1
DA:82,1
DA:84,2
DA:87,1
DA:88,1
DA:89,2
DA:98,2
DA:99,1
DA:100,1
DA:102,1
DA:103,1
DA:106,2
DA:109,1
DA:111,4
DA:112,1
DA:116,1
DA:118,4
DA:119,2
DA:128,1
DA:129,0
DA:130,0
DA:132,1
DA:134,2
DA:135,2
DA:138,1
DA:140,1
DA:141,2
DA:142,1
DA:156,1
DA:158,0
DA:159,0
DA:161,0
DA:163,0
DA:164,0
DA:165,0
DA:166,0
DA:169,0
DA:170,0
DA:171,0
DA:180,1
DA:182,1
DA:184,1
DA:185,1
DA:186,1
DA:189,2
DA:190,0
DA:192,2
DA:193,1
DA:194,3
DA:195,4
DA:206,1
DA:207,1
DA:209,1
DA:210,1
DA:211,2
DA:212,1
DA:215,1
DA:219,1
DA:220,2
DA:221,1
DA:222,1
DA:229,1
DA:230,0
DA:231,0
DA:234,0
DA:235,0
DA:236,0
DA:237,0
DA:238,0
DA:241,0
DA:242,0
DA:248,1
LF:101
LH:68
end_of_record
SF:lib/presentation/pages/main/main_page.dart
DA:15,1
DA:17,1
DA:18,1
DA:32,1
DA:34,1
DA:39,1
DA:40,1
DA:41,1
DA:43,2
DA:44,3
DA:47,1
DA:50,1
DA:53,1
DA:54,2
DA:56,4
DA:60,0
DA:61,0
DA:62,0
DA:68,2
DA:70,1
DA:71,1
DA:73,2
DA:74,1
DA:77,0
DA:78,0
DA:79,0
DA:80,0
DA:82,0
DA:86,1
DA:88,1
DA:91,1
DA:93,3
DA:94,1
DA:95,4
DA:96,0
DA:97,0
DA:102,1
DA:104,4
DA:106,1
DA:107,1
DA:108,3
DA:109,5
DA:110,1
DA:112,1
DA:114,1
DA:115,0
DA:116,0
DA:117,1
DA:118,1
DA:121,1
DA:122,1
DA:123,1
DA:124,1
DA:125,1
DA:126,1
DA:128,1
DA:130,1
DA:136,1
DA:142,1
DA:143,1
DA:147,1
DA:156,3
DA:162,1
DA:163,2
DA:164,1
DA:165,1
DA:166,1
DA:167,1
DA:173,1
DA:174,1
DA:178,1
DA:193,1
DA:194,1
DA:198,0
DA:199,0
DA:200,0
LF:76
LH:61
end_of_record
SF:lib/presentation/pages/profile/profile_page.dart
DA:10,135
DA:12,1
DA:14,1
DA:15,1
DA:17,1
DA:18,1
DA:20,0
DA:21,0
DA:24,1
DA:26,0
DA:27,0
DA:32,1
DA:33,1
DA:34,1
DA:40,1
DA:42,1
DA:43,1
DA:44,1
DA:45,1
DA:46,0
DA:47,0
DA:49,1
DA:50,1
DA:51,1
DA:54,1
DA:55,0
DA:57,1
DA:58,1
DA:59,2
DA:60,3
DA:70,1
DA:73,1
DA:75,1
DA:78,1
DA:92,1
DA:93,1
DA:94,4
DA:99,1
DA:100,1
DA:101,4
DA:102,1
DA:105,1
DA:107,0
DA:109,0
DA:110,0
DA:111,0
DA:112,0
DA:119,1
DA:120,1
DA:121,1
DA:122,1
DA:125,2
DA:128,1
DA:131,2
DA:132,2
DA:135,1
DA:138,2
DA:150,1
DA:151,1
DA:152,1
DA:154,1
DA:156,1
DA:163,1
DA:164,1
DA:165,1
DA:167,1
DA:174,1
DA:175,1
DA:176,1
DA:178,1
DA:185,1
DA:187,4
DA:194,1
DA:196,1
DA:198,1
DA:199,1
DA:201,2
DA:213,1
DA:220,1
DA:222,1
DA:224,1
DA:225,1
DA:226,3
DA:228,1
DA:229,1
DA:230,2
DA:233,1
DA:234,1
DA:235,1
DA:237,1
LF:90
LH:78
end_of_record
SF:lib/presentation/pages/profile/edit_profile_page.dart
DA:25,135
DA:27,1
DA:28,1
DA:53,1
DA:55,1
DA:56,2
DA:57,2
DA:59,4
DA:60,2
DA:61,2
DA:62,3
DA:63,3
DA:65,3
DA:66,3
DA:68,3
DA:71,1
DA:72,1
DA:73,2
DA:74,2
DA:75,1
DA:76,1
DA:78,3
DA:81,1
DA:83,3
DA:84,3
DA:85,2
DA:86,2
DA:87,2
DA:88,1
DA:91,1
DA:92,3
DA:94,3
DA:95,3
DA:96,4
DA:98,1
DA:103,0
DA:104,0
DA:105,0
DA:109,0
DA:110,0
DA:112,0
DA:113,0
DA:114,0
DA:116,0
DA:117,0
DA:118,0
DA:119,0
DA:123,0
DA:124,0
DA:125,0
DA:126,0
DA:127,0
DA:131,0
DA:133,0
DA:134,0
DA:135,0
DA:138,0
DA:139,0
DA:140,0
DA:141,0
DA:147,0
DA:149,0
DA:150,0
DA:151,0
DA:153,0
DA:154,0
DA:159,0
DA:161,0
DA:162,0
DA:163,0
DA:165,0
DA:166,0
DA:171,0
DA:172,0
DA:174,0
DA:175,0
DA:179,0
DA:180,0
DA:181,0
DA:182,0
DA:183,0
DA:191,0
DA:192,0
DA:194,0
DA:195,0
DA:197,0
DA:199,0
DA:200,0
DA:201,0
DA:202,0
DA:204,0
DA:209,0
DA:210,0
DA:213,0
DA:215,0
DA:223,0
DA:224,0
DA:225,0
DA:226,0
DA:230,0
DA:231,0
DA:234,0
DA:236,0
DA:237,0
DA:242,0
DA:243,0
DA:247,0
DA:248,0
DA:249,0
DA:250,0
DA:251,0
DA:252,0
DA:263,0
DA:264,0
DA:265,0
DA:269,0
DA:270,0
DA:271,0
DA:272,0
DA:273,0
DA:277,0
DA:278,0
DA:279,0
DA:280,0
DA:281,0
DA:285,0
DA:287,0
DA:288,0
DA:290,0
DA:291,0
DA:292,0
DA:293,0
DA:299,0
DA:301,0
DA:302,0
DA:303,0
DA:305,0
DA:306,0
DA:311,0
DA:312,0
DA:314,0
DA:315,0
DA:319,0
DA:320,0
DA:321,0
DA:322,0
DA:323,0
DA:331,0
DA:332,0
DA:334,0
DA:335,0
DA:337,0
DA:339,0
DA:340,0
DA:341,0
DA:342,0
DA:344,0
DA:349,0
DA:350,0
DA:353,0
DA:355,0
DA:363,0
DA:364,0
DA:367,0
DA:368,0
DA:369,0
DA:370,0
DA:371,0
DA:372,0
DA:382,1
DA:384,1
DA:385,1
DA:387,1
DA:388,1
DA:389,2
DA:390,0
DA:391,2
DA:392,2
DA:393,1
DA:394,1
DA:395,3
DA:396,3
DA:397,1
DA:399,1
DA:403,2
DA:404,2
DA:405,1
DA:406,1
DA:408,1
DA:410,1
DA:416,1
DA:417,1
DA:418,1
DA:419,2
DA:420,0
DA:421,2
DA:422,1
DA:423,2
DA:424,1
DA:425,1
DA:426,1
DA:429,1
DA:430,5
DA:431,1
DA:432,1
DA:433,4
DA:434,1
DA:436,1
DA:437,3
DA:438,1
DA:439,0
DA:443,1
DA:447,2
DA:448,2
DA:449,1
DA:450,1
DA:451,1
DA:453,1
DA:455,1
DA:461,1
DA:462,1
DA:467,1
DA:468,1
DA:469,1
DA:474,1
DA:475,1
DA:476,1
DA:477,1
DA:478,1
DA:479,1
DA:480,1
DA:481,1
DA:483,1
DA:484,1
DA:485,1
DA:486,1
DA:487,1
DA:488,1
DA:494,1
DA:496,1
DA:497,1
DA:498,1
DA:499,1
DA:500,1
DA:501,1
DA:508,1
DA:510,1
DA:511,1
DA:512,1
DA:513,1
DA:522,1
DA:523,1
DA:527,4
DA:529,1
DA:530,2
DA:531,1
DA:532,1
DA:533,1
DA:539,1
DA:542,1
DA:543,3
DA:544,1
DA:547,1
DA:548,1
DA:549,1
DA:550,1
DA:554,1
DA:563,1
DA:564,1
LF:269
LH:132
end_of_record
SF:lib/presentation/pages/profile/profile_view_page.dart
DA:24,1
DA:30,1
DA:32,1
DA:33,3
DA:34,3
DA:35,3
DA:36,1
DA:37,1
DA:38,1
DA:48,1
DA:53,1
DA:55,1
DA:56,1
DA:58,3
DA:59,1
DA:61,3
DA:62,1
DA:63,1
DA:64,1
DA:69,1
DA:70,1
DA:72,2
DA:78,2
DA:79,1
DA:80,1
DA:83,1
DA:85,0
DA:88,1
DA:89,1
DA:91,1
DA:94,1
DA:95,1
DA:104,1
DA:105,1
DA:108,5
DA:109,17
DA:112,1
DA:114,1
DA:117,1
DA:119,0
DA:121,1
DA:122,1
DA:123,1
DA:125,2
DA:129,1
DA:131,1
DA:133,1
DA:134,2
DA:139,1
DA:140,2
DA:142,1
DA:143,2
DA:148,1
DA:149,1
DA:150,1
DA:151,1
DA:154,1
DA:156,1
DA:165,1
DA:166,1
DA:168,1
DA:170,1
DA:171,2
DA:176,1
DA:177,2
DA:179,1
DA:180,2
DA:181,1
DA:187,1
DA:188,1
DA:198,1
DA:199,1
DA:200,2
DA:202,1
DA:203,2
DA:209,1
DA:210,1
DA:211,1
DA:217,1
DA:218,2
DA:220,1
DA:221,1
DA:232,1
DA:238,2
DA:239,1
DA:240,2
DA:241,1
DA:242,1
DA:243,1
DA:245,1
DA:252,1
DA:253,2
DA:255,1
DA:257,2
DA:259,1
DA:269,1
DA:270,1
DA:271,2
DA:274,1
DA:275,1
DA:276,2
DA:277,2
DA:278,1
DA:279,1
DA:281,1
DA:285,1
DA:294,1
DA:295,1
DA:296,2
DA:298,1
DA:301,2
DA:302,1
DA:303,2
DA:306,1
DA:307,1
DA:309,1
DA:311,1
DA:314,1
DA:315,1
DA:316,1
DA:326,2
DA:327,1
DA:328,1
DA:330,1
DA:331,1
DA:337,1
DA:338,1
DA:339,1
DA:341,1
DA:345,1
DA:346,1
DA:348,1
DA:349,1
DA:356,0
DA:357,0
DA:358,0
DA:361,1
DA:362,1
DA:364,1
DA:365,1
DA:372,0
DA:373,0
DA:374,0
DA:379,1
DA:380,1
DA:382,1
DA:383,1
DA:386,1
DA:387,1
DA:391,2
DA:392,2
DA:393,1
DA:394,1
DA:395,2
DA:396,1
DA:397,1
DA:398,1
DA:404,1
DA:405,1
DA:407,1
DA:408,1
DA:414,1
DA:415,1
DA:416,1
DA:419,3
DA:420,1
DA:421,1
DA:426,1
DA:434,1
DA:435,1
DA:436,2
DA:438,1
DA:441,2
DA:442,1
DA:443,2
DA:446,1
DA:447,1
DA:449,1
DA:451,1
DA:454,1
DA:455,1
DA:456,1
DA:466,2
DA:467,1
DA:468,1
DA:470,1
DA:471,1
DA:477,1
DA:478,1
DA:479,1
DA:481,1
DA:485,1
DA:486,1
DA:488,1
DA:489,1
DA:496,0
DA:497,0
DA:498,0
DA:501,1
DA:502,1
DA:504,1
DA:505,1
DA:512,0
DA:513,0
DA:514,0
DA:519,1
DA:520,1
DA:522,1
DA:523,1
DA:526,1
DA:527,1
DA:531,2
DA:532,2
DA:533,1
DA:534,1
DA:535,2
DA:536,1
DA:537,1
DA:538,1
DA:544,1
DA:545,1
DA:547,1
DA:548,1
DA:554,1
DA:555,1
DA:556,1
DA:559,3
DA:560,1
DA:561,1
DA:566,1
DA:574,1
DA:576,2
DA:577,1
DA:580,1
DA:581,1
DA:583,1
DA:584,1
DA:590,1
DA:591,1
DA:593,2
DA:594,2
DA:595,2
DA:596,1
DA:597,1
DA:598,2
DA:601,1
DA:602,1
DA:603,1
DA:604,1
DA:606,1
DA:614,0
DA:615,0
DA:617,0
DA:623,0
DA:624,0
DA:625,0
DA:626,0
DA:628,0
DA:634,0
DA:635,0
DA:642,0
DA:643,0
DA:645,0
DA:651,0
DA:652,0
DA:653,0
DA:654,0
DA:656,0
DA:662,0
DA:663,0
DA:674,1
DA:676,1
DA:678,3
DA:679,1
DA:694,1
DA:695,1
DA:697,0
DA:708,1
DA:713,1
DA:715,1
DA:716,1
DA:718,1
DA:719,1
DA:720,1
DA:721,1
DA:727,1
DA:730,3
DA:731,1
DA:732,1
DA:733,5
DA:750,1
DA:755,1
DA:757,3
DA:758,1
DA:759,1
DA:761,1
DA:763,1
DA:764,1
DA:766,1
DA:770,1
DA:772,1
DA:773,1
DA:784,1
DA:786,1
DA:787,1
DA:788,1
DA:790,1
DA:803,1
DA:805,1
DA:807,1
DA:809,1
DA:810,1
DA:813,3
DA:816,1
DA:819,4
DA:825,1
DA:827,2
DA:834,1
DA:836,1
DA:838,1
DA:840,1
DA:841,1
DA:844,2
DA:847,1
DA:850,1
DA:851,1
DA:852,0
DA:854,0
DA:855,0
DA:856,0
DA:864,1
DA:866,2
DA:867,2
DA:869,2
DA:875,2
DA:884,1
DA:890,1
DA:892,1
DA:893,1
DA:894,1
DA:896,1
DA:897,1
DA:899,1
DA:901,1
DA:903,2
DA:906,1
DA:907,1
DA:923,1
DA:925,1
DA:927,1
DA:941,1
DA:943,1
DA:944,2
DA:948,3
DA:949,2
DA:951,3
DA:952,2
DA:953,3
DA:958,1
DA:960,2
DA:961,1
DA:964,1
DA:965,2
DA:966,4
DA:970,1
DA:971,4
DA:973,3
DA:974,3
DA:977,3
DA:979,4
DA:980,2
DA:982,2
DA:986,1
DA:988,5
DA:989,5
DA:991,1
DA:992,1
DA:993,1
DA:995,2
DA:999,1
DA:1000,1
DA:1001,1
DA:1002,3
DA:1003,1
DA:1005,1
DA:1006,1
DA:1007,2
DA:1008,1
DA:1010,1
DA:1014,1
DA:1015,2
DA:1017,1
DA:1019,0
DA:1020,0
DA:1022,0
DA:1023,0
DA:1024,0
DA:1029,0
LF:398
LH:353
end_of_record
SF:lib/presentation/pages/settings/settings_page.dart
DA:14,135
DA:16,1
DA:17,1
DA:23,1
DA:25,1
DA:26,1
DA:29,1
DA:30,1
DA:31,0
DA:32,0
DA:36,1
DA:38,1
DA:39,1
DA:40,1
DA:42,0
DA:43,0
DA:44,0
DA:46,0
DA:52,1
DA:53,1
DA:55,1
DA:57,1
DA:58,1
DA:59,1
DA:60,1
DA:63,2
DA:64,0
DA:65,0
DA:67,0
DA:76,1
DA:78,1
DA:79,1
DA:83,0
DA:88,1
DA:90,1
DA:91,1
DA:95,0
DA:100,1
DA:102,1
DA:103,1
DA:107,0
DA:112,1
DA:114,1
DA:116,1
DA:121,1
DA:122,1
DA:123,2
DA:124,1
DA:127,1
DA:129,0
DA:130,0
DA:139,1
DA:141,1
DA:142,1
DA:146,0
DA:151,1
DA:153,1
DA:154,1
DA:157,0
DA:159,1
DA:163,0
DA:168,1
DA:170,1
DA:171,1
DA:174,1
DA:176,1
DA:179,0
DA:181,1
DA:184,0
DA:186,1
DA:189,0
DA:192,0
DA:199,1
DA:201,1
DA:202,2
DA:203,1
DA:216,1
DA:217,1
DA:219,2
DA:222,1
DA:223,1
DA:224,0
DA:227,1
DA:228,0
DA:229,0
DA:230,0
DA:231,0
DA:233,1
DA:246,1
DA:251,1
DA:253,1
DA:255,1
DA:256,1
DA:258,1
DA:259,1
DA:260,4
DA:266,1
DA:280,1
DA:289,1
DA:291,1
DA:292,2
DA:293,1
DA:294,1
DA:295,1
DA:296,2
DA:299,3
DA:300,2
DA:301,1
LF:108
LH:82
end_of_record
SF:lib/presentation/pages/settings/notification_settings_page.dart
DA:14,135
DA:16,1
DA:17,1
DA:22,3
DA:24,1
DA:26,1
DA:27,2
DA:28,3
DA:29,1
DA:33,1
DA:35,1
DA:36,1
DA:37,1
DA:39,0
DA:40,0
DA:41,0
DA:43,0
DA:49,1
DA:50,1
DA:51,2
DA:52,1
DA:53,1
DA:54,2
DA:55,1
DA:56,2
DA:61,1
DA:62,2
DA:66,2
DA:67,1
DA:68,1
DA:70,1
DA:71,1
DA:72,1
DA:73,1
DA:76,1
DA:77,1
DA:78,2
DA:87,1
DA:88,1
DA:89,1
DA:91,1
DA:92,1
DA:96,2
DA:97,1
DA:99,1
DA:100,1
DA:103,1
DA:107,2
DA:108,1
DA:110,1
DA:111,1
DA:114,1
DA:118,2
DA:119,0
DA:121,0
DA:122,0
DA:127,1
DA:129,1
DA:130,1
DA:131,1
DA:135,2
DA:136,1
DA:138,1
DA:139,1
DA:143,1
DA:144,0
DA:148,0
DA:149,0
DA:151,0
DA:152,0
DA:157,1
DA:159,1
DA:160,1
DA:164,2
DA:165,1
DA:166,2
DA:171,3
DA:172,1
DA:175,2
DA:176,0
DA:178,1
DA:181,2
DA:182,0
DA:195,1
DA:199,1
DA:201,1
DA:202,1
DA:204,1
DA:206,5
DA:212,1
DA:217,1
DA:218,1
DA:220,1
DA:222,1
DA:223,1
DA:224,1
DA:227,1
DA:228,1
DA:230,4
DA:236,1
DA:238,5
DA:239,4
DA:243,1
DA:247,2
DA:249,1
DA:253,2
DA:255,1
DA:259,2
DA:266,1
DA:272,1
DA:273,1
DA:274,1
DA:277,1
DA:279,3
DA:287,1
DA:294,1
DA:295,1
DA:296,1
DA:297,1
DA:303,1
DA:309,1
DA:310,1
DA:311,1
DA:312,1
DA:314,1
DA:315,1
DA:317,5
DA:329,0
DA:334,0
DA:335,0
DA:337,0
DA:338,0
DA:341,0
DA:346,0
DA:347,0
DA:350,0
DA:352,0
DA:357,0
DA:358,0
DA:359,0
DA:360,0
DA:361,0
LF:142
LH:113
end_of_record
SF:lib/presentation/pages/settings/chat_settings_page.dart
DA:13,135
DA:15,1
DA:16,1
DA:21,3
DA:26,1
DA:28,1
DA:29,2
DA:30,3
DA:31,1
DA:35,1
DA:37,1
DA:38,1
DA:39,1
DA:41,1
DA:42,1
DA:43,1
DA:45,1
DA:51,1
DA:52,1
DA:53,3
DA:54,2
DA:55,2
DA:56,2
DA:57,2
DA:58,1
DA:59,2
DA:60,2
DA:63,2
DA:64,1
DA:65,1
DA:66,1
DA:69,2
DA:70,1
DA:71,1
DA:72,1
DA:73,1
DA:74,2
DA:80,1
DA:81,2
DA:85,1
DA:86,1
DA:87,1
DA:89,1
DA:90,1
DA:91,1
DA:94,1
DA:96,1
DA:97,0
DA:99,0
DA:100,0
DA:103,0
DA:104,0
DA:106,0
DA:107,0
DA:110,0
DA:113,0
DA:114,0
DA:116,0
DA:117,0
DA:121,0
DA:122,0
DA:125,0
DA:126,0
DA:128,0
DA:129,0
DA:132,0
DA:135,0
DA:136,0
DA:138,0
DA:139,0
DA:143,1
DA:145,1
DA:148,2
DA:149,1
DA:151,1
DA:152,1
DA:155,1
DA:158,2
DA:159,1
DA:161,1
DA:162,1
DA:167,1
DA:169,1
DA:170,1
DA:173,2
DA:174,1
DA:176,1
DA:177,1
DA:180,1
DA:182,1
DA:184,4
DA:185,1
DA:186,1
DA:187,1
DA:193,1
DA:195,1
DA:196,1
DA:200,2
DA:207,2
DA:209,2
DA:221,1
DA:225,1
DA:227,1
DA:228,1
DA:230,1
DA:232,5
DA:238,1
DA:243,0
DA:244,0
DA:246,0
DA:248,0
DA:249,0
DA:255,1
DA:261,1
DA:262,1
DA:263,1
DA:269,1
DA:270,1
DA:272,1
DA:273,1
DA:274,1
DA:276,1
DA:277,1
DA:279,4
DA:281,1
DA:283,4
DA:287,1
DA:288,3
DA:292,4
DA:293,1
DA:294,2
DA:295,1
DA:298,1
DA:299,2
DA:300,1
DA:302,3
DA:310,1
DA:311,3
DA:312,1
DA:315,1
DA:316,4
DA:317,1
DA:319,1
DA:321,1
DA:322,1
DA:324,5
DA:325,4
DA:329,1
DA:331,5
DA:332,1
DA:336,1
DA:338,5
DA:339,1
DA:340,4
DA:348,1
DA:349,1
DA:350,1
DA:351,1
DA:352,1
DA:353,1
DA:357,1
DA:358,1
DA:360,2
DA:363,1
DA:364,1
DA:365,2
DA:368,1
DA:369,1
DA:370,1
DA:371,2
DA:373,1
LF:171
LH:143
end_of_record
SF:lib/presentation/pages/settings/change_password_page.dart
DA:12,135
DA:14,1
DA:15,1
DA:28,1
DA:30,2
DA:31,2
DA:32,2
DA:33,1
DA:36,1
DA:38,1
DA:39,1
DA:40,1
DA:42,0
DA:43,0
DA:44,0
DA:46,0
DA:52,1
DA:53,1
DA:54,2
DA:55,2
DA:61,1
DA:62,0
DA:64,2
DA:65,2
DA:66,1
DA:67,2
DA:73,1
DA:74,2
DA:75,1
DA:77,1
DA:78,1
DA:79,1
DA:81,1
DA:83,1
DA:84,1
DA:86,1
DA:87,0
DA:88,0
DA:89,0
DA:92,1
DA:93,1
DA:100,1
DA:101,1
DA:103,1
DA:104,1
DA:105,2
DA:106,2
DA:109,1
DA:110,1
DA:113,2
DA:116,2
DA:123,1
DA:124,1
DA:126,1
DA:127,0
DA:128,0
DA:129,0
DA:132,1
DA:133,1
DA:136,3
DA:143,1
DA:145,1
DA:146,1
DA:147,1
DA:172,1
DA:179,1
DA:182,1
DA:185,1
DA:186,1
DA:194,1
DA:195,1
DA:197,1
DA:198,4
DA:199,1
DA:201,1
DA:203,1
DA:204,1
DA:206,5
DA:211,1
DA:212,1
DA:213,1
DA:214,1
DA:220,1
DA:221,1
DA:223,1
DA:224,1
DA:225,1
DA:228,4
DA:231,1
DA:233,5
DA:234,4
DA:242,1
DA:243,3
DA:247,3
DA:248,1
DA:249,2
DA:250,2
LF:97
LH:86
end_of_record
SF:lib/presentation/pages/settings/account_deletion_page.dart
DA:22,135
DA:24,1
DA:25,1
DA:36,1
DA:38,1
DA:39,3
DA:42,1
DA:44,2
DA:45,2
DA:46,2
DA:47,1
DA:50,1
DA:51,1
DA:53,2
DA:54,1
DA:55,1
DA:58,3
DA:59,2
DA:60,2
DA:61,2
DA:64,1
DA:65,2
DA:66,1
DA:72,1
DA:74,1
DA:75,1
DA:76,1
DA:78,1
DA:79,1
DA:80,1
DA:82,1
DA:88,1
DA:89,1
DA:90,2
DA:92,2
DA:93,2
DA:98,1
DA:99,2
DA:100,2
DA:101,1
DA:102,2
DA:106,3
DA:107,1
DA:110,1
DA:111,2
DA:124,1
DA:126,1
DA:128,1
DA:129,1
DA:131,1
DA:133,1
DA:135,1
DA:145,1
DA:146,1
DA:147,1
DA:148,1
DA:150,1
DA:152,1
DA:153,1
DA:154,1
DA:155,1
DA:157,1
DA:159,5
DA:167,1
DA:169,5
DA:174,1
DA:175,1
DA:176,1
DA:177,1
DA:179,1
DA:181,5
DA:192,1
DA:193,1
DA:195,1
DA:196,1
DA:197,1
DA:199,1
DA:205,1
DA:206,1
DA:208,1
DA:209,1
DA:211,5
DA:216,1
DA:217,1
DA:218,1
DA:219,1
DA:222,1
DA:223,2
DA:224,1
DA:225,2
DA:226,2
DA:231,1
DA:232,3
DA:233,1
DA:241,1
DA:242,3
DA:244,1
DA:246,1
DA:248,1
DA:249,1
DA:251,5
DA:256,1
DA:258,5
DA:259,4
DA:263,1
DA:264,1
DA:271,1
DA:272,3
DA:273,1
DA:277,1
DA:278,2
DA:279,3
DA:281,1
DA:283,5
DA:293,1
DA:294,2
DA:296,1
DA:297,1
DA:298,3
DA:299,1
DA:300,2
DA:301,5
DA:308,1
DA:309,2
DA:310,1
DA:314,1
DA:316,1
DA:317,4
DA:324,1
DA:325,1
DA:326,1
DA:327,2
DA:328,1
DA:329,1
DA:330,1
DA:338,1
DA:339,1
DA:340,2
DA:343,1
DA:344,1
DA:345,1
DA:346,3
DA:350,1
LF:143
LH:143
end_of_record
SF:lib/presentation/pages/settings/terms_page.dart
DA:7,134
DA:9,0
DA:11,0
DA:12,0
DA:13,0
DA:15,0
DA:16,0
DA:17,0
DA:19,0
DA:105,134
DA:107,0
DA:109,0
DA:110,0
DA:111,0
DA:121,134
DA:123,0
DA:125,0
DA:127,0
DA:128,0
DA:129,0
LF:20
LH:3
end_of_record
SF:lib/presentation/pages/settings/privacy_policy_page.dart
DA:7,134
DA:9,0
DA:11,0
DA:12,0
DA:13,0
DA:15,0
DA:16,0
DA:17,0
DA:19,0
DA:105,134
DA:107,0
DA:109,0
DA:110,0
DA:111,0
DA:121,134
DA:123,0
DA:125,0
DA:127,0
DA:128,0
DA:129,0
LF:20
LH:3
end_of_record
SF:lib/presentation/blocs/settings/notification_settings_cubit.dart
DA:15,1
DA:16,1
DA:19,1
DA:20,3
DA:22,2
DA:23,2
DA:25,1
DA:26,2
DA:31,1
DA:32,4
DA:36,1
DA:37,4
DA:41,1
DA:42,4
DA:46,1
DA:47,4
DA:51,1
DA:52,4
DA:56,1
DA:57,4
DA:61,1
DA:66,4
DA:75,1
DA:76,2
DA:77,3
DA:80,2
DA:82,1
DA:83,3
DA:88,2
LF:29
LH:29
end_of_record
SF:lib/presentation/blocs/settings/chat_settings_cubit.dart
DA:14,2
DA:17,1
DA:18,3
DA:20,2
DA:21,2
DA:24,2
DA:29,1
DA:31,3
DA:32,1
DA:33,4
DA:37,0
DA:38,0
DA:42,0
DA:43,0
DA:47,0
DA:48,0
DA:52,0
DA:53,0
DA:57,1
DA:58,4
DA:62,1
DA:63,3
DA:65,2
DA:66,2
DA:68,2
DA:71,2
DA:72,2
DA:77,2
DA:85,1
DA:86,3
DA:88,2
LF:31
LH:23
end_of_record
SF:lib/presentation/blocs/settings/account_deletion_bloc.dart
DA:18,1
DA:19,1
DA:20,2
DA:21,2
DA:22,2
DA:23,2
DA:26,1
DA:30,2
DA:31,1
DA:33,2
DA:34,1
DA:35,2
DA:40,1
DA:44,2
DA:45,2
DA:46,1
DA:50,1
DA:54,4
DA:55,2
DA:59,1
DA:63,2
DA:65,2
DA:70,3
DA:72,0
DA:75,2
DA:77,2
DA:79,2
DA:81,1
DA:83,1
DA:85,1
DA:86,2
DA:88,0
DA:93,1
DA:97,1
LF:34
LH:32
end_of_record
SF:lib/presentation/blocs/settings/change_password_bloc.dart
DA:13,1
DA:14,1
DA:15,2
DA:16,2
DA:19,1
DA:23,1
DA:26,2
DA:27,1
DA:28,1
DA:30,1
DA:32,1
DA:33,1
DA:34,2
DA:36,0
DA:41,1
DA:45,1
LF:16
LH:15
end_of_record
SF:lib/presentation/blocs/settings/biometric_settings_cubit.dart
DA:15,1
DA:19,1
DA:22,1
DA:23,3
DA:25,2
DA:26,2
DA:28,2
DA:29,3
DA:35,0
DA:43,1
DA:44,2
DA:46,2
DA:48,2
DA:49,2
DA:50,3
DA:53,2
DA:57,2
DA:58,2
DA:59,3
LF:19
LH:18
end_of_record
SF:lib/presentation/pages/settings/security_settings_page.dart
DA:8,134
DA:10,0
DA:12,0
DA:13,0
DA:14,0
DA:15,0
DA:16,0
DA:17,0
DA:21,0
DA:22,0
DA:23,0
DA:24,0
DA:31,0
DA:34,0
DA:35,0
DA:39,0
DA:40,0
DA:41,0
DA:44,0
DA:45,0
DA:52,0
DA:53,0
DA:54,0
DA:56,0
DA:57,0
LF:25
LH:1
end_of_record
SF:lib/presentation/pages/splash/splash_page.dart
DA:11,135
DA:13,1
DA:14,1
DA:18,1
DA:20,1
DA:21,3
DA:24,1
DA:26,1
DA:27,0
DA:28,0
DA:29,0
DA:30,0
DA:31,0
DA:32,0
DA:35,1
DA:37,1
DA:38,1
DA:40,1
DA:41,1
DA:47,1
DA:49,4
DA:55,1
DA:56,1
LF:23
LH:17
end_of_record
SF:lib/presentation/pages/error/error_page.dart
DA:8,135
DA:13,1
DA:15,1
DA:16,1
DA:19,1
DA:20,1
DA:22,1
DA:24,1
DA:31,1
DA:32,1
DA:33,3
DA:37,1
DA:38,0
LF:13
LH:12
end_of_record
SF:lib/domain/entities/report.dart
DA:15,1
DA:17,1
DA:18,1
DA:19,1
DA:20,1
DA:21,1
DA:22,1
DA:23,1
DA:24,1
DA:28,1
DA:30,1
DA:31,1
DA:32,1
DA:33,1
DA:34,1
DA:35,1
DA:36,1
DA:37,1
DA:52,1
DA:61,0
DA:62,0
LF:21
LH:19
end_of_record
SF:lib/presentation/pages/report/report_page.dart
DA:12,1
DA:18,1
DA:19,1
DA:27,1
DA:29,2
DA:30,1
DA:33,1
DA:34,1
DA:36,3
DA:39,2
DA:40,3
DA:42,3
DA:43,1
DA:44,2
DA:45,1
DA:46,1
DA:49,1
DA:50,2
DA:51,1
DA:52,1
DA:56,1
DA:57,3
DA:63,3
DA:66,1
DA:67,3
DA:68,1
DA:69,2
DA:75,1
DA:76,3
DA:81,1
DA:83,3
DA:85,1
DA:86,1
DA:87,2
DA:89,1
DA:91,1
DA:93,1
DA:102,3
DA:103,2
DA:105,1
DA:106,4
DA:110,1
DA:111,1
DA:118,1
DA:119,1
DA:120,1
DA:123,1
DA:125,1
DA:126,1
DA:130,1
DA:131,1
DA:133,1
DA:134,2
DA:135,1
DA:137,1
DA:141,1
DA:142,1
DA:145,1
LF:58
LH:58
end_of_record
SF:lib/core/services/biometric_service.dart
DA:13,2
DA:16,1
DA:18,2
DA:19,2
DA:21,1
DA:23,3
DA:30,1
DA:32,2
DA:33,1
DA:35,3
DA:37,1
DA:42,1
DA:44,2
DA:51,1
DA:53,3
LF:15
LH:15
end_of_record
SF:lib/core/services/deep_link_service.dart
DA:21,1
DA:25,0
DA:26,0
DA:30,0
DA:32,0
DA:36,0
DA:41,0
DA:42,0
DA:43,0
DA:45,0
DA:52,1
DA:53,1
DA:57,1
DA:58,1
DA:59,1
DA:60,1
DA:61,1
DA:66,1
DA:67,1
DA:69,1
DA:71,3
DA:75,2
DA:77,1
DA:78,1
DA:83,1
DA:84,1
DA:85,1
DA:87,1
DA:88,1
DA:92,0
DA:97,1
DA:98,1
DA:100,2
DA:104,4
DA:107,0
DA:112,1
DA:113,1
DA:115,2
DA:119,4
DA:122,0
DA:128,1
DA:129,1
DA:130,1
LF:43
LH:31
end_of_record
SF:lib/core/services/desktop_notification_bridge.dart
DA:31,1
DA:42,2
DA:45,2
DA:50,1
DA:51,1
DA:57,1
DA:58,1
DA:64,1
DA:66,1
DA:69,1
DA:73,5
DA:74,1
DA:76,2
DA:81,1
DA:82,2
DA:83,1
DA:84,1
DA:86,2
DA:90,1
DA:92,2
DA:97,4
DA:102,2
DA:103,3
DA:112,2
DA:113,1
DA:114,1
DA:115,1
DA:122,1
DA:123,1
DA:124,2
DA:127,1
DA:129,0
DA:130,0
DA:132,0
DA:137,2
DA:140,2
DA:147,1
DA:148,1
LF:38
LH:35
end_of_record
SF:lib/domain/entities/notification_settings.dart
DA:26,141
DA:38,1
DA:49,1
DA:50,1
DA:51,1
DA:52,1
DA:53,1
DA:54,1
DA:55,1
DA:56,1
DA:57,1
DA:58,1
DA:62,1
DA:63,1
DA:64,1
DA:65,1
DA:66,1
DA:67,1
DA:68,1
DA:69,1
DA:70,1
DA:71,1
DA:72,1
LF:23
LH:23
end_of_record
SF:lib/core/window/window_focus_tracker.dart
DA:22,2
DA:34,1
DA:36,2
DA:38,1
DA:39,1
DA:44,0
DA:46,0
DA:47,0
DA:49,0
DA:50,0
DA:51,0
DA:59,1
DA:60,2
DA:62,1
DA:64,1
DA:65,1
DA:67,0
DA:73,0
DA:75,0
DA:76,0
DA:79,0
DA:81,0
DA:82,0
DA:86,0
DA:89,0
DA:92,0
DA:95,0
DA:98,0
DA:101,0
DA:104,0
DA:107,0
DA:110,0
DA:113,0
DA:116,0
DA:119,0
DA:122,0
DA:125,0
DA:128,1
DA:130,1
DA:131,1
DA:133,2
DA:137,2
LF:42
LH:15
end_of_record
SF:lib/core/services/notification_service.dart
DA:24,0
DA:34,1
DA:47,1
DA:63,1
DA:70,2
DA:72,1
DA:76,1
DA:77,0
DA:81,2
DA:82,1
DA:87,0
DA:89,0
DA:102,0
DA:107,1
DA:108,1
DA:110,0
DA:112,0
DA:117,1
DA:119,2
DA:121,0
DA:130,0
DA:131,0
DA:142,1
DA:150,1
DA:154,1
DA:155,1
DA:159,1
DA:164,0
DA:175,2
DA:176,0
DA:178,0
DA:182,1
DA:191,1
DA:198,2
DA:210,1
DA:213,1
DA:214,1
DA:216,1
DA:222,0
DA:223,0
DA:227,3
DA:231,1
DA:237,0
DA:239,0
DA:240,0
DA:241,0
DA:242,0
DA:245,0
DA:252,1
DA:253,2
DA:257,1
DA:258,2
DA:262,1
DA:263,2
DA:267,0
DA:268,0
LF:56
LH:33
end_of_record
SF:lib/core/services/fcm_service.dart
DA:34,1
DA:37,1
DA:40,1
DA:43,1
DA:46,0
DA:49,1
DA:79,1
DA:96,0
DA:99,0
DA:104,0
DA:107,0
DA:111,0
DA:112,0
DA:120,0
DA:123,0
DA:127,0
DA:128,0
DA:135,0
DA:143,1
DA:146,2
DA:151,3
DA:160,1
DA:162,2
DA:164,2
DA:172,1
DA:173,2
DA:176,0
DA:177,0
DA:180,0
DA:181,0
DA:182,0
DA:183,0
DA:191,1
DA:192,1
DA:195,1
DA:197,4
DA:198,5
DA:202,2
DA:203,2
DA:205,3
DA:209,1
DA:210,1
DA:212,3
DA:219,2
DA:225,1
DA:226,3
DA:227,3
DA:230,2
DA:232,2
DA:241,2
DA:242,1
DA:243,1
DA:244,1
DA:250,1
DA:251,1
DA:253,0
DA:254,0
DA:256,0
DA:263,2
DA:265,1
DA:266,0
DA:267,0
DA:271,2
DA:273,2
DA:286,0
DA:288,0
DA:291,0
DA:292,0
DA:298,0
DA:302,0
DA:303,0
DA:307,0
DA:309,0
DA:312,0
DA:318,0
DA:320,0
DA:321,0
DA:322,0
DA:332,0
DA:335,0
LF:80
LH:41
end_of_record
SF:lib/core/services/image_editor_service.dart
DA:11,1
LF:1
LH:1
end_of_record
SF:lib/core/services/notification_click_handler.dart
DA:32,1
DA:41,0
DA:44,1
DA:45,1
DA:47,5
DA:48,1
DA:52,1
DA:53,2
DA:54,1
DA:55,1
DA:58,1
DA:59,1
DA:63,0
DA:64,0
DA:68,1
DA:69,1
DA:74,1
DA:75,3
DA:76,1
DA:79,1
DA:84,3
DA:86,0
DA:88,0
DA:91,4
DA:95,1
DA:97,1
DA:98,0
DA:99,0
DA:100,0
DA:101,0
DA:108,1
DA:109,1
LF:32
LH:23
end_of_record
SF:lib/core/utils/date_parser.dart
DA:3,0
DA:14,4
DA:16,1
DA:20,4
DA:22,4
DA:24,1
DA:30,6
DA:32,2
DA:33,2
DA:34,2
DA:35,2
DA:36,2
DA:37,2
DA:39,6
DA:40,2
DA:41,4
DA:43,2
DA:45,0
DA:50,1
DA:54,1
DA:55,1
DA:56,2
DA:59,2
DA:60,2
DA:69,2
DA:70,2
LF:26
LH:24
end_of_record
SF:lib/core/utils/date_utils.dart
DA:4,0
DA:6,4
DA:7,4
DA:8,16
DA:9,16
DA:11,4
DA:12,4
DA:15,4
DA:16,4
DA:17,3
DA:20,12
DA:21,2
DA:24,8
DA:27,2
DA:28,2
DA:29,8
DA:30,8
DA:32,2
DA:33,4
DA:36,2
DA:37,2
DA:41,2
DA:42,2
DA:43,2
DA:46,6
DA:47,2
DA:50,4
DA:53,2
DA:54,4
DA:57,2
DA:58,6
DA:59,6
DA:60,6
DA:64,1
DA:65,1
DA:66,0
DA:67,0
DA:68,0
DA:69,0
DA:70,0
DA:71,0
DA:72,0
DA:75,1
DA:76,1
LF:44
LH:36
end_of_record
SF:lib/core/utils/error_message_mapper.dart
DA:7,18
DA:8,18
DA:9,1
DA:12,18
DA:13,2
DA:16,18
DA:17,2
DA:20,18
DA:24,18
DA:25,1
DA:28,18
DA:29,0
DA:32,18
DA:33,0
DA:36,18
DA:44,1
DA:45,1
DA:46,1
DA:48,1
DA:50,1
DA:52,1
DA:54,1
DA:56,1
DA:57,2
DA:58,1
DA:63,2
DA:65,8
DA:66,2
DA:69,2
DA:73,2
DA:75,2
DA:77,2
DA:79,2
DA:81,1
DA:82,1
DA:83,1
LF:36
LH:34
end_of_record
SF:lib/core/utils/file_mime_resolver.dart
DA:7,0
DA:12,3
DA:13,2
DA:14,2
DA:15,2
DA:16,2
DA:17,2
DA:42,1
DA:43,1
DA:44,1
DA:45,2
DA:46,2
DA:51,1
DA:52,2
DA:55,2
DA:56,1
DA:57,1
DA:62,2
DA:63,1
DA:64,1
DA:66,1
DA:67,1
DA:70,2
DA:71,2
DA:80,2
DA:81,6
DA:82,1
DA:86,1
DA:89,1
DA:90,4
DA:91,3
DA:92,4
DA:97,1
DA:98,1
DA:99,3
DA:100,2
DA:101,1
DA:108,1
LF:38
LH:37
end_of_record
SF:lib/core/utils/image_upload_path_resolver.dart
DA:7,0
DA:15,2
DA:20,2
DA:22,2
LF:4
LH:3
end_of_record
SF:lib/core/utils/jwt_utils.dart
DA:8,0
DA:13,1
DA:15,1
DA:16,2
DA:18,2
DA:19,1
DA:22,2
DA:28,1
DA:29,1
DA:30,1
DA:31,1
DA:32,1
DA:33,1
DA:34,0
LF:14
LH:12
end_of_record
SF:lib/core/utils/save_image_to_gallery.dart
DA:15,1
DA:16,3
DA:17,3
DA:18,1
DA:20,1
DA:22,1
DA:23,1
DA:24,1
DA:26,1
DA:28,1
DA:30,1
DA:33,2
LF:12
LH:12
end_of_record
SF:lib/core/utils/url_utils.dart
DA:12,6
DA:20,3
DA:27,1
DA:28,3
DA:29,1
DA:30,2
DA:31,2
DA:34,0
LF:8
LH:7
end_of_record
SF:lib/core/utils/validators.dart
DA:4,0
DA:6,4
DA:7,4
DA:11,4
DA:15,4
DA:22,3
DA:23,3
DA:27,6
DA:31,6
DA:38,2
DA:39,2
DA:43,2
DA:50,2
DA:51,2
DA:55,4
DA:59,4
DA:66,1
DA:67,1
DA:68,1
DA:74,3
DA:75,3
DA:77,3
DA:78,3
LF:23
LH:22
end_of_record
SF:lib/data/datasources/local/chat_local_datasource.dart
DA:85,1
DA:87,1
DA:89,4
DA:90,3
DA:93,2
DA:94,2
DA:96,5
DA:97,3
DA:102,1
DA:104,1
DA:105,3
DA:107,2
DA:109,0
DA:110,0
DA:114,1
DA:120,3
DA:126,1
DA:127,2
DA:128,4
DA:129,4
DA:130,2
DA:136,1
DA:142,3
DA:148,1
DA:149,1
DA:150,0
DA:151,0
DA:152,0
DA:158,1
DA:160,3
DA:163,1
DA:165,3
DA:168,1
DA:170,3
DA:173,1
DA:175,4
DA:176,3
DA:179,1
DA:181,1
DA:182,3
DA:185,1
DA:187,3
DA:188,4
DA:191,1
DA:193,3
DA:195,1
DA:198,1
DA:205,3
DA:209,1
DA:213,1
DA:215,3
DA:218,1
DA:220,3
DA:223,1
DA:225,3
DA:228,1
DA:231,3
DA:234,1
DA:236,2
DA:239,1
DA:241,4
DA:242,1
DA:243,1
DA:244,2
DA:246,4
DA:248,2
DA:249,2
DA:256,1
DA:258,2
DA:259,1
DA:260,6
LF:71
LH:66
end_of_record
SF:lib/domain/entities/chat_room.dart
DA:25,11
DA:44,1
DA:45,3
DA:47,1
DA:48,1
DA:50,1
DA:53,1
DA:61,2
DA:63,4
DA:66,6
DA:67,2
DA:69,6
DA:70,2
DA:75,4
DA:92,4
DA:93,3
DA:94,3
DA:95,4
DA:96,4
DA:97,4
DA:98,4
DA:99,4
DA:100,4
DA:101,3
DA:102,4
DA:103,4
DA:104,4
DA:105,4
DA:106,4
DA:107,4
DA:111,3
DA:112,3
DA:113,3
DA:114,3
DA:115,3
DA:116,3
DA:117,3
DA:118,3
DA:119,3
DA:120,3
DA:121,3
DA:122,3
DA:123,3
DA:124,3
DA:125,3
DA:126,3
DA:127,3
DA:138,9
DA:145,6
DA:147,1
DA:148,5
LF:51
LH:51
end_of_record
SF:lib/domain/entities/message.dart
DA:48,16
DA:78,12
DA:81,9
DA:83,2
DA:84,2
DA:85,1
DA:87,5
DA:89,6
DA:91,3
DA:92,3
DA:95,3
DA:99,2
DA:100,2
DA:101,6
DA:102,2
DA:103,2
DA:105,2
DA:106,6
DA:107,2
DA:108,0
DA:110,0
DA:111,0
DA:115,4
DA:143,4
DA:144,4
DA:145,4
DA:146,4
DA:147,4
DA:148,4
DA:149,3
DA:150,4
DA:151,4
DA:152,4
DA:153,4
DA:154,4
DA:155,4
DA:156,4
DA:157,4
DA:158,4
DA:159,4
DA:160,4
DA:161,4
DA:162,4
DA:163,3
DA:164,4
DA:165,4
DA:166,4
DA:167,4
DA:168,4
DA:169,4
DA:173,4
DA:174,4
DA:175,4
DA:176,4
DA:177,4
DA:178,4
DA:179,4
DA:180,4
DA:181,4
DA:182,4
DA:183,4
DA:184,4
DA:185,4
DA:186,4
DA:187,4
DA:188,4
DA:189,4
DA:190,4
DA:191,4
DA:192,4
DA:193,4
DA:194,4
DA:195,4
DA:196,4
DA:197,4
DA:198,4
DA:199,4
DA:200,4
DA:211,9
DA:219,1
DA:220,6
LF:81
LH:78
end_of_record
SF:lib/data/datasources/local/database/app_database.g.dart
DA:11,5
DA:14,10
DA:16,5
DA:23,10
DA:25,5
DA:32,10
DA:34,5
DA:44,10
DA:46,5
DA:55,10
DA:57,5
DA:66,10
DA:68,5
DA:77,10
DA:79,5
DA:88,10
DA:90,5
DA:100,10
DA:102,5
DA:111,5
DA:112,5
DA:114,5
DA:122,5
DA:123,5
DA:125,5
DA:134,10
DA:136,5
DA:140,5
DA:149,10
DA:151,5
DA:155,5
DA:163,10
DA:165,5
DA:174,10
DA:176,5
DA:181,5
DA:182,5
DA:183,5
DA:184,5
DA:185,5
DA:186,5
DA:187,5
DA:188,5
DA:189,5
DA:190,5
DA:191,5
DA:192,5
DA:193,5
DA:194,5
DA:195,5
DA:196,5
DA:197,5
DA:199,5
DA:200,10
DA:201,5
DA:204,4
DA:209,4
DA:210,4
DA:211,4
DA:212,16
DA:214,4
DA:215,4
DA:217,12
DA:220,4
DA:221,4
DA:223,12
DA:226,4
DA:227,4
DA:229,12
DA:232,0
DA:234,4
DA:235,4
DA:237,8
DA:238,4
DA:243,4
DA:244,4
DA:246,8
DA:247,4
DA:252,4
DA:253,4
DA:255,8
DA:256,4
DA:261,4
DA:262,4
DA:264,8
DA:265,4
DA:270,4
DA:271,4
DA:273,8
DA:274,4
DA:279,4
DA:280,4
DA:282,8
DA:283,4
DA:288,4
DA:289,3
DA:291,6
DA:292,3
DA:297,4
DA:298,4
DA:300,8
DA:301,4
DA:306,4
DA:307,4
DA:309,8
DA:310,4
DA:315,4
DA:316,3
DA:318,6
DA:319,3
DA:324,4
DA:325,2
DA:327,4
DA:328,2
DA:336,5
DA:337,5
DA:338,4
DA:340,0
DA:341,4
DA:342,12
DA:344,8
DA:346,12
DA:348,8
DA:350,12
DA:352,8
DA:354,12
DA:356,8
DA:358,12
DA:360,8
DA:362,12
DA:364,8
DA:366,12
DA:368,8
DA:370,12
DA:372,8
DA:374,12
DA:376,8
DA:378,12
DA:380,8
DA:382,12
DA:384,8
DA:386,12
DA:388,8
DA:390,12
DA:392,8
DA:394,12
DA:396,8
DA:398,12
DA:400,8
DA:405,3
DA:407,6
DA:427,4
DA:444,0
DA:446,0
DA:447,0
DA:448,0
DA:449,0
DA:451,0
DA:452,0
DA:453,0
DA:454,0
DA:456,0
DA:457,0
DA:459,0
DA:460,0
DA:462,0
DA:463,0
DA:464,0
DA:466,0
DA:467,0
DA:469,0
DA:470,0
DA:472,0
DA:473,0
DA:474,0
DA:475,0
DA:477,0
DA:478,0
DA:483,0
DA:484,0
DA:485,0
DA:486,0
DA:487,0
DA:488,0
DA:489,0
DA:491,0
DA:492,0
DA:494,0
DA:495,0
DA:497,0
DA:498,0
DA:499,0
DA:501,0
DA:502,0
DA:504,0
DA:505,0
DA:507,0
DA:508,0
DA:509,0
DA:510,0
DA:512,0
DA:513,0
DA:515,0
DA:519,0
DA:523,0
DA:524,0
DA:525,0
DA:526,0
DA:527,0
DA:528,0
DA:529,0
DA:530,0
DA:531,0
DA:532,0
DA:533,0
DA:534,0
DA:535,0
DA:537,0
DA:538,0
DA:540,0
DA:541,0
DA:542,0
DA:543,0
DA:545,0
DA:548,0
DA:550,0
DA:551,0
DA:552,0
DA:553,0
DA:554,0
DA:555,0
DA:556,0
DA:557,0
DA:558,0
DA:559,0
DA:560,0
DA:561,0
DA:562,0
DA:563,0
DA:564,0
DA:565,0
DA:566,0
DA:570,0
DA:586,0
DA:587,0
DA:588,0
DA:589,0
DA:590,0
DA:591,0
DA:592,0
DA:593,0
DA:594,0
DA:595,0
DA:596,0
DA:597,0
DA:598,0
DA:599,0
DA:600,0
DA:601,0
DA:602,0
DA:603,0
DA:604,0
DA:605,0
DA:606,0
DA:607,0
DA:608,0
DA:609,0
DA:610,0
DA:611,0
DA:613,0
DA:614,0
DA:615,0
DA:616,0
DA:617,0
DA:618,0
DA:619,0
DA:620,0
DA:621,0
DA:622,0
DA:623,0
DA:624,0
DA:625,0
DA:626,0
DA:627,0
DA:628,0
DA:629,0
DA:630,0
DA:631,0
DA:632,0
DA:633,0
DA:634,0
DA:635,0
DA:636,0
DA:637,0
DA:638,0
DA:639,0
DA:640,0
DA:641,0
DA:642,0
DA:643,0
DA:644,0
DA:645,0
DA:646,0
DA:647,0
DA:648,0
DA:649,0
DA:650,0
DA:651,0
DA:655,0
DA:657,0
DA:658,0
DA:659,0
DA:660,0
DA:661,0
DA:662,0
DA:663,0
DA:664,0
DA:665,0
DA:666,0
DA:667,0
DA:668,0
DA:669,0
DA:670,0
DA:671,0
DA:672,0
DA:673,0
DA:674,0
DA:677,0
DA:678,0
DA:679,0
DA:680,0
DA:681,0
DA:682,0
DA:683,0
DA:684,0
DA:685,0
DA:686,0
DA:687,0
DA:688,0
DA:689,0
DA:690,0
DA:691,0
DA:692,0
DA:693,0
DA:695,0
DA:698,0
DA:699,0
DA:700,0
DA:701,0
DA:702,0
DA:703,0
DA:704,0
DA:705,0
DA:706,0
DA:707,0
DA:708,0
DA:709,0
DA:710,0
DA:711,0
DA:712,0
DA:713,0
DA:732,4
DA:749,0
DA:765,0
DA:766,0
DA:783,0
DA:784,0
DA:785,0
DA:786,0
DA:787,0
DA:788,0
DA:789,0
DA:790,0
DA:791,0
DA:792,0
DA:793,0
DA:795,0
DA:796,0
DA:797,0
DA:799,0
DA:800,0
DA:804,0
DA:821,0
DA:822,0
DA:823,0
DA:824,0
DA:825,0
DA:826,0
DA:827,0
DA:828,0
DA:829,0
DA:830,0
DA:831,0
DA:832,0
DA:833,0
DA:834,0
DA:836,0
DA:837,0
DA:841,4
DA:843,4
DA:844,8
DA:845,16
DA:847,8
DA:848,16
DA:850,8
DA:851,16
DA:853,8
DA:854,16
DA:856,8
DA:857,16
DA:859,8
DA:860,16
DA:862,8
DA:863,16
DA:865,8
DA:866,16
DA:868,8
DA:869,16
DA:871,8
DA:872,16
DA:874,8
DA:875,12
DA:877,8
DA:878,16
DA:880,8
DA:881,16
DA:883,8
DA:884,6
DA:885,6
DA:888,8
DA:889,8
DA:894,0
DA:896,0
DA:897,0
DA:898,0
DA:899,0
DA:900,0
DA:901,0
DA:902,0
DA:903,0
DA:904,0
DA:905,0
DA:906,0
DA:907,0
DA:908,0
DA:909,0
DA:910,0
DA:911,0
DA:912,0
DA:913,0
DA:921,5
DA:924,10
DA:926,5
DA:935,10
DA:937,5
DA:946,10
DA:948,5
DA:957,10
DA:959,5
DA:968,10
DA:970,5
DA:979,10
DA:981,5
DA:988,10
DA:990,5
DA:1000,10
DA:1002,5
DA:1011,10
DA:1013,5
DA:1022,10
DA:1024,5
DA:1033,10
DA:1035,5
DA:1044,10
DA:1046,5
DA:1055,10
DA:1057,5
DA:1065,10
DA:1067,5
DA:1076,10
DA:1078,5
DA:1082,5
DA:1091,10
DA:1093,5
DA:1102,10
DA:1104,5
DA:1113,10
DA:1115,5
DA:1125,10
DA:1127,5
DA:1133,5
DA:1134,5
DA:1135,5
DA:1136,5
DA:1137,5
DA:1138,5
DA:1139,5
DA:1140,5
DA:1141,5
DA:1142,5
DA:1143,5
DA:1144,5
DA:1145,5
DA:1146,5
DA:1147,5
DA:1148,5
DA:1149,5
DA:1150,5
DA:1151,5
DA:1152,5
DA:1153,5
DA:1155,5
DA:1156,10
DA:1157,5
DA:1160,4
DA:1165,4
DA:1166,4
DA:1167,4
DA:1168,16
DA:1170,4
DA:1171,4
DA:1173,8
DA:1174,4
DA:1179,0
DA:1181,4
DA:1182,4
DA:1184,12
DA:1187,0
DA:1189,4
DA:1190,4
DA:1192,8
DA:1193,4
DA:1198,4
DA:1199,3
DA:1201,6
DA:1202,3
DA:1207,4
DA:1208,4
DA:1210,12
DA:1213,0
DA:1215,4
DA:1216,4
DA:1218,12
DA:1221,4
DA:1222,3
DA:1224,9
DA:1227,4
DA:1228,3
DA:1230,9
DA:1233,4
DA:1234,3
DA:1236,9
DA:1239,4
DA:1240,3
DA:1242,6
DA:1243,3
DA:1248,4
DA:1249,3
DA:1251,6
DA:1252,3
DA:1257,4
DA:1258,3
DA:1260,6
DA:1261,3
DA:1266,4
DA:1267,3
DA:1269,6
DA:1270,3
DA:1275,4
DA:1276,4
DA:1278,12
DA:1281,4
DA:1282,4
DA:1284,12
DA:1287,0
DA:1289,4
DA:1290,3
DA:1292,9
DA:1295,4
DA:1296,4
DA:1298,8
DA:1299,4
DA:1304,4
DA:1305,4
DA:1307,12
DA:1313,5
DA:1314,5
DA:1315,4
DA:1317,0
DA:1318,4
DA:1319,12
DA:1321,8
DA:1323,12
DA:1325,8
DA:1327,12
DA:1329,8
DA:1331,12
DA:1333,8
DA:1335,12
DA:1337,8
DA:1339,12
DA:1341,8
DA:1343,12
DA:1345,8
DA:1347,12
DA:1349,8
DA:1351,12
DA:1353,8
DA:1355,12
DA:1357,8
DA:1359,12
DA:1361,8
DA:1363,12
DA:1365,8
DA:1367,12
DA:1369,8
DA:1371,12
DA:1373,8
DA:1375,12
DA:1377,8
DA:1379,12
DA:1381,8
DA:1383,12
DA:1385,8
DA:1387,12
DA:1389,8
DA:1391,12
DA:1393,8
DA:1398,3
DA:1400,6
DA:1424,4
DA:1445,0
DA:1447,0
DA:1448,0
DA:1449,0
DA:1450,0
DA:1451,0
DA:1452,0
DA:1454,0
DA:1455,0
DA:1457,0
DA:1458,0
DA:1459,0
DA:1460,0
DA:1462,0
DA:1463,0
DA:1465,0
DA:1466,0
DA:1468,0
DA:1469,0
DA:1471,0
DA:1472,0
DA:1474,0
DA:1475,0
DA:1477,0
DA:1478,0
DA:1480,0
DA:1481,0
DA:1482,0
DA:1483,0
DA:1485,0
DA:1486,0
DA:1490,0
DA:1491,0
DA:1492,0
DA:1493,0
DA:1494,0
DA:1495,0
DA:1497,0
DA:1498,0
DA:1500,0
DA:1501,0
DA:1502,0
DA:1503,0
DA:1505,0
DA:1506,0
DA:1508,0
DA:1509,0
DA:1511,0
DA:1512,0
DA:1514,0
DA:1515,0
DA:1517,0
DA:1518,0
DA:1520,0
DA:1521,0
DA:1523,0
DA:1524,0
DA:1525,0
DA:1526,0
DA:1528,0
DA:1529,0
DA:1530,0
DA:1534,0
DA:1538,0
DA:1539,0
DA:1540,0
DA:1541,0
DA:1542,0
DA:1543,0
DA:1544,0
DA:1545,0
DA:1546,0
DA:1547,0
DA:1548,0
DA:1549,0
DA:1550,0
DA:1551,0
DA:1552,0
DA:1553,0
DA:1554,0
DA:1556,0
DA:1557,0
DA:1558,0
DA:1559,0
DA:1560,0
DA:1563,0
DA:1565,0
DA:1566,0
DA:1567,0
DA:1568,0
DA:1569,0
DA:1570,0
DA:1571,0
DA:1572,0
DA:1573,0
DA:1574,0
DA:1575,0
DA:1576,0
DA:1577,0
DA:1578,0
DA:1579,0
DA:1580,0
DA:1581,0
DA:1582,0
DA:1583,0
DA:1584,0
DA:1585,0
DA:1589,0
DA:1609,0
DA:1610,0
DA:1611,0
DA:1612,0
DA:1613,0
DA:1614,0
DA:1615,0
DA:1616,0
DA:1617,0
DA:1618,0
DA:1619,0
DA:1620,0
DA:1621,0
DA:1622,0
DA:1623,0
DA:1624,0
DA:1625,0
DA:1626,0
DA:1627,0
DA:1628,0
DA:1629,0
DA:1630,0
DA:1631,0
DA:1632,0
DA:1633,0
DA:1634,0
DA:1635,0
DA:1636,0
DA:1637,0
DA:1638,0
DA:1640,0
DA:1641,0
DA:1642,0
DA:1643,0
DA:1644,0
DA:1645,0
DA:1646,0
DA:1647,0
DA:1648,0
DA:1649,0
DA:1650,0
DA:1651,0
DA:1652,0
DA:1653,0
DA:1654,0
DA:1655,0
DA:1656,0
DA:1657,0
DA:1658,0
DA:1659,0
DA:1660,0
DA:1661,0
DA:1662,0
DA:1663,0
DA:1664,0
DA:1665,0
DA:1666,0
DA:1667,0
DA:1668,0
DA:1669,0
DA:1670,0
DA:1671,0
DA:1672,0
DA:1673,0
DA:1674,0
DA:1675,0
DA:1676,0
DA:1677,0
DA:1678,0
DA:1682,0
DA:1684,0
DA:1685,0
DA:1686,0
DA:1687,0
DA:1688,0
DA:1689,0
DA:1690,0
DA:1691,0
DA:1692,0
DA:1693,0
DA:1694,0
DA:1695,0
DA:1696,0
DA:1697,0
DA:1698,0
DA:1699,0
DA:1700,0
DA:1701,0
DA:1702,0
DA:1703,0
DA:1704,0
DA:1705,0
DA:1708,0
DA:1709,0
DA:1710,0
DA:1711,0
DA:1712,0
DA:1713,0
DA:1714,0
DA:1715,0
DA:1716,0
DA:1717,0
DA:1718,0
DA:1719,0
DA:1720,0
DA:1721,0
DA:1722,0
DA:1723,0
DA:1724,0
DA:1725,0
DA:1726,0
DA:1727,0
DA:1728,0
DA:1730,0
DA:1733,0
DA:1734,0
DA:1735,0
DA:1736,0
DA:1737,0
DA:1738,0
DA:1739,0
DA:1740,0
DA:1741,0
DA:1742,0
DA:1743,0
DA:1744,0
DA:1745,0
DA:1746,0
DA:1747,0
DA:1748,0
DA:1749,0
DA:1750,0
DA:1751,0
DA:1752,0
DA:1775,138
DA:1796,0
DA:1816,0
DA:1817,0
DA:1818,0
DA:1819,0
DA:1820,0
DA:1841,0
DA:1842,0
DA:1843,0
DA:1844,0
DA:1845,0
DA:1846,0
DA:1847,0
DA:1848,0
DA:1849,0
DA:1850,0
DA:1851,0
DA:1852,0
DA:1853,0
DA:1854,0
DA:1856,0
DA:1857,0
DA:1858,0
DA:1859,0
DA:1860,0
DA:1861,0
DA:1865,0
DA:1886,0
DA:1887,0
DA:1888,0
DA:1889,0
DA:1890,0
DA:1891,0
DA:1892,0
DA:1893,0
DA:1894,0
DA:1895,0
DA:1896,0
DA:1897,0
DA:1898,0
DA:1899,0
DA:1901,0
DA:1902,0
DA:1903,0
DA:1904,0
DA:1905,0
DA:1906,0
DA:1910,4
DA:1912,4
DA:1913,8
DA:1914,16
DA:1916,8
DA:1917,16
DA:1919,8
DA:1920,16
DA:1922,8
DA:1923,16
DA:1925,8
DA:1926,12
DA:1928,8
DA:1929,16
DA:1931,8
DA:1932,16
DA:1934,8
DA:1935,12
DA:1937,8
DA:1938,12
DA:1940,8
DA:1941,12
DA:1943,8
DA:1944,12
DA:1946,8
DA:1947,12
DA:1949,8
DA:1950,12
DA:1952,8
DA:1953,6
DA:1954,6
DA:1957,8
DA:1958,16
DA:1960,8
DA:1961,16
DA:1963,8
DA:1964,12
DA:1966,8
DA:1967,16
DA:1969,8
DA:1970,16
DA:1975,0
DA:1977,0
DA:1978,0
DA:1979,0
DA:1980,0
DA:1981,0
DA:1982,0
DA:1983,0
DA:1984,0
DA:1985,0
DA:1986,0
DA:1987,0
DA:1988,0
DA:1989,0
DA:1990,0
DA:1991,0
DA:1992,0
DA:1993,0
DA:1994,0
DA:1995,0
DA:1996,0
DA:1997,0
DA:1998,0
DA:2007,5
DA:2010,10
DA:2012,5
DA:2021,10
DA:2023,5
DA:2030,10
DA:2032,5
DA:2041,10
DA:2043,5
DA:2050,10
DA:2052,5
DA:2057,5
DA:2058,5
DA:2059,5
DA:2060,5
DA:2061,5
DA:2062,5
DA:2063,5
DA:2065,5
DA:2066,10
DA:2067,5
DA:2070,4
DA:2075,4
DA:2076,4
DA:2077,4
DA:2078,16
DA:2080,4
DA:2081,4
DA:2083,12
DA:2086,0
DA:2088,4
DA:2089,4
DA:2091,12
DA:2094,0
DA:2096,4
DA:2097,3
DA:2099,6
DA:2100,3
DA:2105,4
DA:2106,4
DA:2108,12
DA:2111,0
DA:2116,5
DA:2117,5
DA:2118,4
DA:2120,0
DA:2121,4
DA:2122,12
DA:2124,8
DA:2126,12
DA:2128,8
DA:2130,12
DA:2132,8
DA:2134,12
DA:2136,8
DA:2138,12
DA:2140,8
DA:2145,3
DA:2147,6
DA:2157,4
DA:2164,0
DA:2166,0
DA:2167,0
DA:2168,0
DA:2169,0
DA:2170,0
DA:2171,0
DA:2173,0
DA:2177,0
DA:2178,0
DA:2179,0
DA:2180,0
DA:2181,0
DA:2182,0
DA:2184,0
DA:2185,0
DA:2189,0
DA:2193,0
DA:2194,0
DA:2195,0
DA:2196,0
DA:2197,0
DA:2198,0
DA:2199,0
DA:2202,0
DA:2204,0
DA:2205,0
DA:2206,0
DA:2207,0
DA:2208,0
DA:2209,0
DA:2210,0
DA:2214,0
DA:2220,0
DA:2221,0
DA:2222,0
DA:2223,0
DA:2224,0
DA:2225,0
DA:2227,0
DA:2228,0
DA:2229,0
DA:2230,0
DA:2231,0
DA:2232,0
DA:2233,0
DA:2234,0
DA:2235,0
DA:2239,0
DA:2241,0
DA:2242,0
DA:2243,0
DA:2244,0
DA:2245,0
DA:2246,0
DA:2247,0
DA:2248,0
DA:2251,0
DA:2252,0
DA:2253,0
DA:2256,0
DA:2257,0
DA:2258,0
DA:2259,0
DA:2260,0
DA:2261,0
DA:2270,4
DA:2277,0
DA:2283,0
DA:2284,0
DA:2285,0
DA:2286,0
DA:2293,0
DA:2294,0
DA:2295,0
DA:2296,0
DA:2297,0
DA:2298,0
DA:2302,0
DA:2309,0
DA:2310,0
DA:2311,0
DA:2312,0
DA:2313,0
DA:2314,0
DA:2318,4
DA:2320,4
DA:2321,8
DA:2322,16
DA:2324,8
DA:2325,16
DA:2327,8
DA:2328,16
DA:2330,8
DA:2331,12
DA:2333,8
DA:2334,16
DA:2339,0
DA:2341,0
DA:2342,0
DA:2343,0
DA:2344,0
DA:2345,0
DA:2346,0
DA:2347,0
DA:2348,0
DA:2353,10
DA:2354,0
DA:2355,10
DA:2356,10
DA:2357,10
DA:2360,4
DA:2361,4
DA:2362,0
DA:2364,0
DA:2365,5
DA:2366,5
DA:2367,5
DA:2368,5
DA:2369,5
DA:2412,0
DA:2419,0
DA:2420,0
DA:2421,0
DA:2424,0
DA:2425,0
DA:2426,0
DA:2429,0
DA:2430,0
DA:2431,0
DA:2434,0
DA:2435,0
DA:2436,0
DA:2439,0
DA:2440,0
DA:2441,0
DA:2444,0
DA:2445,0
DA:2446,0
DA:2449,0
DA:2450,0
DA:2451,0
DA:2454,0
DA:2455,0
DA:2456,0
DA:2459,0
DA:2460,0
DA:2461,0
DA:2464,0
DA:2465,0
DA:2466,0
DA:2469,0
DA:2470,0
DA:2471,0
DA:2474,0
DA:2475,0
DA:2476,0
DA:2479,0
DA:2480,0
DA:2481,0
DA:2484,0
DA:2485,0
DA:2486,0
DA:2489,0
DA:2490,0
DA:2491,0
DA:2497,0
DA:2504,0
DA:2505,0
DA:2506,0
DA:2509,0
DA:2510,0
DA:2511,0
DA:2514,0
DA:2515,0
DA:2516,0
DA:2519,0
DA:2520,0
DA:2521,0
DA:2524,0
DA:2525,0
DA:2526,0
DA:2529,0
DA:2530,0
DA:2531,0
DA:2534,0
DA:2535,0
DA:2536,0
DA:2539,0
DA:2540,0
DA:2541,0
DA:2544,0
DA:2545,0
DA:2546,0
DA:2549,0
DA:2550,0
DA:2551,0
DA:2554,0
DA:2555,0
DA:2556,0
DA:2559,0
DA:2560,0
DA:2561,0
DA:2564,0
DA:2565,0
DA:2566,0
DA:2569,0
DA:2570,0
DA:2571,0
DA:2574,0
DA:2575,0
DA:2576,0
DA:2582,0
DA:2589,0
DA:2590,0
DA:2592,0
DA:2593,0
DA:2595,0
DA:2596,0
DA:2598,0
DA:2599,0
DA:2601,0
DA:2602,0
DA:2603,0
DA:2606,0
DA:2607,0
DA:2608,0
DA:2611,0
DA:2612,0
DA:2613,0
DA:2616,0
DA:2617,0
DA:2618,0
DA:2621,0
DA:2622,0
DA:2623,0
DA:2626,0
DA:2627,0
DA:2628,0
DA:2631,0
DA:2632,0
DA:2633,0
DA:2636,0
DA:2637,0
DA:2638,0
DA:2641,0
DA:2642,0
DA:2643,0
DA:2646,0
DA:2647,0
DA:2648,0
DA:2651,0
DA:2652,0
DA:2653,0
DA:2672,0
DA:2673,0
DA:2674,0
DA:2677,0
DA:2678,0
DA:2679,0
DA:2680,0
DA:2681,0
DA:2682,0
DA:2684,0
DA:2700,0
DA:2718,0
DA:2734,0
DA:2751,0
DA:2752,0
DA:2753,0
DA:2820,0
DA:2827,0
DA:2828,0
DA:2829,0
DA:2832,0
DA:2833,0
DA:2834,0
DA:2837,0
DA:2838,0
DA:2839,0
DA:2842,0
DA:2843,0
DA:2844,0
DA:2847,0
DA:2848,0
DA:2849,0
DA:2852,0
DA:2853,0
DA:2854,0
DA:2857,0
DA:2858,0
DA:2859,0
DA:2862,0
DA:2863,0
DA:2864,0
DA:2867,0
DA:2868,0
DA:2869,0
DA:2872,0
DA:2873,0
DA:2874,0
DA:2877,0
DA:2878,0
DA:2879,0
DA:2882,0
DA:2883,0
DA:2884,0
DA:2887,0
DA:2888,0
DA:2889,0
DA:2892,0
DA:2893,0
DA:2894,0
DA:2897,0
DA:2898,0
DA:2899,0
DA:2902,0
DA:2903,0
DA:2904,0
DA:2907,0
DA:2908,0
DA:2909,0
DA:2912,0
DA:2913,0
DA:2914,0
DA:2917,0
DA:2918,0
DA:2919,0
DA:2925,0
DA:2932,0
DA:2933,0
DA:2934,0
DA:2937,0
DA:2938,0
DA:2939,0
DA:2942,0
DA:2943,0
DA:2944,0
DA:2947,0
DA:2948,0
DA:2949,0
DA:2952,0
DA:2953,0
DA:2954,0
DA:2957,0
DA:2958,0
DA:2959,0
DA:2962,0
DA:2963,0
DA:2964,0
DA:2967,0
DA:2968,0
DA:2969,0
DA:2972,0
DA:2973,0
DA:2974,0
DA:2977,0
DA:2978,0
DA:2979,0
DA:2982,0
DA:2983,0
DA:2984,0
DA:2987,0
DA:2988,0
DA:2989,0
DA:2992,0
DA:2993,0
DA:2994,0
DA:2997,0
DA:2998,0
DA:2999,0
DA:3002,0
DA:3003,0
DA:3004,0
DA:3007,0
DA:3008,0
DA:3009,0
DA:3012,0
DA:3013,0
DA:3014,0
DA:3017,0
DA:3018,0
DA:3019,0
DA:3022,0
DA:3023,0
DA:3024,0
DA:3030,0
DA:3037,0
DA:3038,0
DA:3040,0
DA:3041,0
DA:3042,0
DA:3045,0
DA:3046,0
DA:3048,0
DA:3049,0
DA:3050,0
DA:3053,0
DA:3054,0
DA:3055,0
DA:3058,0
DA:3059,0
DA:3061,0
DA:3062,0
DA:3064,0
DA:3065,0
DA:3067,0
DA:3068,0
DA:3070,0
DA:3071,0
DA:3073,0
DA:3074,0
DA:3075,0
DA:3078,0
DA:3079,0
DA:3080,0
DA:3083,0
DA:3084,0
DA:3085,0
DA:3088,0
DA:3089,0
DA:3090,0
DA:3093,0
DA:3094,0
DA:3096,0
DA:3097,0
DA:3099,0
[...]
DA:271,2
DA:272,1
DA:273,1
DA:280,1
DA:281,0
DA:282,0
DA:283,0
DA:288,2
DA:289,3
DA:290,1
DA:293,1
DA:297,2
DA:300,1
DA:303,1
LF:110
LH:104
end_of_record
SF:lib/presentation/widgets/connection_status_banner.dart
DA:11,1
DA:17,1
DA:20,2
DA:21,2
DA:25,0
DA:26,0
DA:27,0
DA:29,0
DA:32,0
DA:34,0
DA:36,0
DA:37,0
DA:38,0
DA:39,0
DA:46,0
DA:47,0
DA:48,0
DA:58,0
DA:59,0
DA:65,0
DA:67,0
DA:68,0
DA:69,0
LF:23
LH:4
end_of_record
SF:lib/presentation/pages/profile/handlers/image_picker_handler.dart
DA:9,1
DA:10,1
DA:13,1
DA:15,2
DA:22,1
DA:23,1
DA:24,1
DA:31,2
DA:37,4
DA:44,1
DA:45,1
DA:46,1
DA:53,1
DA:55,2
DA:60,2
DA:62,2
DA:65,3
DA:66,2
DA:67,3
DA:68,2
DA:69,1
DA:70,4
DA:72,2
DA:83,1
DA:85,2
DA:92,1
DA:93,1
DA:94,1
DA:101,1
DA:103,2
DA:108,2
DA:110,2
DA:112,3
DA:113,2
DA:114,3
DA:115,2
DA:116,1
DA:117,4
DA:119,2
DA:129,2
DA:132,1
DA:134,2
LF:42
LH:42
end_of_record
SF:lib/presentation/pages/chat/media_gallery_page.dart
DA:19,1
DA:21,1
DA:22,1
DA:29,1
DA:31,1
DA:32,2
DA:35,1
DA:37,2
DA:38,1
DA:41,1
DA:43,1
DA:44,1
DA:46,1
DA:47,1
DA:58,1
DA:59,1
DA:60,1
DA:61,3
DA:62,3
DA:63,3
DA:74,1
DA:76,1
DA:78,1
DA:79,3
DA:80,4
DA:81,2
DA:89,1
DA:91,1
DA:93,1
DA:94,1
DA:95,4
DA:99,2
DA:100,1
DA:101,1
DA:103,1
DA:106,2
DA:108,1
DA:109,1
DA:110,1
DA:111,2
DA:112,1
DA:113,1
DA:123,2
DA:124,1
DA:125,1
DA:127,1
DA:128,1
DA:129,1
DA:131,1
DA:134,1
DA:135,1
DA:136,2
DA:143,1
DA:144,0
DA:145,0
DA:146,0
DA:147,0
DA:149,0
DA:150,0
DA:154,2
DA:155,2
DA:156,2
DA:162,1
DA:163,1
DA:164,1
DA:166,1
DA:168,1
DA:173,1
DA:174,1
DA:175,1
DA:177,1
DA:179,1
DA:184,1
DA:186,2
DA:187,5
DA:188,4
DA:190,1
DA:197,1
DA:198,1
DA:199,1
DA:200,1
DA:201,0
DA:202,1
DA:204,1
DA:205,1
DA:206,2
DA:208,2
DA:209,1
DA:212,0
DA:213,0
DA:217,3
DA:218,0
DA:219,0
DA:220,0
DA:221,0
DA:235,0
DA:237,0
DA:238,0
DA:239,0
DA:244,0
DA:245,0
DA:246,0
DA:247,0
DA:253,0
DA:260,0
DA:261,0
DA:262,0
DA:263,0
DA:264,0
DA:265,0
DA:272,0
DA:274,0
DA:275,0
DA:278,0
DA:281,0
DA:283,0
DA:284,0
DA:289,1
DA:290,1
DA:292,1
DA:293,0
DA:294,1
DA:295,1
DA:296,2
DA:297,1
DA:299,1
DA:305,1
DA:306,1
DA:307,2
DA:309,1
DA:311,1
DA:314,1
DA:315,1
DA:316,1
DA:320,1
DA:321,1
DA:325,1
DA:326,3
DA:327,2
DA:329,0
DA:333,1
DA:334,1
DA:336,1
DA:338,1
DA:339,0
DA:340,0
DA:341,0
DA:342,0
DA:346,0
DA:349,0
DA:354,1
DA:357,1
DA:358,1
DA:359,1
DA:363,1
DA:364,1
DA:368,1
DA:370,1
DA:371,1
DA:372,1
DA:373,1
DA:376,2
DA:378,1
DA:379,2
DA:380,2
DA:384,0
DA:388,1
DA:389,1
DA:390,5
DA:391,0
DA:392,0
DA:394,0
DA:397,0
DA:399,0
DA:400,0
DA:401,0
LF:176
LH:125
end_of_record
SF:lib/presentation/pages/chat/widgets/photo_swipe_viewer.dart
DA:15,1
DA:22,1
DA:23,1
DA:43,1
DA:45,1
DA:46,3
DA:47,4
DA:48,2
DA:52,3
DA:53,2
DA:55,2
DA:56,0
DA:57,0
DA:62,1
DA:64,2
DA:65,2
DA:66,3
DA:67,1
DA:69,1
DA:72,1
DA:73,2
DA:74,1
DA:75,1
DA:76,0
DA:77,0
DA:78,0
DA:79,0
DA:80,0
DA:84,2
DA:86,2
DA:89,0
DA:90,0
DA:91,0
DA:92,0
DA:96,0
DA:97,0
DA:98,0
DA:100,0
DA:101,0
DA:104,0
DA:106,0
DA:107,0
DA:109,0
DA:113,1
DA:115,5
DA:116,5
DA:117,4
DA:119,1
DA:120,1
DA:122,1
DA:124,2
DA:126,4
DA:127,1
DA:128,6
DA:129,1
DA:130,1
DA:136,1
DA:138,1
DA:139,1
DA:140,1
DA:146,1
DA:147,1
DA:148,1
DA:149,0
DA:150,1
DA:152,1
DA:153,2
DA:154,1
DA:156,1
DA:157,1
DA:158,3
DA:159,1
DA:162,0
DA:163,0
DA:164,0
DA:166,0
DA:167,0
DA:168,0
DA:171,0
DA:174,1
DA:175,1
DA:176,1
DA:181,0
DA:183,0
DA:184,0
DA:185,0
DA:188,1
DA:189,1
DA:190,3
DA:192,1
DA:195,0
LF:91
LH:58
end_of_record
SF:lib/presentation/pages/chat/widgets/video_player_page.dart
DA:10,1
DA:16,1
DA:17,1
DA:25,1
DA:27,1
DA:28,1
DA:31,1
DA:32,2
DA:33,3
DA:37,2
DA:38,0
DA:40,0
DA:41,0
DA:47,0
DA:48,0
DA:49,0
DA:51,0
DA:54,0
DA:63,0
DA:65,1
DA:66,3
DA:71,1
DA:73,1
DA:74,2
DA:75,1
DA:78,1
DA:80,1
DA:82,1
DA:85,2
DA:86,1
DA:87,2
DA:94,1
DA:95,1
DA:107,1
DA:108,0
LF:35
LH:25
end_of_record
SF:lib/presentation/pages/chat/widgets/date_separator.dart
DA:9,1
DA:11,1
DA:13,1
DA:15,1
DA:16,1
DA:18,1
DA:19,1
DA:20,1
DA:22,1
DA:23,2
DA:24,4
DA:25,1
LF:12
LH:12
end_of_record
SF:lib/presentation/pages/chat/widgets/message_bubble.dart
DA:33,2
DA:40,1
DA:41,6
DA:45,2
DA:46,4
DA:49,2
DA:50,3
DA:51,6
DA:52,1
DA:55,1
DA:57,1
DA:58,2
DA:59,2
DA:60,3
DA:62,1
DA:65,1
DA:66,4
DA:68,1
DA:69,1
DA:70,1
DA:71,0
DA:72,1
DA:73,1
DA:74,1
DA:75,2
DA:80,1
DA:83,1
DA:84,1
DA:86,1
DA:89,2
DA:92,1
DA:94,1
DA:96,1
DA:98,1
DA:105,1
DA:106,1
DA:107,0
DA:110,1
DA:111,1
DA:113,1
DA:115,1
DA:116,1
DA:117,0
DA:131,2
DA:132,4
DA:134,1
DA:136,1
DA:138,1
DA:139,1
DA:142,3
DA:145,1
DA:147,1
DA:150,3
DA:159,1
DA:160,1
DA:162,1
DA:164,1
DA:167,1
DA:171,1
DA:172,1
DA:173,2
DA:174,5
DA:177,1
DA:179,1
DA:180,1
DA:181,1
DA:195,1
DA:196,1
DA:197,2
DA:198,5
DA:201,1
DA:203,1
DA:204,1
DA:205,1
DA:207,1
DA:209,1
DA:210,1
DA:222,1
DA:224,1
DA:225,1
DA:226,1
DA:227,1
DA:228,2
DA:231,2
DA:234,2
DA:237,3
DA:244,1
DA:245,1
DA:246,5
DA:247,0
DA:248,0
DA:250,0
DA:254,2
DA:255,2
DA:256,4
DA:258,2
DA:259,4
DA:261,2
DA:272,2
DA:273,2
DA:274,2
DA:275,2
DA:276,1
DA:285,1
DA:286,2
DA:287,1
DA:288,0
DA:289,1
DA:291,1
DA:292,2
DA:297,2
DA:303,1
DA:306,2
DA:307,2
DA:308,1
DA:309,1
DA:322,0
DA:324,0
DA:325,0
DA:326,0
DA:327,0
DA:328,0
DA:329,0
DA:330,0
DA:335,0
DA:336,0
DA:338,0
DA:339,0
DA:340,0
DA:345,0
DA:346,0
DA:347,0
DA:354,0
DA:355,0
DA:357,0
DA:358,0
DA:359,0
DA:360,0
DA:361,0
DA:362,0
DA:365,0
DA:366,0
DA:369,0
DA:372,0
DA:374,0
DA:375,0
DA:381,0
DA:383,0
DA:384,0
DA:385,0
DA:390,0
DA:391,0
DA:392,0
DA:393,0
DA:400,0
DA:401,0
DA:403,0
DA:406,0
DA:407,0
DA:408,0
DA:411,0
DA:412,0
DA:414,0
DA:416,0
DA:419,0
DA:420,0
DA:421,0
DA:425,0
DA:428,0
DA:429,0
DA:430,0
DA:434,0
DA:437,0
DA:438,0
DA:439,0
DA:442,0
DA:451,0
DA:453,0
DA:454,0
DA:455,0
DA:457,0
DA:458,0
DA:459,0
DA:464,0
DA:465,0
DA:466,0
DA:474,1
DA:475,1
DA:476,1
DA:478,1
DA:480,2
DA:482,1
DA:483,0
DA:484,0
DA:485,0
DA:495,1
DA:496,3
DA:498,1
DA:500,2
DA:502,1
DA:511,1
DA:512,1
DA:513,2
DA:516,1
DA:517,0
DA:518,0
DA:519,0
DA:520,0
DA:521,0
DA:525,0
DA:535,1
DA:536,1
DA:538,2
DA:541,1
DA:542,1
DA:543,0
DA:546,1
DA:547,1
DA:548,5
DA:549,1
DA:551,1
DA:560,1
DA:561,2
DA:563,5
DA:564,2
DA:565,3
DA:566,7
DA:567,1
DA:569,1
DA:572,2
DA:573,1
DA:574,1
DA:577,1
DA:578,1
DA:580,1
DA:583,1
DA:586,1
DA:587,1
DA:588,1
DA:593,1
DA:595,1
DA:597,1
DA:598,3
DA:600,1
DA:601,1
DA:602,1
DA:603,1
DA:605,1
DA:606,1
DA:608,1
DA:616,1
DA:618,1
DA:619,1
DA:620,1
DA:621,1
DA:623,1
DA:624,1
DA:627,1
DA:628,1
DA:646,2
DA:647,1
DA:650,0
DA:651,0
DA:652,0
DA:653,0
DA:656,0
DA:657,0
DA:658,0
DA:659,0
DA:660,0
DA:667,5
DA:668,1
DA:671,0
DA:672,0
DA:673,0
DA:677,1
DA:680,1
DA:681,1
DA:682,4
DA:685,1
DA:688,1
DA:689,1
DA:690,1
DA:694,1
DA:697,1
DA:698,1
DA:699,1
DA:703,1
DA:706,1
DA:707,1
DA:708,1
DA:711,1
DA:712,1
DA:715,0
DA:716,0
DA:717,0
DA:720,1
DA:729,1
DA:730,3
DA:731,2
DA:737,1
DA:738,3
DA:741,3
DA:742,5
DA:746,3
DA:747,2
DA:751,3
DA:752,2
DA:759,1
DA:760,1
DA:764,2
DA:768,2
DA:769,1
DA:770,2
DA:773,1
DA:774,1
DA:776,1
DA:779,1
DA:780,1
DA:781,1
DA:784,1
DA:785,1
DA:786,0
DA:787,0
DA:788,0
DA:806,2
DA:809,4
DA:810,1
DA:812,1
DA:813,1
DA:815,1
DA:816,1
DA:817,1
DA:819,1
DA:820,2
DA:821,1
DA:822,1
DA:836,5
DA:837,1
DA:840,5
DA:852,2
DA:854,2
DA:855,7
DA:856,1
DA:858,1
DA:859,3
DA:860,4
DA:867,2
DA:868,6
DA:869,8
DA:870,2
DA:882,8
DA:883,2
DA:884,3
DA:885,1
DA:887,1
DA:889,1
DA:891,0
DA:895,8
DA:896,1
DA:897,0
DA:899,0
DA:900,0
DA:901,0
DA:902,0
DA:903,0
DA:908,1
DA:909,1
DA:912,2
DA:913,2
DA:915,1
DA:916,1
DA:917,4
DA:922,1
DA:924,1
DA:925,2
DA:926,0
DA:927,0
DA:931,0
DA:933,1
DA:934,1
DA:935,1
DA:946,1
DA:950,1
DA:951,1
DA:954,1
DA:955,1
DA:956,2
DA:975,8
DA:976,1
DA:977,0
DA:978,0
DA:979,1
DA:980,1
DA:981,4
DA:984,1
DA:985,2
DA:986,1
DA:989,2
DA:990,2
DA:992,1
DA:993,0
DA:994,0
DA:995,0
DA:1000,1
DA:1001,1
DA:1002,1
DA:1008,1
DA:1010,1
DA:1011,1
DA:1013,1
DA:1014,1
DA:1015,0
DA:1016,1
DA:1017,1
DA:1019,1
DA:1020,3
DA:1021,1
DA:1026,1
DA:1027,1
DA:1029,1
DA:1030,1
DA:1031,2
DA:1032,1
DA:1033,2
DA:1040,1
DA:1042,1
DA:1043,2
DA:1044,1
DA:1045,3
DA:1046,1
DA:1047,1
DA:1048,0
DA:1049,1
DA:1053,1
DA:1054,1
DA:1057,1
DA:1058,0
DA:1059,1
DA:1073,4
DA:1076,8
DA:1077,4
DA:1078,1
DA:1080,2
DA:1081,2
DA:1082,8
DA:1085,2
DA:1086,6
DA:1087,2
DA:1090,4
DA:1091,4
DA:1093,2
DA:1094,2
DA:1095,2
DA:1096,2
DA:1101,2
DA:1102,2
DA:1103,2
DA:1109,2
DA:1112,2
DA:1113,2
DA:1114,2
DA:1115,2
DA:1116,2
DA:1117,6
DA:1121,4
DA:1122,1
DA:1123,1
DA:1124,2
DA:1125,2
DA:1126,2
DA:1127,2
DA:1129,1
DA:1130,4
DA:1133,1
DA:1135,1
DA:1136,4
DA:1143,2
DA:1145,2
DA:1146,2
DA:1147,2
DA:1148,2
DA:1149,6
DA:1150,2
DA:1152,2
DA:1154,2
DA:1156,4
DA:1157,2
DA:1158,0
DA:1159,2
DA:1162,4
DA:1163,0
DA:1165,4
DA:1166,2
DA:1167,8
DA:1168,8
DA:1180,2
DA:1181,2
DA:1183,2
DA:1185,2
DA:1186,0
DA:1187,2
DA:1189,2
DA:1190,4
DA:1191,2
DA:1192,2
DA:1200,2
DA:1203,2
DA:1204,2
DA:1214,4
DA:1217,2
DA:1223,2
DA:1224,4
DA:1225,6
DA:1226,2
DA:1227,2
DA:1242,1
DA:1249,1
DA:1250,1
DA:1256,1
DA:1258,1
DA:1259,3
DA:1262,1
DA:1264,1
DA:1265,1
DA:1266,1
DA:1267,2
DA:1268,1
DA:1271,1
DA:1272,1
DA:1275,3
DA:1276,3
DA:1278,1
DA:1281,1
DA:1282,1
DA:1284,1
DA:1285,1
DA:1287,1
DA:1291,1
DA:1293,1
DA:1294,1
DA:1305,1
DA:1306,2
DA:1307,1
DA:1308,1
DA:1311,3
DA:1312,3
DA:1314,1
DA:1315,1
DA:1316,4
DA:1319,1
DA:1320,2
DA:1322,2
DA:1325,1
DA:1330,0
DA:1333,0
DA:1334,0
DA:1336,0
DA:1337,0
DA:1339,0
DA:1341,0
DA:1357,1
DA:1359,1
DA:1360,1
DA:1366,1
DA:1368,1
DA:1370,1
DA:1373,1
DA:1374,1
DA:1375,1
DA:1376,1
DA:1379,1
DA:1380,1
DA:1384,0
DA:1387,1
DA:1388,1
DA:1389,1
DA:1390,2
DA:1391,0
DA:1392,0
DA:1393,0
DA:1394,1
DA:1396,1
DA:1400,0
DA:1401,0
DA:1402,0
DA:1403,0
DA:1404,0
DA:1405,0
DA:1407,0
DA:1408,0
DA:1415,0
DA:1416,0
DA:1420,0
DA:1421,0
DA:1422,0
DA:1433,1
DA:1434,1
DA:1435,0
LF:599
LH:448
end_of_record
SF:lib/presentation/widgets/link_preview_card.dart
DA:18,3
DA:25,3
DA:28,6
DA:32,3
DA:33,0
DA:34,3
DA:35,6
DA:37,3
DA:38,3
DA:39,3
DA:40,3
DA:41,3
DA:42,3
DA:43,3
DA:44,3
DA:45,3
DA:49,3
DA:51,3
DA:53,7
DA:56,3
DA:58,3
DA:60,3
DA:62,3
DA:63,9
DA:65,3
DA:67,9
DA:69,3
DA:81,1
DA:82,1
DA:85,1
DA:86,1
DA:87,2
DA:89,1
DA:91,0
DA:92,0
DA:93,0
DA:94,0
DA:95,0
DA:101,0
DA:102,0
DA:112,3
DA:113,3
DA:114,3
DA:116,7
DA:117,1
DA:118,1
DA:119,1
DA:120,2
DA:123,0
DA:126,0
DA:131,3
DA:132,3
DA:135,6
DA:140,3
DA:141,3
DA:142,12
DA:143,3
DA:145,6
DA:156,3
DA:157,3
DA:158,6
DA:159,3
DA:162,3
DA:171,3
DA:172,3
DA:173,6
DA:174,3
DA:176,8
DA:185,0
DA:187,0
DA:188,0
DA:189,0
DA:191,0
DA:192,0
DA:193,0
DA:198,0
DA:199,0
DA:200,0
LF:78
LH:58
end_of_record
SF:lib/presentation/widgets/link_preview_loader.dart
DA:20,2
DA:27,2
DA:28,2
DA:42,2
DA:44,2
DA:45,2
DA:48,2
DA:49,4
DA:50,2
DA:52,2
DA:53,2
DA:54,2
DA:58,4
DA:59,3
DA:61,2
DA:62,2
DA:63,1
DA:64,1
DA:74,2
DA:75,4
DA:76,2
DA:77,2
DA:82,2
DA:85,4
DA:90,3
DA:94,1
DA:95,1
DA:96,2
DA:97,2
LF:29
LH:29
end_of_record
SF:lib/presentation/widgets/reaction_display.dart
DA:13,2
DA:21,2
DA:23,4
DA:26,1
DA:27,2
DA:28,5
DA:31,1
DA:32,1
DA:34,1
DA:36,1
DA:39,1
DA:40,3
DA:41,1
DA:42,1
DA:43,1
DA:44,5
DA:46,1
DA:47,3
DA:48,1
DA:50,1
DA:52,1
DA:53,1
DA:54,1
DA:56,2
DA:59,1
DA:61,1
DA:62,1
DA:63,1
DA:65,0
DA:66,0
DA:67,0
DA:70,0
DA:78,1
LF:33
LH:29
end_of_record
SF:lib/presentation/pages/chat/widgets/message_input.dart
DA:30,2
DA:40,2
DA:41,2
DA:49,2
DA:51,2
DA:52,8
DA:53,8
DA:56,2
DA:58,8
DA:59,8
DA:60,2
DA:63,2
DA:64,4
DA:67,2
DA:69,8
DA:70,0
DA:71,0
DA:76,0
DA:77,0
DA:79,0
DA:80,0
DA:82,0
DA:85,0
DA:86,0
DA:87,0
DA:92,0
DA:93,0
DA:94,0
DA:95,0
DA:96,0
DA:97,0
DA:98,0
DA:100,0
DA:102,0
DA:105,0
DA:106,0
DA:107,0
DA:108,0
DA:110,0
DA:111,0
DA:112,0
DA:114,0
DA:119,12
DA:121,2
DA:122,2
DA:123,6
DA:125,2
DA:126,0
DA:127,0
DA:134,0
DA:135,0
DA:136,0
DA:139,0
DA:141,0
DA:145,0
DA:148,0
DA:149,0
DA:150,0
DA:152,0
DA:153,0
DA:154,0
DA:155,0
DA:157,0
DA:159,0
DA:161,0
DA:162,0
DA:165,0
DA:166,0
DA:167,0
DA:168,0
DA:174,0
DA:175,0
DA:176,0
DA:178,0
DA:179,0
DA:180,0
DA:181,0
DA:183,0
DA:185,0
DA:187,0
DA:188,0
DA:191,0
DA:192,0
DA:193,0
DA:194,0
DA:199,0
DA:202,0
DA:203,0
DA:209,0
DA:211,0
DA:212,0
DA:213,0
DA:214,0
DA:216,0
DA:217,0
DA:220,0
DA:221,0
DA:222,0
DA:229,0
DA:230,0
DA:231,0
DA:232,0
DA:234,0
DA:235,0
DA:237,0
DA:246,2
DA:247,2
DA:248,2
DA:252,4
DA:253,2
DA:255,2
DA:257,2
DA:258,2
DA:259,2
DA:261,2
DA:262,2
DA:269,0
DA:270,0
DA:271,0
DA:274,2
DA:275,2
DA:277,2
DA:278,2
DA:285,0
DA:286,0
DA:287,0
DA:290,2
DA:291,2
DA:293,2
DA:294,2
DA:301,0
DA:302,0
DA:303,0
DA:314,0
DA:315,0
DA:317,0
DA:318,0
DA:319,0
DA:326,0
DA:327,0
DA:328,0
DA:329,0
DA:337,0
DA:338,0
DA:339,0
DA:341,0
DA:342,0
DA:343,0
DA:353,0
DA:355,0
DA:359,0
DA:361,0
DA:362,0
DA:363,0
DA:364,0
DA:370,0
DA:372,0
DA:373,0
DA:374,0
DA:381,0
DA:383,0
DA:387,0
DA:389,0
DA:390,0
DA:391,0
DA:392,0
DA:398,0
DA:400,0
DA:401,0
DA:402,0
DA:409,0
DA:411,0
DA:415,0
DA:416,0
DA:418,0
DA:422,0
DA:423,0
DA:424,0
DA:431,6
DA:433,2
DA:435,2
DA:436,2
DA:437,6
DA:438,6
DA:439,6
DA:440,2
DA:442,2
DA:443,1
DA:444,1
DA:445,2
DA:446,1
DA:447,1
DA:448,1
DA:454,1
DA:456,1
DA:458,1
DA:460,1
DA:467,1
DA:469,2
DA:479,2
DA:480,1
DA:481,1
DA:482,2
DA:483,1
DA:484,1
DA:485,1
DA:491,1
DA:493,1
DA:495,1
DA:497,1
DA:498,1
DA:500,1
DA:501,1
DA:502,1
DA:504,1
DA:505,1
DA:506,1
DA:508,1
DA:512,1
DA:513,1
DA:514,2
DA:515,1
DA:516,1
DA:525,1
DA:527,1
DA:528,1
DA:530,1
DA:531,1
DA:533,0
DA:540,2
DA:541,1
DA:544,1
DA:554,2
DA:555,1
DA:559,1
DA:560,1
DA:573,2
DA:574,2
DA:575,4
DA:576,2
DA:577,2
DA:578,2
DA:584,2
DA:586,2
DA:588,2
DA:590,4
DA:591,1
DA:593,1
DA:594,1
DA:595,1
DA:596,1
DA:597,2
DA:600,1
DA:601,1
DA:604,1
DA:605,1
DA:608,1
DA:609,1
DA:610,3
DA:617,1
DA:619,1
DA:620,4
DA:621,1
DA:623,2
DA:625,5
DA:626,1
DA:628,2
DA:630,4
DA:631,1
DA:633,2
DA:635,1
DA:636,1
DA:637,3
DA:638,1
DA:640,1
DA:651,1
DA:652,2
DA:661,2
DA:663,2
DA:665,2
DA:667,2
DA:668,0
DA:669,0
DA:670,0
DA:673,0
DA:675,0
DA:677,0
DA:678,0
DA:680,2
DA:681,2
DA:683,2
DA:685,2
DA:688,2
DA:689,2
DA:690,2
DA:692,2
DA:693,2
DA:694,2
DA:695,4
DA:696,4
DA:697,2
DA:699,2
DA:700,4
DA:703,2
DA:704,2
DA:705,2
DA:708,2
DA:709,2
DA:710,2
DA:711,2
DA:715,2
DA:716,2
DA:717,2
DA:730,2
DA:731,4
DA:732,0
DA:733,0
DA:734,0
DA:736,0
DA:742,2
DA:743,6
DA:745,2
DA:750,2
DA:751,2
DA:752,2
DA:753,4
DA:754,2
DA:755,2
DA:759,4
DA:761,2
DA:762,2
DA:776,2
DA:790,2
DA:791,0
DA:793,0
DA:794,0
DA:795,0
DA:796,0
DA:797,0
DA:799,0
DA:800,0
DA:802,0
DA:803,0
DA:810,0
DA:811,0
LF:345
LH:182
end_of_record
SF:lib/presentation/pages/image_editor/image_editor_page.dart
DA:17,1
DA:23,0
DA:25,0
DA:26,0
DA:27,0
DA:82,0
DA:113,0
DA:136,0
DA:138,0
DA:141,0
DA:142,0
DA:144,0
DA:145,0
DA:146,0
DA:147,0
DA:149,0
DA:150,0
DA:155,0
DA:159,0
DA:161,0
DA:162,0
DA:163,0
LF:22
LH:1
end_of_record
SF:lib/presentation/pages/chat/widgets/message_list.dart
DA:14,1
DA:19,1
DA:21,1
DA:22,1
DA:23,2
DA:27,2
DA:28,1
DA:29,1
DA:31,1
DA:32,1
DA:35,2
DA:38,1
DA:40,4
DA:41,1
DA:45,1
DA:47,4
DA:48,2
DA:56,1
DA:57,1
DA:58,1
DA:59,1
DA:60,1
DA:64,2
DA:65,1
DA:66,2
DA:67,3
DA:69,4
DA:70,1
DA:71,1
DA:72,4
DA:75,1
DA:76,1
DA:77,2
DA:78,1
DA:85,1
DA:86,0
DA:88,0
DA:90,0
DA:91,0
DA:92,0
DA:93,0
LF:41
LH:35
end_of_record
SF:lib/presentation/pages/chat/widgets/scroll_to_bottom_fab.dart
DA:11,1
DA:18,1
DA:20,1
DA:21,1
DA:24,1
DA:25,1
DA:27,1
DA:29,1
DA:30,1
DA:33,2
DA:34,1
DA:35,1
DA:37,1
DA:40,1
DA:42,1
DA:43,1
DA:55,2
DA:56,0
DA:59,0
DA:61,0
DA:63,0
DA:66,0
DA:67,0
LF:23
LH:17
end_of_record
SF:lib/presentation/pages/profile/handlers/image_cropper_handler.dart
DA:7,1
DA:9,1
DA:10,1
DA:14,0
DA:21,0
DA:28,1
DA:30,1
DA:31,1
DA:35,0
DA:42,0
DA:49,1
DA:54,1
LF:12
LH:8
end_of_record
SF:lib/presentation/pages/profile/handlers/profile_submit_handler.dart
DA:5,1
DA:6,2
DA:9,3
DA:12,3
DA:19,0
DA:20,0
DA:23,0
DA:30,1
DA:36,2
DA:37,2
DA:41,1
DA:42,2
DA:43,1
DA:44,1
DA:45,1
DA:48,1
DA:52,2
DA:59,1
DA:60,2
DA:61,1
DA:62,1
DA:63,1
DA:66,2
DA:70,2
DA:77,0
DA:82,0
DA:83,0
DA:84,0
LF:28
LH:21
end_of_record
SF:lib/presentation/pages/profile/profile_history_page.dart
DA:21,2
DA:29,2
DA:30,2
DA:37,2
DA:39,2
DA:40,6
DA:41,6
DA:44,6
DA:45,6
DA:46,2
DA:47,4
DA:48,4
DA:54,2
DA:56,4
DA:57,2
DA:60,2
DA:62,2
DA:63,1
DA:64,2
DA:65,0
DA:66,0
DA:68,2
DA:69,0
DA:70,0
DA:71,0
DA:77,2
DA:79,12
DA:83,4
DA:92,6
DA:95,12
DA:98,2
DA:99,2
DA:101,2
DA:104,2
DA:106,0
DA:109,2
DA:110,2
DA:112,2
DA:113,2
DA:114,2
DA:119,2
DA:120,4
DA:126,6
DA:128,2
DA:129,0
DA:131,2
DA:132,2
DA:135,2
DA:148,3
DA:149,0
DA:150,0
DA:151,0
DA:152,0
DA:157,1
DA:160,1
DA:163,1
DA:165,0
DA:167,1
DA:168,1
DA:173,1
DA:175,1
DA:177,1
DA:178,1
DA:179,1
DA:181,2
DA:183,1
DA:184,1
DA:185,1
DA:188,0
DA:189,0
DA:191,1
DA:192,1
DA:193,1
DA:195,2
DA:199,2
DA:203,1
DA:205,0
DA:212,1
DA:216,1
DA:217,1
DA:219,1
DA:220,1
DA:221,2
DA:223,1
DA:226,2
DA:227,1
DA:228,1
DA:229,1
DA:236,3
DA:237,1
DA:240,1
DA:241,1
DA:242,1
DA:243,1
DA:245,1
DA:247,1
DA:248,1
DA:249,0
DA:279,0
DA:280,0
DA:283,0
DA:285,0
DA:286,0
DA:287,0
DA:288,0
DA:289,0
DA:290,0
DA:294,0
DA:295,0
DA:296,0
DA:297,0
DA:298,0
DA:299,0
DA:303,0
DA:304,0
DA:305,0
DA:306,0
DA:307,0
DA:315,2
DA:316,4
DA:317,2
DA:319,2
DA:321,2
DA:326,2
DA:327,4
DA:328,2
DA:330,2
DA:332,2
DA:338,2
DA:339,4
DA:340,2
DA:342,2
DA:344,2
DA:350,0
DA:351,0
DA:352,0
DA:353,0
DA:354,0
DA:355,0
DA:356,0
DA:358,0
DA:369,1
DA:374,1
DA:376,1
DA:377,1
DA:378,1
DA:379,3
DA:380,1
DA:381,3
DA:389,1
DA:391,1
DA:392,1
DA:400,1
DA:402,1
DA:403,3
DA:406,1
DA:408,3
DA:409,2
DA:410,1
DA:413,0
DA:414,0
DA:415,0
DA:416,0
DA:417,0
DA:421,0
DA:422,0
DA:423,0
DA:425,0
DA:429,1
DA:431,5
DA:432,0
DA:444,1
DA:445,1
DA:446,1
DA:447,1
DA:451,1
DA:452,1
DA:453,1
DA:454,2
DA:456,1
DA:458,0
DA:459,0
DA:460,0
DA:461,0
DA:462,0
DA:468,1
DA:485,1
DA:487,1
DA:489,1
DA:500,1
DA:501,1
DA:503,1
DA:504,1
DA:522,1
DA:524,1
DA:526,1
DA:527,1
DA:529,1
DA:530,3
DA:531,1
DA:532,1
DA:539,1
DA:541,1
DA:542,2
DA:543,1
DA:548,2
DA:549,1
DA:560,1
DA:561,4
DA:570,1
DA:576,1
DA:578,1
DA:581,1
DA:582,2
DA:583,1
DA:585,1
DA:587,1
DA:588,3
DA:590,1
DA:591,1
DA:592,1
DA:593,1
DA:608,1
DA:613,1
DA:615,1
DA:617,3
DA:618,2
DA:619,1
DA:624,1
DA:626,1
LF:230
LH:171
end_of_record
SF:lib/presentation/pages/profile/widgets/background_image_section.dart
DA:12,1
DA:21,1
DA:23,1
DA:27,1
DA:29,1
DA:30,1
DA:31,1
DA:32,1
DA:33,1
DA:34,1
DA:38,1
DA:39,1
DA:40,1
DA:41,2
DA:44,1
DA:46,1
DA:47,2
DA:50,1
DA:59,1
DA:60,1
DA:61,0
DA:62,0
DA:67,3
DA:68,1
DA:69,1
DA:71,0
DA:78,1
DA:79,1
DA:80,1
DA:83,1
DA:95,1
DA:101,1
DA:103,1
DA:104,2
DA:105,1
DA:106,1
DA:107,1
DA:108,1
DA:114,1
DA:116,1
DA:117,1
DA:118,1
DA:119,1
DA:121,1
DA:122,1
DA:123,1
DA:125,1
DA:128,1
LF:48
LH:45
end_of_record
SF:lib/presentation/pages/profile/widgets/profile_form_fields.dart
DA:10,1
DA:17,1
DA:19,1
DA:21,1
DA:23,1
DA:27,1
DA:28,1
DA:29,1
DA:31,1
DA:32,1
DA:59,1
DA:63,1
DA:64,1
DA:65,1
DA:67,1
DA:68,1
DA:87,1
DA:89,1
DA:90,4
DA:91,0
DA:92,1
DA:93,1
DA:95,1
DA:96,4
DA:97,1
DA:100,4
DA:101,0
DA:102,1
DA:111,1
DA:113,1
DA:116,1
DA:122,1
DA:126,1
DA:132,1
DA:139,1
DA:141,1
DA:142,2
DA:143,1
DA:144,1
DA:145,1
DA:146,1
DA:152,1
DA:154,1
DA:155,1
DA:156,1
DA:157,1
DA:159,1
DA:160,1
DA:161,1
DA:163,1
DA:166,1
DA:175,1
DA:179,1
DA:181,1
DA:182,1
DA:183,1
DA:184,1
DA:185,1
DA:196,1
DA:202,1
DA:204,1
DA:205,1
DA:206,1
DA:207,2
DA:209,1
DA:210,1
DA:211,1
DA:213,1
DA:214,1
DA:215,1
DA:217,2
DA:220,1
DA:221,1
DA:223,1
DA:224,1
DA:226,1
DA:229,1
DA:233,1
DA:235,1
DA:237,1
DA:243,1
DA:245,1
DA:246,1
DA:247,1
DA:249,1
DA:251,1
DA:252,2
DA:254,1
DA:256,1
DA:258,1
LF:90
LH:88
end_of_record
SF:lib/presentation/pages/profile/widgets/profile_image_section.dart
DA:12,1
DA:21,1
DA:23,1
DA:26,1
DA:27,1
DA:29,1
DA:30,1
DA:32,1
DA:33,2
DA:34,1
DA:35,1
DA:37,1
DA:38,1
DA:40,1
DA:44,1
DA:45,1
DA:46,1
DA:52,1
DA:55,1
DA:56,0
DA:57,1
DA:58,2
DA:60,2
DA:61,1
DA:62,2
DA:63,3
DA:75,1
DA:76,0
DA:77,0
DA:78,0
DA:79,0
DA:91,1
DA:94,1
DA:96,1
DA:97,1
DA:99,1
DA:100,1
DA:101,1
DA:102,1
DA:120,1
DA:121,2
DA:124,1
LF:42
LH:37
end_of_record
SF:lib/core/theme/app_theme.dart
DA:5,0
DA:7,1
DA:8,1
DA:26,1
DA:29,1
DA:30,1
DA:33,1
DA:34,1
DA:38,1
DA:39,1
DA:43,1
DA:44,1
DA:47,1
DA:48,1
DA:53,1
DA:54,1
DA:58,1
DA:61,1
DA:62,1
DA:65,1
DA:66,1
DA:69,1
DA:70,1
DA:73,1
DA:74,1
DA:89,1
DA:90,1
DA:107,1
DA:110,1
DA:111,1
DA:114,1
DA:115,1
DA:119,1
DA:120,1
DA:124,1
DA:125,1
DA:128,1
DA:129,1
DA:134,1
DA:135,1
DA:139,1
DA:142,1
DA:143,1
DA:146,1
DA:147,1
DA:150,1
DA:151,1
DA:154,1
DA:155,1
LF:49
LH:48
end_of_record
